The rational points on X_0(133) besides the cusp at <0, Infinity> are:
[ <0, -Infinity>, <0, -1>, <0, 1>, <1, -1>, <1, 1>, <3/5, -83/125>, <3/5, 
83/125> ]
Q(j) is a multi-quadratic extension obtained by taking square roots of 
[
[
[ 2, 69 ]
],
[
[]
],
[
[]
],
[
[]
],
[
[ 13 ]
],
[
[ -3651, -31 ]
],
[
[]
]
] 
The j-invariants are roots of: 
[
[
<t^4 + 63134382378037455529061530548177873086688000*t^3 + 
142414591869320939370159651761754612486144590438400*t^2 + 
51177986702172486588862252312926505198812547537305600000*t - 
23195721326290492042376868505662615308838838059663360000, 1>
],
[
<t + 884736, 4>
],
[
<t + 12288000, 4>
],
[
<t - 54000, 4>
],
[
<t^2 + 10359073013760*t - 3845689020776448, 2>
],
[
<t^4 - 449074594599379579514311742198063809261281227328995298388189998304969020\
67059754421348963143385088/9183549615799121156005754197048794357958324662281933\
76178712270530013483949005603790283203125*t^3 + 
1637691769396608116486191316091073904603564517924850817658900023953817644623143\
2939574097553762394423880803351003136/17516230804060213386546619791123951641003\
274273456447146963353548622388533573257518582977354526519775390625*t^2 - 
6008225040010487676636083364009030848455311202191916603347547500395019238278288\
965801969542080749277220851099111065829507072/136845553156720417082395467118155\
8721953380802613784933356511995986124104185410743639295105822384357452392578125\
*t + 41063110145598086099505563777915650645274268534840959059734012817462445004\
745437011948327958471312503689675953956954437809340416/684227765783602085411977\
3355907793609766904013068924666782559979930620520927053718196475529111921787261\
962890625, 1>
],
[
<t, 4>
]
] 
Do the Q-curves have CM or not? 
[
[ false ],
[ true ],
[ true ],
[ true ],
[ true ],
[ false ],
[ true ]
] 
If yes, the discriminant of the CM order (listed as 0 if no CM): 
[
[ 0 ],
[ -19 ],
[ -27 ],
[ -12 ],
[ -91 ],
[ 0 ],
[ -3 ]
] 
##############################################################
The rational points on X_0(134) besides the cusp at <0, Infinity> are:
[ <0, -Infinity>, <-1, -3>, <-1, 3>, <0, -1>, <0, 1>, <1, -1>, <1, 1>, <-1/2, 
-7/8>, <-1/2, 7/8> ]
Q(j) is a multi-quadratic extension obtained by taking square roots of 
[
[
[ 13 ]
],
[
[ 29 ]
],
[
[]
],
[
[],
[]
],
[
[ 5 ]
],
[
[],
[]
],
[
[]
],
[
[ 6 ]
],
[
[ 113, -1271 ]
]
] 
The j-invariants are roots of: 
[
[
<t^2 - 6896880000*t - 567663552000000, 2>
],
[
<t^2 - 604729957849891344000*t + 14871070713157137145512000000000, 2>
],
[
<t + 3375, 4>
],
[
<t - 54000, 2>,
<t, 2>
],
[
<t^2 - 1264000*t - 681472000, 2>
],
[
<t - 16581375, 2>,
<t + 3375, 2>
],
[
<t - 8000, 4>
],
[
<t^2 - 377674768000*t + 232381513792000000, 2>
],
[
<t^4 - 5258486261956413706258441030228200062852834625/2177807148294006166165597\
4875633165533184*t^3 + 14348176546400170879453684379889485872304151509508065041\
7152752992390625/3213876088517980551083924184682325205044405987565585670602752*\
t^2 - 1642366066776533016132455591185197011462671798658488955605712237688867187\
5/12855504354071922204335696738729300820177623950262342682411008*t + 
9428662898671283810673748555316850676014403194682528615249579775457275390625/25\
711008708143844408671393477458601640355247900524685364822016, 1>
]
] 
Do the Q-curves have CM or not? 
[
[ true ],
[ true ],
[ true ],
[ true, true ],
[ true ],
[ true, true ],
[ true ],
[ true ],
[ false ]
] 
If yes, the discriminant of the CM order (listed as 0 if no CM): 
[
[ -52 ],
[ -232 ],
[ -7 ],
[ -12, -3 ],
[ -20 ],
[ -28, -7 ],
[ -8 ],
[ -72 ],
[ 0 ]
] 
##############################################################
The rational points on X_0(146) besides the cusp at <0, Infinity> are:
[ <0, -Infinity>, <-1, -1>, <-1, 1>, <0, -1>, <0, 1>, <1, -3>, <1, 3>, <2, -5>, 
<2, 5> ]
Q(j) is a multi-quadratic extension obtained by taking square roots of 
[
[
[],
[]
],
[
[ 37 ]
],
[
[ 3 ]
],
[
[ 2 ]
],
[
[],
[]
],
[
[ 6 ]
],
[
[]
],
[
[]
],
[
[ 5 ]
]
] 
The j-invariants are roots of: 
[
[
<t - 54000, 2>,
<t, 2>
],
[
<t^2 - 39660183801072000*t - 7898242515936467904000000, 2>
],
[
<t^2 - 153542016*t - 1790957481984, 2>
],
[
<t^2 - 4834944*t + 14670139392, 2>
],
[
<t - 287496, 2>,
<t - 1728, 2>
],
[
<t^2 - 377674768000*t + 232381513792000000, 2>
],
[
<t - 8000, 4>
],
[
<t - 1728, 4>
],
[
<t^2 - 44031499226496*t - 292143758886942437376, 2>
]
] 
Do the Q-curves have CM or not? 
[
[ true, true ],
[ true ],
[ true ],
[ true ],
[ true, true ],
[ true ],
[ true ],
[ true ],
[ true ]
] 
If yes, the discriminant of the CM order (listed as 0 if no CM): 
[
[ -12, -3 ],
[ -148 ],
[ -36 ],
[ -24 ],
[ -16, -4 ],
[ -72 ],
[ -8 ],
[ -4 ],
[ -100 ]
] 
##############################################################
The rational points on X_0(166) besides the cusp at <0, Infinity> are:
[ <0, -Infinity>, <0, -1>, <0, 1>, <1, -2>, <1, 2>, <-3, -10>, <-3, 10>, <-1/3, 
-10/27>, <-1/3, 10/27> ]
Q(j) is a multi-quadratic extension obtained by taking square roots of 
[
[
[]
],
[
[ 5 ]
],
[
[ 13 ]
],
[
[ 2 ]
],
[
[ 2 ]
],
[
[ 101, 2462 ]
],
[
[ 29 ]
],
[
[ 545254, -7523 ]
],
[
[ 6 ]
]
] 
The j-invariants are roots of: 
[
[
<t - 8000, 4>
],
[
<t^2 - 1264000*t - 681472000, 2>
],
[
<t^2 - 6896880000*t - 567663552000000, 2>
],
[
<t^2 - 4834944*t + 14670139392, 2>
],
[
<t^2 - 6294842640000*t + 15798135578688000000, 2>
],
[
<t^4 - 201732042517824057815445061600809157300015907719068116000000*t^3 - 
9060712047619012860936499958146725950252798088437527364968470801495798036022494\
7840000000*t^2 + 23896654425680053866495915355596457054709454100196309217754441\
33073724136516430607458170880000000000*t + 
3863114210957783495863676823415225253866581607385115565636508444089721381263423\
94556469743616000000000000, 1>
],
[
<t^2 - 604729957849891344000*t + 14871070713157137145512000000000, 2>
],
[
<t^4 + 463635072708360757946015864434537746027381063925330709741587903546334554\
118234392022240000/159267910885197860030641485906798814189313795264813961211125\
48658575277686941529*t^3 + 1413497788948746341233826217931261746378522227813812\
2232596033861869853512301030531077576736383970772418640004756076903529306494284\
928000000/635612493722655385299221704570925025670868087830494458123478849702954\
15011324387718793675882080296992140679259510242083*t^2 + 
3211810753361806749390894358962046110694092628672778008968708479209559230087394\
459979573470941574416444808164808313104257526277349058560000000000/572051244350\
3898467692995341138325231037812790474450123111309647326587351019194894691430829\
38722672929266113335592178747*t + 568372989122319622495580702652272631363247408\
1995311280414389030115956420883272769743733618356853020853392423343668806885904\
267603274829824000000000000/171615373305116954030789860234149756931134383714233\
5036933392894197976205305758468407429248816168018787798340006776536241, 1>
],
[
<t^2 - 377674768000*t + 232381513792000000, 2>
]
] 
Do the Q-curves have CM or not? 
[
[ true ],
[ true ],
[ true ],
[ true ],
[ true ],
[ false ],
[ true ],
[ false ],
[ true ]
] 
If yes, the discriminant of the CM order (listed as 0 if no CM): 
[
[ -8 ],
[ -20 ],
[ -52 ],
[ -24 ],
[ -88 ],
[ 0 ],
[ -232 ],
[ 0 ],
[ -72 ]
] 
##############################################################
The rational points on X_0(177) besides the cusp at <0, Infinity> are:
[ <0, -Infinity>, <0, -1>, <0, 1>, <3/2, -17/8>, <3/2, 17/8> ]
Q(j) is a multi-quadratic extension obtained by taking square roots of 
[
[
[]
],
[
[]
],
[
[ 2 ]
],
[
[ -23, 2881 ]
],
[
[ 89 ]
]
] 
The j-invariants are roots of: 
[
[
<t + 32768, 4>
],
[
<t - 8000, 4>
],
[
<t^2 - 4834944*t + 14670139392, 2>
],
[
<t^4 - 51580257676240170408819610168851814270084427121503718866875/191561942608\
236107294793378393788647952342390272950272*t^3 + 
6521952460719100725328732500976844417662124117736749380193736736360416508374140\
625/110427941548649020598956093796432407239217743554726184882600387580788736*t^\
2 - 238231573551688680129333556186664801349204075100804313263434112827626204216\
0224609375/88342353238919216479164875037145925791374194843780947906080310064630\
9888*t + 8841249936436585309751054286778446997087611242735739011057885047487288\
5653690879150390625/17668470647783843295832975007429185158274838968756189581216\
06201292619776, 1>
],
[
<t^2 + 19683091854079488000000*t + 531429662672621376897024000000, 2>
]
] 
Do the Q-curves have CM or not? 
[
[ true ],
[ true ],
[ true ],
[ false ],
[ true ]
] 
If yes, the discriminant of the CM order (listed as 0 if no CM): 
[
[ -11 ],
[ -8 ],
[ -24 ],
[ 0 ],
[ -267 ]
] 
##############################################################
The rational points on X_0(205) besides the cusp at <0, Infinity> are:
[ <0, -Infinity>, <0, -1>, <0, 1>, <-2, -7>, <-2, 7> ]
Q(j) is a multi-quadratic extension obtained by taking square roots of 
[
[
[ 5 ]
],
[
[ 5 ]
],
[
[]
],
[
[ 5, 41 ]
],
[
[]
]
] 
The j-invariants are roots of: 
[
[
<t^2 + 427864611225600*t + 130231327260672000, 2>
],
[
<t^2 - 425692800*t + 9103145472000, 2>
],
[
<t - 287496, 4>
],
[
<t^4 + 4835907878329132222450395857259654466718969836339200*t^3 + 
105161502065491843193116493512870644772977750388041962225664000*t^2 + 
2539970793779946148723473087883821948343643667859030533390886502400000*t - 
4009811510734177961140258455491639109235283276327883374802990268416000000, 1>
],
[
<t - 1728, 4>
]
] 
Do the Q-curves have CM or not? 
[
[ true ],
[ true ],
[ true ],
[ true ],
[ true ]
] 
If yes, the discriminant of the CM order (listed as 0 if no CM): 
[
[ -115 ],
[ -40 ],
[ -16 ],
[ -1435 ],
[ -4 ]
] 
##############################################################
The rational points on X_0(206) besides the cusp at <0, Infinity> are:
[ <0, -Infinity>, <-1, -1>, <-1, 1>, <0, -1>, <0, 1>, <1/2, -19/8>, <1/2, 19/8> 
]
Q(j) is a multi-quadratic extension obtained by taking square roots of 
[
[
[ 2 ]
],
[
[ 2 ]
],
[
[],
[]
],
[
[ 5 ]
],
[
[ 5 ]
],
[
[ -27119, 193 ]
],
[
[ 37 ]
]
] 
The j-invariants are roots of: 
[
[
<t^2 - 4834944*t + 14670139392, 2>
],
[
<t^2 - 6294842640000*t + 15798135578688000000, 2>
],
[
<t - 54000, 2>,
<t, 2>
],
[
<t^2 - 1264000*t - 681472000, 2>
],
[
<t^2 - 425692800*t + 9103145472000, 2>
],
[
<t^4 - 2182370366076428669656427987785724779496315045973810949538399643338625/1\
02844034832575377634685573909834406561420991602098741459288064*t^3 + 
4826569268538763737899913757425116927274674828543883524624311998077267567221899\
300113719884422306970345890625/104296241988325687616944419246560161845835181755\
6959360325703910069443225478828393565899456512*t^2 + 
2141055667023045418843221799285894766928636150026749222004271276138104155051603\
28865131430447431530102058548828125/4171849679533027504677776769862406473833407\
270227837441302815640277772901915313574263597826048*t + 
2289441060258144515289075767352091192255737512067066654671518920755448298194825\
271182721955621020042334474551025390625/834369935906605500935555353972481294766\
6814540455674882605631280555545803830627148527195652096, 1>
],
[
<t^2 - 39660183801072000*t - 7898242515936467904000000, 2>
]
] 
Do the Q-curves have CM or not? 
[
[ true ],
[ true ],
[ true, true ],
[ true ],
[ true ],
[ false ],
[ true ]
] 
If yes, the discriminant of the CM order (listed as 0 if no CM): 
[
[ -24 ],
[ -88 ],
[ -12, -3 ],
[ -20 ],
[ -40 ],
[ 0 ],
[ -148 ]
] 
##############################################################
The rational points on X_0(213) besides the cusp at <0, Infinity> are:
[ <0, -Infinity>, <1, -1>, <1, 1> ]
Q(j) is a multi-quadratic extension obtained by taking square roots of 
[
[
[ 17 ]
],
[
[]
],
[
[ 41 ]
]
] 
The j-invariants are roots of: 
[
[
<t^2 + 5541101568*t + 6262062317568, 2>
],
[
<t + 32768, 4>
],
[
<t^2 + 1354146840576000*t + 148809594175488000000, 2>
]
] 
Do the Q-curves have CM or not? 
[
[ true ],
[ true ],
[ true ]
] 
If yes, the discriminant of the CM order (listed as 0 if no CM): 
[
[ -51 ],
[ -11 ],
[ -123 ]
] 
##############################################################
The rational points on X_0(221) besides the cusp at <0, Infinity> are:
[ <0, -Infinity>, <0, -1>, <0, 1>, <1/2, -9/8>, <1/2, 9/8> ]
Q(j) is a multi-quadratic extension obtained by taking square roots of 
[
[
[]
],
[
[ 17 ]
],
[
[]
],
[
[]
],
[
[ 1081, -779263 ]
]
] 
The j-invariants are roots of: 
[
[
<t - 287496, 4>
],
[
<t^2 + 5541101568*t + 6262062317568, 2>
],
[
<t + 884736000, 4>
],
[
<t - 1728, 4>
],
[
<t^4 + 491101757765887166289363184158280137756879903940415136925737523262445199\
12612281102206625/3369993333393829974333376885877453834204643052817571560137951\
281152*t^3 + 238814264343087658994851601937477584487525635718630344893980326267\
03429911958810856443339342208146663256260442140625/4417117661945960823958243751\
85729628956870974218904739530401550323154944*t^2 - 
8577557708991745520092206819974609190402557640990011924405591465470936986629008\
674208384161649406889348529620950141349609375/361850278866613110698659328152149\
7120414687020801267626233049500247285301248*t + 
2724261013523943464306641352132494684912032651294314173516819148139305089383894\
06754945267307611057511822720045785040363525390625/7237005577332262213973186563\
042994240829374041602535252466099000494570602496, 1>
]
] 
Do the Q-curves have CM or not? 
[
[ true ],
[ true ],
[ true ],
[ true ],
[ false ]
] 
If yes, the discriminant of the CM order (listed as 0 if no CM): 
[
[ -16 ],
[ -51 ],
[ -43 ],
[ -4 ],
[ 0 ]
] 
##############################################################
The rational points on X_0(255) besides the cusp at <0, Infinity> are:
[ <0, -Infinity>, <-1, -2>, <-1, 2>, <0, -1>, <0, 1>, <-2, -5>, <-2, 5>, <1/2, 
-5/8>, <1/2, 5/8>, <3/5, -38/125>, <3/5, 38/125> ]
Q(j) is a multi-quadratic extension obtained by taking square roots of 
[
[
[ 5, 53 ]
],
[
[ 5 ]
],
[
[ 3, 5 ]
],
[
[ 5 ]
],
[
[ 17 ]
],
[
[ 13, 5, 17 ]
],
[
[ 2, 5 ]
],
[
[ 13, 5 ]
],
[
[ -15, -87, -3783 ]
],
[
[ -6931, 19, 1330349 ]
],
[
[ 5 ]
]
] 
The j-invariants are roots of: 
[
[
<t^4 + 294853904675299611949375562546552832000*t^3 + 
1962512368737475150054890329369747830206508302336000*t^2 + 
96989374802114211792220362019627433906928110027145216000000*t + 
1580866394929445594613317271657673734190830966521462784000000, 2>
],
[
<t^2 + 191025*t - 121287375, 4>
],
[
<t^4 - 1370337635584848362400*t^3 + 15510636623637225985530243375*t^2 - 
3213137488352330508627918491550000*t + 51848746810441819437662737568196890625, 
2>
],
[
<t^2 + 117964800*t - 134217728000, 4>
],
[
<t^2 + 5541101568*t + 6262062317568, 4>
],
[
<t^8 + 359238601282455020500557086671330999831758847858308749289127521030326061\
9571200*t^7 + 55018742800705881326149002746565004561118681086294674193741717711\
4433103677712309469300241851857502208000*t^6 + 
2828702418822930996843294479449790080429812426435197241123477933288815261779253\
574240513467420299273711169815393075200000*t^5 + 
3716918372442936184065162790663640807912859650656682372305084807004605114768816\
135612961002855130331687970363910425411584000000*t^4 + 
6783125557661108423194175565324626093321917849780149427728744128890607230733326\
91522655881270813694286897020487000113178214400000000*t^3 + 
2096110674000470582253352668807272051832589369221839155853515408610827890852516\
8787837630348597218632395943744306188088793628672000000000*t^2 - 
3314752594979643830846288751206958128679296005625719599858564478748667029633431\
3407590040524740121507605621097589637032194762342400000000000*t + 
3601802626117445535276730832145429563648913809759207253585220996497133501662497\
744409688165581458343830432977755962821420574048256000000000000, 1>
],
[
<t^4 - 883067971104000*t^3 + 26329406807264910336000*t^2 - 
2588458316335175909376000000*t + 4934510722321469030006784000000, 2>
],
[
<t^4 + 11284411506057216000*t^3 + 25349140792043819237376000*t^2 + 
104773100319600336175104000000*t - 233490285492432753672585216000000, 2>
],
[
<t^8 - 537587475536224252387383312321641888359138216379465821925468805563955156\
22347187813738275/5789604461865809771178549250434395392663499233282028201972879\
2003956564819968*t^7 + 83098083234321525498938894161432273304225371102143270003\
1832667809774147673336276807316377995922753553481120793715867468688625/22397447\
4217780421055744228056844427812164549723464953489998910096379187118016094538087\
7493271607115776*t^6 + 46898661706974239239873595200004165318050238495932927642\
8098954186088267262393546253669342756669929240388366515374271373067407439722034\
01989928125/5043456793138493339171717132818382567050206626619577173497381555743\
452386751642958261026080625269202023248382759272448*t^5 + 
2188681856504131288011159301033663558278297088826562698741023621311686317268724\
715472256289162559945705520363462079281140735107226103134891991861275503453125/\
6610559687902485989519153080327710398284046829642812192846487952744057912363113\
45825189210439715284847591212025023358304256*t^4 + 
5960504002690939184253855474593126668694194863339415040054015267681999165875620\
1290236581401359690093284274363907583386600098993045215212064018311292858607418\
6328125/21661481985318866090456360813617841433097164651373566993519371723551728\
967231450179999800047688590453885868835635965404913860608*t^3 + 
1051760342251398250573246124750968272831134873754535474561420219309674246348499\
6543562172233969845746535825443542238827690461333506701529103744804826177770884\
0801814453125/69316742353020371489460354603577092585910926884395414379261989515\
3655326951406405759993601526034894524347802740350892957243539456*t^2 - 
1759663423835272596653639033453628487736377830333146294227986975939607533434520\
1608067233710766688849505124817564814044072221474152346963638373465246157766345\
63780141162109375/5545339388241629719156828368286167406872874150751633150340959\
161229242615611251246079948812208279156194782421922807143657948315648*t + 
3605274754366717161943363709911845255386594091549080386797201222745070467782729\
2119217784488579353760216914324009904989231576142896085113122497887312525087889\
75340105254150390625/1109067877648325943831365673657233481374574830150326630068\
1918322458485231222502492159897624416558312389564843845614287315896631296, 1>
],
[
<t^8 + 306419155514593927925895766043106351450268288163366026586785411051990529\
3411954167482958778266226132303080795899482402751958391367937611283738732774340\
20276869994876524934882985009374686059807512968/1727233711018888925077270372560\
0799142232000728872562770047406940337183606324854115943015006944576453121094587\
892299327193990197893663893387306007554116149549372494220733642578125*t^7 + 
4559640820892166956519983217761771174040348698016553340066998563083882734804246\
9997512656990581860435055635732232087799944639423619288394328353694457432998855\
9608945041381102898468701814099834861462916636022605640814450988516918000102217\
639175410410266028171970303090882052526/446479449719638664928040448556773812285\
9023417276557270371585325107939984010696076857218835391296990817121306067867297\
7821114896964215576215861027086329736014277891303753330508142806238396563522094\
83147763791066608973778784275054931640625*t^6 + 
8544317545831518531556053367784994606525804001636015362810529094812403860408327\
7068761404994695361483931489795079694880693466564121049171482781489825747731154\
1808686044635053139668968612204922599112993351592585935356946926163172103134434\
7765258703515385984628862439988889990854354157848826553710011493183548622519060\
48/1982767060402850955682831684242612145955952226328980923129734625968341170226\
0152140096933039498314736169254617638678873801578682362840833615474268419345154\
5190524726541851177100207720364706547409449439623498493050889281032324043204956\
9925698762062893365509808063507080078125*t^5 + 
6933884818368328569936276706055325742269788513530067326716935498894999133087775\
5395216493019760592022642945433345331048245278310564175696209039162547975295572\
0224769360837361032005203165409316268826438688058455723775506752124815273603525\
4503358949733528977451236662630877160260473586640237747970670338679711259479490\
83985097209703107331/1512731216738014950319543216127481190457116871894058931831\
1573989626626359756585800244852477644588269172099775420134638825667329683563868\
4200090548853646503593845158799630109481970001498952138831672240923689646187507\
0808657257409705787602004060411753361137243700795806944370269775390625*t^4 - 
9340842581884578991380184380380041492135745822508945910874372321638502494203937\
0838736284147176303665462658326661957459686599427716893345737903962252302166089\
3180998778672754710725383945693622924788990644777852014549341052862895595628509\
9589806497906806485528588919653091505498012313269705533942355251640767173408195\
10929439121038071726769764563342592/4616489308892867890379465381248416718924306\
8600282560175511395232014850951405596314223792961561853848791808396667891353838\
0960988878291882934846645671528636455826290282074308721832279965063900243140383\
6782520940780855739310477934893150640881532018290286673717348620016309723723679\
7809600830078125*t^3 + 45289078600615885400470681371286374046858377393100537658\
8415900921005426039512321662963592075204086729115360283630304829013672236411590\
7822025700866135643059651268818895916525256880582753237001163918133145751837997\
8716014477696690196404464232105893399909967109513389820786616965496371998194778\
793187459567159598965490215783350437463601848348775177551202863406/144265290902\
9021215743582931640130224663845893758830005484731101000464092231424884819493530\
0488079327747440123958716048074405030902446621341713957677235269889244571571314\
8221475572587489082468825981369899453779399401741853452435465410957527547875571\
571458553667144375509678866364993155002593994140625*t^2 - 
3784263155534625831481611025494468637890326222550723051013871747368762313918710\
7498090641973981926152873022313866166754998728562585403155640937318593994236536\
8162436421075931681992950937648053564803755035492721311278304899677350570762238\
2040453253333123168664438294602468173786970827678267224205807379843631172982701\
2301492186922307487494943711260434943732802104952/18033161362862765196794786645\
5016278082980736719853750685591387625058011528928110602436691256100991596843001\
5494839506009300628862805827667714244709654408736155571446414352768444657343613\
5308603247671237431722424925217731681554433176369690943484446446432319208393046\
938709858295624144375324249267578125*t + 
5384898874130976394245715097987412386785989593687700823651640368812770986407428\
9372374689442658023886725281927827666784983205434577205245607044327025433031833\
4640907113569918365044344117566565467132045544417489100210229465674774497163518\
0062313135051065048470877002077281216807099799502545953631433143442125217060874\
66970929425831349788602848503465504906766661729068161/9016580681431382598397393\
3227508139041490368359926875342795693812529005764464055301218345628050495798421\
5007747419753004650314431402913833857122354827204368077785723207176384222328671\
8067654301623835618715861212462608865840777216588184845471742223223216159604196\
5234693549291478120721876621246337890625, 1>
],
[
<t^2 - 37018076625*t + 153173312762625, 4>
]
] 
Do the Q-curves have CM or not? 
[
[ true ],
[ true ],
[ true ],
[ true ],
[ true ],
[ true ],
[ true ],
[ true ],
[ false ],
[ false ],
[ true ]
] 
If yes, the discriminant of the CM order (listed as 0 if no CM): 
[
[ -795 ],
[ -15 ],
[ -240 ],
[ -35 ],
[ -51 ],
[ -3315 ],
[ -120 ],
[ -195 ],
[ 0 ],
[ 0 ],
[ -60 ]
] 
##############################################################
The rational points on X_0(266) besides the cusp at <0, Infinity> are:
[ <0, -Infinity>, <-1, -1>, <-1, 1>, <0, -1>, <0, 1>, <-5/2, -83/8>, <-5/2, 
83/8> ]
Q(j) is a multi-quadratic extension obtained by taking square roots of 
[
[
[ 13 ]
],
[
[],
[]
],
[
[ 3, 7 ]
],
[
[ 5 ]
],
[
[ 2, 5 ]
],
[
[ 7, 19 ]
],
[
[ 105, -415, 1041 ]
]
] 
The j-invariants are roots of: 
[
[
<t^2 - 6896880000*t - 567663552000000, 4>
],
[
<t - 54000, 4>,
<t, 4>
],
[
<t^4 - 3196800946944*t^3 - 5663679223085309952*t^2 + 88821246589810089394176*t -
5133201653210986057826304, 2>
],
[
<t^2 - 425692800*t + 9103145472000, 4>
],
[
<t^4 - 67667966893419063840000*t^3 + 17602516524144666384420962098176000*t^2 - 
708555761206745670461365038563328000000*t + 
1775168961518724506399346503073398784000000, 2>
],
[
<t^4 - 29478909019098139074177479136000*t^3 - 
160054212938390343773833947283393690785408000000*t^2 + 
5131537740610192962070880163006969643272192000000000*t - 
19077542993352945680961028994697271308288000000000000, 2>
],
[
<t^8 - 311492980444015775068366338034542744004597368750829000436802463335294271\
082943799393977592970025/118571099379011784113736688648896417641748464297615937\
576404566024103044751294464*t^7 + 256261054383064103337877635255635890116490907\
8058530758905990263261411823363308538918826919269972802842151852240115558849805\
172743709069011914685175125/129112493904345429482795958600150593716485289641461\
1756415329678270323811008420597314822676640068915717951585986373746688*t^6 - 
5240293889491307824023543655219321964424839571880059068682218144900785793161441\
0720507309008741316705920422974838056133040714719841139175819415496080296249991\
176205178125/354901720847464302026037015570314714039863945648104521621821386318\
671527399120079749116723981329865996466075003059657194108692201472*t^5 + 
5374374348663475961056277632719791639354084559906004997433708179974903927047779\
2880987196012097895792934745476592005722479066189676084108679635612167513639582\
6989640539267090153890625/18607071341967536398062689481932916079453218833595342\
3432061490990243657757029868371504908982723472783555205531204141550984858016925\
351936*t^4 - 596338882107701180962038183003636365778714914651964823178803446845\
9675631581485843511610162769204864003263623286907187512019696857788778868617110\
733172118161258055582533893694305377759022265625/304858256866796116345859104471\
9888970457615373696260889510895468384152088691177363398736428772941378085768487\
423248655171335913749304966119424*t^3 + 200166526244052870411896638998259508505\
7336036442146196280867741462061608979005790670489566635519016616589281943817354\
4838307789401514768620218314767543131224806412792876863062389815234443355097675\
78125/3902185687894990289226996537241457882185747678331213938573946199531714673\
52470702515038262882936496394978366390175827861930996959911035663286272*t^2 + 
4713203884683115723990952385403638799792589550206867737477129772047488089555950\
0652045181799865588577471800194828068859710224706468395195575024182774508044406\
05400340518177077940913928408034310795947265625/1560874275157996115690798614896\
5831528742990713324855754295784798126858694098828100601530515317459855799134655\
60703311447723987839644142653145088*t + 784907748700560029701414468033984508668\
9077321789575554400387279755579140112593838988065230632521597884784658631439504\
6047642463058398793560950341362954830761161294628195125774278561952306683404486\
91650390625/3121748550315992231381597229793166305748598142664971150859156959625\
371738819765620120306103063491971159826931121406622895447975679288285306290176, 
1>
]
] 
Do the Q-curves have CM or not? 
[
[ true ],
[ true, true ],
[ true ],
[ true ],
[ true ],
[ true ],
[ false ]
] 
If yes, the discriminant of the CM order (listed as 0 if no CM): 
[
[ -52 ],
[ -12, -3 ],
[ -84 ],
[ -40 ],
[ -280 ],
[ -532 ],
[ 0 ]
] 
##############################################################
The rational points on X_0(287) besides the cusp at <0, Infinity> are:
[ <0, -Infinity>, <-2, -9>, <-2, 9> ]
Q(j) is a multi-quadratic extension obtained by taking square roots of 
[
[
[ 13 ]
],
[
[ 8321, 349013 ]
],
[
[ 5, 41 ]
]
] 
The j-invariants are roots of: 
[
[
<t^2 + 10359073013760*t - 3845689020776448, 2>
],
[
<t^4 + 526919303769843923238092989728017270441738051395382202810924424873945989\
921950867770210744415286504100699914240000*t^3 + 
9283410472179293974502979447737240327452313371393872465096480829199472603850205\
881809912851095987686467951419679882682040320000000*t^2 + 
4573475839095966759849788590354243042059013064335007856162191806387759385255696\
53792055084128045953073627853231560821760327680000000000*t + 
5676394758400622913561898576278968408631971555822251813868776410026110436417381\
9641784938643220945419625844588003217916297216000000000000, 1>
],
[
<t^4 + 4835907878329132222450395857259654466718969836339200*t^3 + 
105161502065491843193116493512870644772977750388041962225664000*t^2 + 
2539970793779946148723473087883821948343643667859030533390886502400000*t - 
4009811510734177961140258455491639109235283276327883374802990268416000000, 1>
]
] 
Do the Q-curves have CM or not? 
[
[ true ],
[ false ],
[ true ]
] 
If yes, the discriminant of the CM order (listed as 0 if no CM): 
[
[ -91 ],
[ 0 ],
[ -1435 ]
] 
##############################################################
The rational points on X_0(299) besides the cusp at <0, Infinity> are:
[ <0, -Infinity>, <-1/2, -1/8>, <-1/2, 1/8> ]
Q(j) is a multi-quadratic extension obtained by taking square roots of 
[
[
[ 13 ]
],
[
[ 1513, -3325543 ]
],
[
[]
]
] 
The j-invariants are roots of: 
[
[
<t^2 + 10359073013760*t - 3845689020776448, 2>
],
[
<t^4 - 214752747879981446458819310021173673097562336239362089567473539252530435\
9360400668825595602732855552125/10185179881672430431342228442046890805257341968\
32968125318070224677190649881668353091698688*t^3 + 
1165312539936503522318426828618339687751046712520073575110008535716111536828660\
4470468717587171171649034936731174901265625/85439481436836403295800868246782084\
58410818089426611079788166431288878903122562200091848347746304*t^2 + 
7709901432116959761074212775297233064637159062398932655305563067954647973292155\
520572331760351464523839558745992011794553680419921875/699920231930563815799200\
71267763883691301421788582797965624659405118495974380029543152421664737722368*t 
+ 44221124699821808548833796477481610117605739644806609849140328320933170947810\
5713310840918751249682036064894691656892256357252597808837890625/13998404638611\
2763159840142535527767382602843577165595931249318810236991948760059086304843329\
475444736, 1>
],
[
<t + 884736000, 4>
]
] 
Do the Q-curves have CM or not? 
[
[ true ],
[ false ],
[ true ]
] 
If yes, the discriminant of the CM order (listed as 0 if no CM): 
[
[ -91 ],
[ 0 ],
[ -43 ]
] 
##############################################################
The rational points on X_0(330) besides the cusp at <0, Infinity> are:
[ <0, -Infinity>, <-1, -4>, <-1, 4>, <0, -3>, <0, 3>, <7/8, -3497/512>, <7/8, 
3497/512> ]
Q(j) is a multi-quadratic extension obtained by taking square roots of 
[
[
[ 2, 5 ]
],
[
[ 11, 3, 5 ]
],
[
[ 2 ]
],
[
[ 3, 7 ]
],
[
[ 3, 5, 7 ]
],
[
[ -95, -33807, -20895, 3497 ]
],
[
[ 22, 33, 5 ]
]
] 
The j-invariants are roots of: 
[
[
<t^4 - 883067971104000*t^3 + 26329406807264910336000*t^2 - 
2588458316335175909376000000*t + 4934510722321469030006784000000, 4>
],
[
<t^8 - 112580501740220781071235722688652800*t^7 - 
37774101659997423005408109970789812947961704097792000*t^6 + 
18239982511248258426444458529164454527146102008187866100531200000*t^5 - 
174143430251936272102859349073539136097610895959350576901027004416000000*t^4 - 
129459690207405843746931738609689674381742368424208527099314604448153600000000*\
t^3 + 1457525372205776210576713621421608348971971725052275998669686704932126720\
00000000*t^2 + 8026143378249021006150946983964712704940414117073397023834640106\
76279705600000000000*t - 956825222980306326585980265538528042697197583016225087\
193752883841407647744000000000000, 2>
],
[
<t^2 - 4834944*t + 14670139392, 8>
],
[
<t^4 - 3196800946944*t^3 - 5663679223085309952*t^2 + 88821246589810089394176*t -
5133201653210986057826304, 4>
],
[
<t^8 - 9149442836345200514625984000*t^7 - 
875149953790588830141513408467102803968000*t^6 + 
1830759213424837201179800381566577321252585472000000*t^5 - 
654322371647418124227660658480955270871337023307776000000*t^4 - 
25522767602086427249222314481632218756271917729054720000000000*t^3 + 
343101579425550237027264306100046973285019210099445465088000000000*t^2 + 
3322057458803342041196516880396913435501050824830746624000000000000*t - 
6774993267880302065499271589077244607702692106378720313344000000000000, 2>
],
[
<t^16 - 43268629259975407826140467294261752610746478977467474626675840123392042\
8694602371328730826231317007239353865694150230671326306733118374527101321953704\
9813795968862618819846662274641984510851246655516737942359373487205190261031551\
9311639305444440338522366677903597464088021333322510471875412090142234301819981\
47721073/1046395124205339180613696336972658018126371886431185163519287488642920\
9483641954321222640418122029864527291727710479949464718215680589004332016189037\
7915769569673513426017880717002681690062218182401896310088344482261542395189441\
08944497601509840881752510934060240763835605888507473266002770708660224*t^15 + 
8298328564008759246778266398927843931413038283014036711608979790471961956825120\
8994112410152039719459974161290859820794978144906400613377494100089253047001084\
3511359010806948767105497672912936483081565917259991157730419312294860757036259\
7222341425992410411962022936703809992647816736697772200887251525940307197455834\
0601896292361173826154026894925254772981104537708711153925426901981534551583753\
6392937440666204055014061062402119844197248077162773249082887775998929891039338\
63505783/1070393741163148155140002073983180480759399898691736719484735047143278\
9261036170106096521266658010638932235841917552953307890182172079455491385204747\
9262392724273548844388114210469978978221017292897589673889583219761216608474567\
6956951404400308684101704866105705305247055335973308139964471316824642504293039\
3662783879900466135445178446351548240758420450950532093314448027661741097123005\
16774551695312505342204453401455091375199535727402456168005632*t^14 + 
1790263349047999621188951266580894603057168824184284608500575060071147741257442\
2586055829955795190003010602075207862668585394324562120875999261535908879072953\
4720993976697780005022742354723819798103969458369766462938427306889496587555090\
2751872134115412808649184950414392765071606160588195925857957478669642647815071\
7364914441894931612978939000328118741595275586550879220358511178506506231605384\
1967430078872789869618619623147494537973298262145116466412403835592983481103956\
8969608608762564884304274672574779339433312329511690999443856070798630732988797\
80830540469451136072185366881684561369/2341219486162295467553672545010472015098\
9147815440883603765106110934415208389960881328449765433743781918630984779673574\
6659129727039634763927022541661687074857037326419141328817808707821517033028364\
8119746854179411597510502576849781491742150651151449772091204059435431687447747\
1456760009876194670232673739533918741187500496723517000954663769528589487912277\
1026191937427425829355766725526331474763262078373209127306884900037682702630049\
8227412883520120174482229804076618934247796774045878047998356281703015744784038\
078030946453768763877780271136768*t^13 + 
2039385770657519104478485571391799545726531327934983030779142151314935370248461\
9274643515979083606870301326114050708644459913325029559363327588278292620617644\
7767366494780027750377031940332630611167433978757788924161578119967357409711174\
7031013939190134871235668535110426784375452820770997519528136155794682609502000\
5904043287416986513944242066577142853345494964380838437386629798230292259391574\
2062661024644739718906190558316698288372343611162039820712318528389388849759500\
5370854268647611542584718057688505524623587561183774543000740596396174339240425\
9572188639386291876481766618310449912801294652164973389124811916676127196952096\
696561003281567022263253751/940548665568669306251536958404757081311082661551059\
1082312849300076677213326297611113754511904819363171909342322585295040078798527\
3901492750412296697172228947255287107839819776564247878238244758674576990260007\
9317250993878191213477456421077323500371729653731804466371042874405729266169033\
0002573063809653255714317024006840778946927395464319705164576890915143902552606\
7880363629061927961634210830650013455645897028745729656242060004591337351727719\
6622966242525937013186214163166593344799391393518637733932076446381883519208233\
2583479873905370339392215664654371678519363407279785407729972198183006128486481\
92*t^12 + 121046508231692184148688967742319605539966096134659994987495787545982\
6519366133514849685265449656653146585902060949921034182751759687887408128970677\
1302694721704825446105217841847913072615682760011681455192241236667376262096032\
8291847214775639519255934282309443174687048991998094023853926259379952939142824\
4009622009188076155770372669171126456011816460929060512937751164021711014120221\
6836059374523400946824416044644058055417016890082747293853919240226793658394152\
8112556341061749699108651099414663724707311862028122928947318237315782741190397\
6780485052455677101239170223733120428223436088655496074126069078016589565374288\
6779644822852298301898178766438778997726393432577836105890323944347628582402618\
08550596273007/4398762927097619280472095676473920751548010543981700465523514796\
7295953568162886779827098162454047482691660747870697989382781530581720447296335\
2014222821456342029929492899822265623835918036170679130236812019768242533057745\
7615230824347143871541429254185475830406574875807274719773555430160412084350270\
7380978626335644536313575505687510559646628190172281581859951368681851197375070\
1015728607664390962927611432269360695610832410307908189840220455383614331289726\
7482199011470145930880599231195485562921078428311608513965434160302689100757457\
3225990517514572825293242232756992287326871233439822121795945927546997264701425\
697502911494388693865110911441430380544*t^11 + 
8908710264327244083741189545166372085433711670982964395058894560817818804442879\
4027018413453818627796011895576822037028611697826122702880531473420948768860670\
8404492384316516828177605041920875320728809062314236149186485772376042210066065\
6879293511196564592500346182144902254560331666402281224888028483613554042518796\
0116337325558065691006812242305706949463783313027264443934679684758717806824097\
4971232145891923659168205137816981690354338500756428301561232366925080586354304\
7225194534185040260602354359047745812446415338262690057344211390073671780251304\
3543089065674452644999224699775011316117296769403712308836743741134872292345137\
3186018933572354142186803956140757765318729563264853626939055206923392204994072\
314440144848804448515248991989900880567/278804723239849018481969816501313631178\
8803952580374381949945124771279286205127958556953407931274931413457787069526979\
3899734919105854960299431468591321691941578387084621132811139144246707025674929\
6793150043924580268006444846777567559298907809291725605991873830614153673497518\
1119822106015644177685108323138654689528643807323950655725313485180541289825909\
3856389120320326504801850339198348372800812203160588280045046154803455855104169\
5528019494298512879241664913868900074106710519938679049516131509196299334616601\
5612301117057047684968277574756008666962164249370468793468232123492475382648771\
2096086314666655900184440753690498043328461790495652557819011676063102510735258\
323276133302272*t^10 + 48402479238932402911361243869652465148765017210391110701\
7440254866360610372272827165877150021479816866113683628366273598624293006226820\
6767142919197306573875854569294078572349953504835411575694484635165757789072297\
2428124396513254169187397455176917986436161047314143930483593019371928044931808\
9574838976418745846870757795152892044127530815183649311726539067672783035887775\
0689332669904249954149019443782835932988051619121346765387277310209070856341464\
0935039379485555401467638373179679745026919350100163682620338241068564274284941\
9047604560164856465876567528425346873132135960987698003331676541444159076613875\
2049727987581332226731298693968901277545308609333715018752040183052222993558685\
8524873766050109265086585291913393570677264296132578946463784483868910403409837\
2420120620041497/34514353004048826885504379648003866504545218716100012512887166\
1770263525343708415419628878825012898663258416385617073317668970316910506083339\
5746042703353997029443953587670295247173255365999859566364474515501671362831345\
2425984909782081990174307591624993749579100130456318398090982815078162452007632\
4701306913349086085315914277340309158518305754748744822802534682192073955283693\
3907713923717892463755698549627539861268673112846728188746231663116022600182139\
5479523833586086502488859219359045000405140507016244667252934364031433606290733\
1772335184268373350389793321932677232530008150652754398469285059168440522986650\
5619438683369944077727107368244390831857645925706454732504888242344973841277742\
6102675653869436928*t^9 + 17001510300327407104919430293393261604982291024483996\
5178524898427716591071611534667276565000928144771378785271896690447504056364581\
7704724182228829561685945722427311848792827377342642253003638393901167326914347\
6886603055528308051233872526449817494343251708498790422832791075089601658068512\
6910263934192200503521401389793268494301753578948004351972123405281457321604577\
3686573316356743193937023993225812497762065095604867384971289668243133718183385\
8087801978435388021240348875990383759587153279071879902008525587663219516893368\
9219494346688050021737254562883460627365714809494220005897904138917123729854250\
5976968274341794080357594778766786576596663665978981163001562783912683954970422\
7342658031731426567269125585694240873967327279169164793365407165347831018312754\
137843786541450223362236426778215479593693911/254670974694142862920799305818748\
4121112485582257019627129637511559864987859133762054298435967495552662227159518\
4428315369327991596897236022778494385906223445619809877816538104631405509637880\
9031806368368950707899885471913274873455693382954790177314663973584811557582868\
9472051107133182255745659079522213112871924532544778772012824978807955785075511\
7856712344653844379004059410282348498046064524215710612346435437851410486044658\
9784762370882317232257206873091432405144068900302433274522479851320502606844315\
3257327305439653822296485108134968388648275715006698141715806802690271324008497\
3853331507191104191494664618556403780942627194152380810121111097453283553662975\
32764928727141003369000327420682453164420787637038232973477089902592*t^8 + 
3142690670405082371597497143079441058751427879334231554801243081997338842196194\
7190141021895896091116676292750804487517437802159318126903843714402982531711810\
9317427486775215310324250215226244159912243864038498826681608164934342796710454\
2216896636391500457928044817719331857669090658157139970238072986477333839983517\
2870341172115391692732578545272398360224910871505126628440756819410909004343518\
5590792414456607228258064969659570837208246283710476413667980155664035173471033\
1946657737056954318231950626876250581989315512090403190266552819519405465233390\
9823077873078357330927094325115729615303707529589254878246138366452187783231997\
1586893586978745325854305527805604630118538695409498138557934346017190779460873\
3311780574303131032319421975249767188874867279009535280513827184485356410717360\
66466365413129432706001353762304527/8960438333864240734180508112249052640622533\
6017431897415286025949056549429497172483380490720905982097077955663091196479871\
0889557246250547532814290449095336114630802431670575491725007244565801221355746\
0575618271363538485354841126918075062635951375225019332822413493381062148914389\
9566981978809252581485515778681016351620403047220210700714501419117183057268846\
0740542861278119677163380123095589134436574244274782435305460080912586408167065\
2485428651965970679677948705901757195629653387642806093746185098683024077075783\
0501302831716754679322319120287021815765278225312674150883656941429685420911758\
5671629411107683493380661006494366525069050019906830030803122182530171193823833\
19789707677550399366129011443621836256381574534864376110157542451052544*t^7 + 
3729496376060261403228511570727723051798883103117129116140539133745028096965925\
1264762071282646583119082481438202835403090495305511719086575399775194966193165\
5320996319739682828078449471759119992241236843144965134226026703756110077810561\
4525337112854939829129680883913550273428897052576407239433181083692929790499052\
5085128657646129204210905046728976112058731151810578908505472700188943111339822\
5621764097985424928240875207896196371043398659728174793307701664812536035324381\
0801921659060736893078534942468624982161410518368010395474674324885107348508601\
6348729485484678753808615894791857208706379507648652734881566917147228187800651\
6100346789875844538917600706515880932266500065410906879900697592036605595125465\
4859013465597349655305044983658880813897993133037027666759418992672966028723827\
576286417016693342984065878396992818069778918767/769695792035432865143526234055\
4475619691244580029617706117608238740104837085956270811806223414453131954226334\
7102936629311329872148811318405510617286406192427969340071165247927649160494815\
4637993151957219781796209729022428728351907778353305891254208753653508800106597\
2154879066157353561923208142097193677307342538784925017353882990973395960548561\
0778084522997793544230609515775475815913550240192285160675308722115943043736355\
0614491570330509357943534704203482233630084271386883240708554829254046187502472\
1224216284214302780138952313057658886561290164976639008143801177097046997521286\
4777273276799509562530314784794767779430035114956668174679545759678986601647773\
1845562150928154065408144958157338526468534331069025251867848457814377140676470\
004714515202048*t^6 - 110361919124484771242491169829864699474527132979123869891\
8615138579035577051500954721049418282422064226736811160097407130350869152645611\
0346465194573749348073871207836474754840810312697129586899285485922752383645141\
9271086798542406872396376482920955173227318377693608278591171818588108257798488\
0366776433454139832425542530452146333194727423264385014711318483537546982463063\
6779338859600542331232772662691863151372257129101884376584369408724106854627195\
0595640628793055216436192880834867510916014945766985740983729732214751870125451\
7429088939064697222086275999576158933903702817126433189286900863576166783893971\
3955295740252367367761150414496728997812378924055584907326017136077683473341993\
3199701770922164091643846386188541280053710944284634157699985742893734511679831\
1914001723024966194228820574814157690761442246735589401593768730713300716262962\
27447/8264545636652503572487558803465471823250807272191115689789416628782227629\
7238975310057067750635864138670436691406652292113159200786751464456577741856471\
7154625027878240892631152462296217718986432826682054338474744230727088359690577\
9718088663841052397548246852030265090885913058995213484592322458427091924353253\
3861877161318367899762103497141536440122614534949820788157599338100516177046903\
6612197023791516390590478818232615856587920499559305400847359842298747480689560\
8268326630205534347147672481127491504212381505982767874034669630071549670026128\
7895352772859938759301895302681322296214214761977162279976742252319701421141635\
5847176225668431660794891807281248413847236790242959439144356871828264348395796\
331248675043842643010049196364453857496743452152322748055552*t^5 + 
2767439890712762531699961293521668106122389026845913096779543770793325644962827\
9577536840205943404940593839668262513226744943582612073561876314883660908790741\
9092395762838938823740401986178864094821847992501306955234625476467975079100703\
7909563506271780192606565213177508780822885055392766557629883586767035173279857\
5107555492939017857277546772276307978526012902613824805456046600761851564494640\
8016341786776817676451717813358054964774140111130167968946108022598324968956720\
3973638588913180814418871742601360736948237141682658558680705513351754055102864\
4884758780163282575967145439383144694394797467092127904604950814340085137536624\
3948311890652944866566721290674814511840022853585761934921010896965530627507164\
3226526362871456274201211887378586082613609826153156863504777219995927258121551\
8448629751818646128801689661002045174544269203110447550862179915777519/21665010\
5137463389650617861497565264563425962156126783138415683273548827976634139436795\
9996842268796876762295603210545846371200553104217589850511556122292137820233081\
1358055790083107617969772597944691774045250512335161972185096272687184186346939\
4883970288762277862181198519679293724124370496977854191158541765925566879265766\
4223471523685915467092855950266464988582069078572088702171271578351336677766048\
0327269495047932677085110938383143647455499973029849956285957788423338922161485\
9959589867945489268513288025053750434670157094443550547631669932950540393572885\
9578611843604222609255201877911456374122872222312099209580934375291872021645016\
2534928741611792793558419957004114145035921505828780854852934586763345885267069\
3085809226336531763392019626315521018494466274623488*t^4 + 
1709798421975068154381561144658118656014320470972972731839645668841083680858363\
5442957608757907070989589208322530538929749167256251549334761736897221436535828\
2695849600296958392618894036091136137502891135297063361177459372109620695128468\
1702175864434243066312738408921241991722560377741655057220266840474826842964384\
9937385020858879015135995456451072110553720408811339841117164959427837807580182\
7594708005239218337654631732668583340564642766214192117251855733994524278922835\
5634946183305561896671083868931489538980756152786556819797359988824645606606703\
9120564475510115941653485212505943984746524811603161119894233081240714937240689\
6477072012836420526630214362785551053871529833000743165778913301904424090665420\
6379828561543435974907090476380493834963019534814481673043483887251159185427894\
2122946949747166135539739969209955050026853445059042565387084086787734774479/70\
9919064514440035207144608555221858921434192793196242987960510950764799513834748\
1064931317652746393605774690232600316629389149972411900198422156267101526877209\
3397602658077212944327042563350848945166005191476878819858750456123466341365141\
8216513155793842216232098795351309285109675210737244497032613588309658584897549\
9780634127471488814007802569870377833152474585723956665020259274822707941660025\
7037861936396681373065796272491522893885103982182311624212336757826481105596980\
1387573115584079283779235064342200496129424327170767072626434479456036292330761\
6596327067195289122316646007445513540260246725827698072286689954805760956406240\
5263892594454500513522625932230515111081230453707590299749105182096053906131796\
84313271035796728595472822829699115106992734026670886862454784*t^3 + 
2550706354635796185444801971472111422072608126466991927212212964442342761320615\
4472778597058649941392027445733779370714812749222518358120013164579249728564392\
9001812957960131649231788968905420995709542452714471772929321396919935575850526\
3196945136002778240479665938293897834802537029215642401685141760296752058394826\
9344213437803466143632400746949586499534494327287522594045636850762781893281636\
4143361398357862052549392185496973696394402014529447765476795670298058631080642\
1864701382995018347023730861753254470620188478234243327572885036041155859115061\
2706171534911542346041349803158172249005041902716552422623071493237325003782680\
3236449203727162039289240214899295714052244557035958000781891117110985210583907\
7907607502899407095955960796770741309936485407515698668485403663562775749256295\
7289551732252271324406243767011066056627935332819991227856906131583811083046001\
80463/3634785610313932980260580395802735917677743067101164764098357816067915773\
5108339103052448346382061535261566413990913621142472447858748929015921440087559\
8176113118195725609355330274954457924356346599249946580361619557676802335352147\
6677895261268547357664472147108345832198703539761537078974691824806981572145451\
9546754558876846732654022727719949157736334505740669878906658124903727487092264\
6612993316033853114351008630096876915156597216691732388773435515967164200071583\
2606565383104374351790485932949683529432066540182652555114327411847344534814905\
8167334996973194584039880306261227558121029326132463236237814130107852568605496\
0967999514951130083607042629235844773020237368735899922982862334715418532331795\
9993947998368394770327925040882085288805946934780279821655494073576849408*t^2 - 
3710143531767417357145282213801266153008847578273196879281375801758829555881421\
7048217732972649699985801185420322553662987121894623328106673121075301671047686\
2254839314692959026505360824954706616813480642515923261221114353075537876229770\
9384055872230751675418249222604032244200857672885373684520489289354873794034108\
6860532356354548495880073744220008906366246684371599817781390834622673662054352\
9283800946344935307649413006206837205283659317923149265758201046851607467251298\
2026713034799958152963329403174357676552012322393627028474528880891018340694481\
7627708847360958301772086048659104250382715837209601981328878030875068701669212\
2019476953103202525108670099669452812349208875551425215347403038293956760334237\
6194389685885868714038497202412926170205280359715942751404429676812940696869592\
5968288405365925983381848181403424175603156220723973290085324164432018340949789\
8404344127/23262627906009171073667714533137509873137555629447454490229490022834\
6609504693370259535669416845193825674025049541847175311823666295993145701897216\
5603828327123956452643899874113759708530715880618235199658114314365169131534946\
2537450738529672118703089052621741493413326071702654473837305438027678764682061\
7308925099229176811819088985745457407674609512540836740287225002611999383855917\
3904938323157222616659931846455232620012257002222186827087288149987302189850880\
4581328682018451867995851459109970877974588365225857168976352731695435823005022\
8153972270943980628445337855233960071856371974587687247764711922010432690256439\
0751750195196895687232535085072827109406547329519159909759507090318942178678606\
9234943961267189557726530098720261645345848358060382593790858595162070891836211\
2*t + 1805279684856345105090123420905699285604412282687893357655028919664819004\
7924188975292337590760637223502837958485768977039781487114329544692989489938237\
3090640273151676224279762520189718004162944052982071928384446707289329854593534\
8813922515314022637922354728580396341114483148509016081067425528167307958440056\
1588962478588675462328520360018089184421872885393282925141990237319517983360522\
7461270046622819486671480036134050328966724314831450036782956964405296833241425\
8259887012005569190272434495493271361544695195216972364022230087302497292054241\
0830939784885695424668300279985164926384034917840245715247193752823968695209855\
7701018002238200572556927452998326708387382502435922168569027864350694429222782\
2007715843416245903289259188335037757884232278936460779689861505700913507899346\
7084969173672103305982120389571537069304514577478455021634080997740928496306624\
07030427455618580161/1861010232480733685893417162651000789851004450355796359218\
3592018267728760375469620762853553347615506053922003963347774024945893303679451\
6561517773248306266169916516211511989929100776682457270449458815972649145149213\
5305227957002996059082373769496247124209739319473066085736212357906984435042214\
3011745649384714007938334144945527118859636592613968761003266939222978000208959\
9507084733912395065852577809332794547716418609600980560177774946166983051998984\
1751880704366506294561476149439668116728797670237967069218068573518108218535634\
8658404018252317781675518450275627028418716805748509757967014979821176953760834\
6152205151260140015615751654978602806805826168752523786361532792780760567225515\
3742942885538795516901375164618122407897620931627667868644830607503268687612965\
671346896896, 1>
],
[
<t^8 - 37175310962524209402711325090684825397858189376000*t^7 + 
226663670534475149680772726035193159902547895822786263994560472042657792000*t^6 
- 75648483699363297577488321582807709211376643405703031838616405643589964285484\
74241024000000*t^5 + 6344858804255121236731459964269074539874608993603642800369\
9736173360732007940703292533161590784000000*t^4 - 
1134672545330101924131345480336993071374443099171142392307073665317970486879483\
9532252190334016028672000000000*t^3 + 14405643250395927098450678748774630440881\
41586574151125929003856830996185412289341320527503606330769276928000000000*t^2 -
3803988713590120177674055454494372038359895332426192180667352817235815916352493\
4578063481550048308706148352000000000000*t + 
9739368837857507048410260977236474856943770272042213801961491828132911461593847\
7076822153891382147228847046656000000000000, 2>
]
] 
Do the Q-curves have CM or not? 
[
[ true ],
[ true ],
[ true ],
[ true ],
[ true ],
[ false ],
[ true ]
] 
If yes, the discriminant of the CM order (listed as 0 if no CM): 
[
[ -120 ],
[ -660 ],
[ -24 ],
[ -84 ],
[ -420 ],
[ 0 ],
[ -1320 ]
] 
##############################################################

