Loading "qc_modular.m"
Loading "coleman.m"
Loading "auxpolys.m"
Loading "coho.m"
Loading "froblift.m"
Loading "reductions.m"
Loading "singleintegrals.m"
Loading "misc.m"
Loading "applications.m"
Loading "symplectic_basis.m"
Loading "hecke_correspondence.m"
Loading "hodge.m"
Loading "frobenius.m"
Loading "heights.m"
Loading "second_patch_quartic.m"
Loading "divisor_heights.m"
Loading "qc_init_g2.m"
Loading "mws_qc.m"
Loading "howe_zhu.m"
X_0(213)^*:
Trying transformation with [ 0, 1, 1, 2 ].
Using base point [ 0, -1 ].
Using transformation with [ 0, 1, 1, 2 ].
Using X: Hyperelliptic Curve defined by y^2 = 37*x^6 - 198*x^5 + 269*x^4 - 
174*x^3 + 62*x^2 - 12*x + 1 over Rational Field
The Jacobian of X is absolutely simple.
There are 4 points of height <= 1000:
{@ (0 : -1 : 1), (0 : 1 : 1), (1 : -1 : 3), (1 : 1 : 3) @}
Time: 4.140
You might want to use the primes [ 5, 13, 23, 29, 37, 41, 43, 47, 53, 67, 79, 97
] for QC.
Using p in [ 79 ].
Using base point [ 0, -1 ].
p = 79
computing CG heights with N1 = 15
computing odd degree model

Start computation of local height at 79 between first pair of divisors
Time: 6522.930
Time for first height
Start computation of local height at 79 between second pair of divisors
Time: 3528.450
Time for second height
Start computation of local height at 79 between third pair of divisors
Time: 6623.020
Time for third height
local heights [ 13558137578984453739211*79 + O(79^13), 
-21716402060255153272558*79 + O(79^13), -7660691213938930356688*79 + O(79^13) ]
Computing Coleman data with N = 15.

Starting quadratic Chabauty with p = 79.
 Computing Hodge filtration for correspondence 1.
 eta =  (0).
 beta_fil  =  (0 0).
 gamma_fil =  (100*x     0).

 Computing Frobenius structure for correspondence 1.
 The quadratic Chabauty function for correspondence 1 is correct to precision 
79^10.
 All roots of the quadratic Chabauty function(s) are correct to precision at 
least 79^9.

 The common roots of the quadratic Chabauty function(s) in this affine patch are
 [
[ 51850245358013277*79 + O(79^10), -1404854704080940418 + O(79^10) ],
[ O(79^10), -1 + O(79^10) ],
[ 51850245358013277*79 + O(79^10), 1404854704080940418 + O(79^10) ],
[ O(79^10), 1 + O(79^10) ],
[ -2032720541625898259 + O(79^10), -4257218011324714754 + O(79^10) ],
[ -1852609589759132026 + O(79^10), -1625527895535297125 + O(79^10) ],
[ -2032720541625898259 + O(79^10), 4257218011324714754 + O(79^10) ],
[ -1852609589759132026 + O(79^10), 1625527895535297125 + O(79^10) ],
[ 1398000071805374024 + O(79^10), -925503847818756226 + O(79^10) ],
[ 924187880807543755 + O(79^10), 2198699992406314032 + O(79^10) ],
[ 1398000071805374024 + O(79^10), 925503847818756226 + O(79^10) ],
[ 924187880807543755 + O(79^10), -2198699992406314032 + O(79^10) ],
[ 3198209539808576235 + O(79^10), 2227041179392084317 + O(79^10) ],
[ 2295446251498931018 + O(79^10), -10043260842875009 + O(79^10) ],
[ 3198209539808576235 + O(79^10), -2227041179392084317 + O(79^10) ],
[ 2295446251498931018 + O(79^10), 10043260842875009 + O(79^10) ],
[ 1663695614923762823 + O(79^10), 3403217646901006619 + O(79^10) ],
[ -3100335972708733901 + O(79^10), -1140434050659037915 + O(79^10) ],
[ 1663695614923762823 + O(79^10), -3403217646901006619 + O(79^10) ],
[ -3100335972708733901 + O(79^10), 1140434050659037915 + O(79^10) ],
[ -4052342157223193988 + O(79^10), 1458097863101415021 + O(79^10) ],
[ -1051157259107210056 + O(79^10), 3533993810939388927 + O(79^10) ],
[ -4052342157223193988 + O(79^10), -1458097863101415021 + O(79^10) ],
[ -1051157259107210056 + O(79^10), -3533993810939388927 + O(79^10) ],
[ 2794666275411639107 + O(79^10), 2762042595131340880 + O(79^10) ],
[ 735065417397460721 + O(79^10), -2748736855048978262 + O(79^10) ],
[ 2794666275411639107 + O(79^10), -2762042595131340880 + O(79^10) ],
[ 735065417397460721 + O(79^10), 2748736855048978262 + O(79^10) ],
[ -1950754714330084577 + O(79^10), 74513251744176413704 + O(79^11) ],
[ -638489314728423578 + O(79^10), -367306549749526709460 + O(79^11) ],
[ -1950754714330084577 + O(79^10), -74513251744176413704 + O(79^11) ],
[ -638489314728423578 + O(79^10), 367306549749526709460 + O(79^11) ],
[ -4540609806723377404 + O(79^10), -215990673005318374 + O(79^10) ],
[ 1400301775165304499 + O(79^10), 4385678112302697139 + O(79^10) ],
[ -4540609806723377404 + O(79^10), 215990673005318374 + O(79^10) ],
[ 1400301775165304499 + O(79^10), -4385678112302697139 + O(79^10) ],
[ -4532653238397133158 + O(79^10), -2226613450384828560 + O(79^10) ],
[ -3560407393708390301 + O(79^10), 788134143396152503 + O(79^10) ],
[ -4532653238397133158 + O(79^10), 2226613450384828560 + O(79^10) ],
[ -3560407393708390301 + O(79^10), -788134143396152503 + O(79^10) ],
[ 681713519162600249 + O(79^10), 4476789089690416754 + O(79^10) ],
[ 2977056842883346816 + O(79^10), 2792277793174617098 + O(79^10) ],
[ 681713519162600249 + O(79^10), -4476789089690416754 + O(79^10) ],
[ 2977056842883346816 + O(79^10), -2792277793174617098 + O(79^10) ],
[ 4462535578541545340 + O(79^10), 1643118452209204398 + O(79^10) ],
[ -601369900140753336 + O(79^10), 106881411533027537 + O(79^10) ],
[ 4462535578541545340 + O(79^10), -1643118452209204398 + O(79^10) ],
[ -601369900140753336 + O(79^10), -106881411533027537 + O(79^10) ],
[ -835508155980575419 + O(79^10), -3666348771639065092 + O(79^10) ],
[ -584694211010412316 + O(79^10), 2547114246658202925 + O(79^10) ],
[ -835508155980575419 + O(79^10), 3666348771639065092 + O(79^10) ],
[ -584694211010412316 + O(79^10), -2547114246658202925 + O(79^10) ],
[ -1124998153024908400 + O(79^10), 3338209131905606181 + O(79^10) ],
[ 2246565705583312460 + O(79^10), -2343913319758355303 + O(79^10) ],
[ -1124998153024908400 + O(79^10), -3338209131905606181 + O(79^10) ],
[ 2246565705583312460 + O(79^10), 2343913319758355303 + O(79^10) ],
[ -1356112292202471785 + O(79^10), -811738589508323949 + O(79^10) ],
[ 370826477265989289 + O(79^10), -4309799441626311041 + O(79^10) ],
[ -1356112292202471785 + O(79^10), 811738589508323949 + O(79^10) ],
[ 370826477265989289 + O(79^10), 4309799441626311041 + O(79^10) ],
[ -3015260239681953525 + O(79^10), 4283235159503026872 + O(79^10) ],
[ 3781688763679759811 + O(79^10), 1638557543245127882 + O(79^10) ],
[ -3015260239681953525 + O(79^10), -4283235159503026872 + O(79^10) ],
[ 3781688763679759811 + O(79^10), -1638557543245127882 + O(79^10) ],
[ -949704097665802731 + O(79^10), -1139425567834886565 + O(79^10) ],
[ 25612993213893821 + O(79^10), -4043604007590222369 + O(79^10) ],
[ -949704097665802731 + O(79^10), 1139425567834886565 + O(79^10) ],
[ 25612993213893821 + O(79^10), 4043604007590222369 + O(79^10) ],
[ 4659202114807494081 + O(79^10), -4689609422686868144 + O(79^10) ],
[ -3156092027542282400 + O(79^10), -4558799595338852356 + O(79^10) ],
[ 4659202114807494081 + O(79^10), 4689609422686868144 + O(79^10) ],
[ -3156092027542282400 + O(79^10), 4558799595338852356 + O(79^10) ],
[ -2926456365369057621 + O(79^10), -1233805625494165916 + O(79^10) ],
[ -2451637228803509441 + O(79^10), 58273329423202590 + O(79^10) ],
[ -2926456365369057621 + O(79^10), 1233805625494165916 + O(79^10) ],
[ -2451637228803509441 + O(79^10), -58273329423202590 + O(79^10) ]
] 

There are 72 fake rational points: [*
[ 51850245358013277*79 + O(79^10), -1404854704080940418 + O(79^10) ],
[ 51850245358013277*79 + O(79^10), 1404854704080940418 + O(79^10) ],
[ -2032720541625898259 + O(79^10), -4257218011324714754 + O(79^10) ],
[ -1852609589759132026 + O(79^10), -1625527895535297125 + O(79^10) ],
[ -2032720541625898259 + O(79^10), 4257218011324714754 + O(79^10) ],
[ -1852609589759132026 + O(79^10), 1625527895535297125 + O(79^10) ],
[ 1398000071805374024 + O(79^10), -925503847818756226 + O(79^10) ],
[ 924187880807543755 + O(79^10), 2198699992406314032 + O(79^10) ],
[ 1398000071805374024 + O(79^10), 925503847818756226 + O(79^10) ],
[ 924187880807543755 + O(79^10), -2198699992406314032 + O(79^10) ],
[ 3198209539808576235 + O(79^10), 2227041179392084317 + O(79^10) ],
[ 2295446251498931018 + O(79^10), -10043260842875009 + O(79^10) ],
[ 3198209539808576235 + O(79^10), -2227041179392084317 + O(79^10) ],
[ 2295446251498931018 + O(79^10), 10043260842875009 + O(79^10) ],
[ 1663695614923762823 + O(79^10), 3403217646901006619 + O(79^10) ],
[ -3100335972708733901 + O(79^10), -1140434050659037915 + O(79^10) ],
[ 1663695614923762823 + O(79^10), -3403217646901006619 + O(79^10) ],
[ -3100335972708733901 + O(79^10), 1140434050659037915 + O(79^10) ],
[ -4052342157223193988 + O(79^10), 1458097863101415021 + O(79^10) ],
[ -1051157259107210056 + O(79^10), 3533993810939388927 + O(79^10) ],
[ -4052342157223193988 + O(79^10), -1458097863101415021 + O(79^10) ],
[ -1051157259107210056 + O(79^10), -3533993810939388927 + O(79^10) ],
[ 2794666275411639107 + O(79^10), 2762042595131340880 + O(79^10) ],
[ 735065417397460721 + O(79^10), -2748736855048978262 + O(79^10) ],
[ 2794666275411639107 + O(79^10), -2762042595131340880 + O(79^10) ],
[ 735065417397460721 + O(79^10), 2748736855048978262 + O(79^10) ],
[ -1950754714330084577 + O(79^10), 74513251744176413704 + O(79^11) ],
[ -638489314728423578 + O(79^10), -367306549749526709460 + O(79^11) ],
[ -1950754714330084577 + O(79^10), -74513251744176413704 + O(79^11) ],
[ -638489314728423578 + O(79^10), 367306549749526709460 + O(79^11) ],
[ -4540609806723377404 + O(79^10), -215990673005318374 + O(79^10) ],
[ 1400301775165304499 + O(79^10), 4385678112302697139 + O(79^10) ],
[ -4540609806723377404 + O(79^10), 215990673005318374 + O(79^10) ],
[ 1400301775165304499 + O(79^10), -4385678112302697139 + O(79^10) ],
[ -4532653238397133158 + O(79^10), -2226613450384828560 + O(79^10) ],
[ -3560407393708390301 + O(79^10), 788134143396152503 + O(79^10) ],
[ -4532653238397133158 + O(79^10), 2226613450384828560 + O(79^10) ],
[ -3560407393708390301 + O(79^10), -788134143396152503 + O(79^10) ],
[ 681713519162600249 + O(79^10), 4476789089690416754 + O(79^10) ],
[ 2977056842883346816 + O(79^10), 2792277793174617098 + O(79^10) ],
[ 681713519162600249 + O(79^10), -4476789089690416754 + O(79^10) ],
[ 2977056842883346816 + O(79^10), -2792277793174617098 + O(79^10) ],
[ 4462535578541545340 + O(79^10), 1643118452209204398 + O(79^10) ],
[ -601369900140753336 + O(79^10), 106881411533027537 + O(79^10) ],
[ 4462535578541545340 + O(79^10), -1643118452209204398 + O(79^10) ],
[ -601369900140753336 + O(79^10), -106881411533027537 + O(79^10) ],
[ -835508155980575419 + O(79^10), -3666348771639065092 + O(79^10) ],
[ -584694211010412316 + O(79^10), 2547114246658202925 + O(79^10) ],
[ -835508155980575419 + O(79^10), 3666348771639065092 + O(79^10) ],
[ -584694211010412316 + O(79^10), -2547114246658202925 + O(79^10) ],
[ -1124998153024908400 + O(79^10), 3338209131905606181 + O(79^10) ],
[ 2246565705583312460 + O(79^10), -2343913319758355303 + O(79^10) ],
[ -1124998153024908400 + O(79^10), -3338209131905606181 + O(79^10) ],
[ 2246565705583312460 + O(79^10), 2343913319758355303 + O(79^10) ],
[ -1356112292202471785 + O(79^10), -811738589508323949 + O(79^10) ],
[ 370826477265989289 + O(79^10), -4309799441626311041 + O(79^10) ],
[ -1356112292202471785 + O(79^10), 811738589508323949 + O(79^10) ],
[ 370826477265989289 + O(79^10), 4309799441626311041 + O(79^10) ],
[ -3015260239681953525 + O(79^10), 4283235159503026872 + O(79^10) ],
[ 3781688763679759811 + O(79^10), 1638557543245127882 + O(79^10) ],
[ -3015260239681953525 + O(79^10), -4283235159503026872 + O(79^10) ],
[ 3781688763679759811 + O(79^10), -1638557543245127882 + O(79^10) ],
[ -949704097665802731 + O(79^10), -1139425567834886565 + O(79^10) ],
[ 25612993213893821 + O(79^10), -4043604007590222369 + O(79^10) ],
[ -949704097665802731 + O(79^10), 1139425567834886565 + O(79^10) ],
[ 25612993213893821 + O(79^10), 4043604007590222369 + O(79^10) ],
[ 4659202114807494081 + O(79^10), -4689609422686868144 + O(79^10) ],
[ 4659202114807494081 + O(79^10), 4689609422686868144 + O(79^10) ],
[ -2926456365369057621 + O(79^10), -1233805625494165916 + O(79^10) ],
[ -2451637228803509441 + O(79^10), 58273329423202590 + O(79^10) ],
[ -2926456365369057621 + O(79^10), 1233805625494165916 + O(79^10) ],
[ -2451637228803509441 + O(79^10), -58273329423202590 + O(79^10) ]
*]
There are 1 bad Q_79-points.
Re-computing Coleman data with N2 = 8.
compute basis integrals
compute integrals for rational points
rational integrals [
    (29903060830*79 + O(79^7) 42380520334*79 + O(79^7) -6883630120123 + O(79^7) 
        -8608994392652 + O(79^7)),
    (90990975511*79 + O(79^7) -97238500172*79 + O(79^7) 7478170066245 + O(79^7) 
        -8125896885457 + O(79^7)),
    (7656605157492*79 + O(79^8) 3834541308498*79 + O(79^8) 365468810683143 + 
        O(79^8) -208773981139699 + O(79^8)),
    (O(79^8) O(79^8) O(79^8) O(79^8))
]
compute integrals for fake rational points
fake integrals [
    (-385*79 + O(79^3) 20*79^2 + O(79^3) O(79^3) O(79^3)),
    (186*79 + O(79^3) 2917*79 + O(79^3) -6730 + O(79^3) 176683 + O(79^3)),
    (141764*79 + O(79^4) 93194*79 + O(79^4) 11039491 + O(79^4) 11227877 + 
        O(79^4)),
    (28672*79 + O(79^4) -123716*79 + O(79^4) 1212128 + O(79^4) -15070117 + 
        O(79^4)),
    (3022*79^2 + O(79^4) -88697*79 + O(79^4) -5129753 + O(79^4) -204336 + 
        O(79^4)),
    (-141209*79 + O(79^4) 128213*79 + O(79^4) 4697610 + O(79^4) -12856423 + 
        O(79^4)),
    (58447*79 + O(79^4) -106722*79 + O(79^4) -18654287 + O(79^4) 18487290 + 
        O(79^4)),
    (-107311*79 + O(79^4) -14983*79 + O(79^4) 9645488 + O(79^4) 17982796 + 
        O(79^4)),
    (-170984*79 + O(79^4) 111219*79 + O(79^4) -14386056 + O(79^4) -7463749 + 
        O(79^4)),
    (-5226*79 + O(79^4) 19480*79 + O(79^4) -3735750 + O(79^4) -6959255 + 
        O(79^4)),
    (145729*79 + O(79^4) -91783*79 + O(79^4) 5125791 + O(79^4) -15098321 + 
        O(79^4)),
    (88223*79 + O(79^4) -23713*79 + O(79^4) 15652936 + O(79^4) 10159717 + 
        O(79^4)),
    (234773*79 + O(79^4) 96280*79 + O(79^4) 783947 + O(79^4) -12828219 + 
        O(79^4)),
    (-200760*79 + O(79^4) 28210*79 + O(79^4) -9743198 + O(79^4) 863824 + 
        O(79^4)),
    (121056*79 + O(79^4) -95077*79 + O(79^4) -7919521 + O(79^4) -3876620 + 
        O(79^4)),
    (78659*79 + O(79^4) 175038*79 + O(79^4) -10369153 + O(79^4) 10191305 + 
        O(79^4)),
    (-233593*79 + O(79^4) 99574*79 + O(79^4) 13829259 + O(79^4) 14900161 + 
        O(79^4)),
    (-191196*79 + O(79^4) -170541*79 + O(79^4) 16278891 + O(79^4) 832236 + 
        O(79^4)),
    (134516*79 + O(79^4) 12071*79 + O(79^4) -16608312 + O(79^4) -15589251 + 
        O(79^4)),
    (160055*79 + O(79^4) 94107*79 + O(79^4) 8076502 + O(79^4) -8517171 + 
        O(79^4)),
    (245986*79 + O(79^4) -7574*79 + O(79^4) -16432031 + O(79^4) -12337289 + 
        O(79^4)),
    (220447*79 + O(79^4) -89610*79 + O(79^4) -2166764 + O(79^4) -19409369 + 
        O(79^4)),
    (-3385*79 + O(79^4) -93696*79 + O(79^4) -4665929 + O(79^4) -18524428 + 
        O(79^4)),
    (58323*79 + O(79^4) 177265*79 + O(79^4) 3537826 + O(79^4) 6320045 + 
        O(79^4)),
    (-109152*79 + O(79^4) 98193*79 + O(79^4) 10575667 + O(79^4) -9402112 + 
        O(79^4)),
    (-170860*79 + O(79^4) -172768*79 + O(79^4) 2371912 + O(79^4) 4703496 + 
        O(79^4)),
    (-36787*79 + O(79^4) -12626*79 + O(79^4) -13766938 + O(79^4) -13359118 + 
        O(79^4)),
    (-35689*79 + O(79^4) -25637*79 + O(79^4) 18491211 + O(79^4) -4050864 + 
        O(79^4)),
    (-75750*79 + O(79^4) 17123*79 + O(79^4) -19273405 + O(79^4) -14567422 + 
        O(79^4)),
    (-76848*79 + O(79^4) 30134*79 + O(79^4) -12581473 + O(79^4) 15074405 + 
        O(79^4)),
    (-198312*79 + O(79^4) -128732*79 + O(79^4) 11674833 + O(79^4) 31162 + 
        O(79^4)),
    (64197*79 + O(79^4) -200890*79 + O(79^4) 6313103 + O(79^4) 9951982 + 
        O(79^4)),
    (85775*79 + O(79^4) 133229*79 + O(79^4) -5765095 + O(79^4) 10992379 + 
        O(79^4)),
    (-176734*79 + O(79^4) 205387*79 + O(79^4) -403365 + O(79^4) 1071559 + 
        O(79^4)),
    (-123243*79 + O(79^4) 72500*79 + O(79^4) 10514881 + O(79^4) 1752910 + 
        O(79^4)),
    (127466*79 + O(79^4) 187389*79 + O(79^4) 14778195 + O(79^4) -14559326 + 
        O(79^4)),
    (10706*79 + O(79^4) -68003*79 + O(79^4) -4605143 + O(79^4) 9270631 + 
        O(79^4)),
    (-240003*79 + O(79^4) -182892*79 + O(79^4) -8868457 + O(79^4) -13367214 + 
        O(79^4)),
    (113087*79 + O(79^4) -107028*79 + O(79^4) -119073 + O(79^4) -16216049 + 
        O(79^4)),
    (38221*79 + O(79^4) -200943*79 + O(79^4) -12220293 + O(79^4) 16429121 + 
        O(79^4)),
    (-2856*79^2 + O(79^4) 111525*79 + O(79^4) 6028811 + O(79^4) -11710491 + 
        O(79^4)),
    (-150758*79 + O(79^4) 205440*79 + O(79^4) 18130031 + O(79^4) -5405580 + 
        O(79^4)),
    (-25186*79 + O(79^4) 103729*79 + O(79^4) -3636210 + O(79^4) 2846074 + 
        O(79^4)),
    (-155501*79 + O(79^4) 42778*79 + O(79^4) -1291964 + O(79^4) 9777929 + 
        O(79^4)),
    (-87351*79 + O(79^4) -99232*79 + O(79^4) 9545948 + O(79^4) 8177467 + 
        O(79^4)),
    (42964*79 + O(79^4) -38281*79 + O(79^4) 7201702 + O(79^4) 1245612 + 
        O(79^4)),
    (136928*79 + O(79^4) -216093*79 + O(79^4) 10027829 + O(79^4) 15541320 + 
        O(79^4)),
    (-216915*79 + O(79^4) -63159*79 + O(79^4) -8518606 + O(79^4) 11967992 + 
        O(79^4)),
    (243574*79 + O(79^4) 220590*79 + O(79^4) -4118091 + O(79^4) -4517779 + 
        O(79^4)),
    (104378*79 + O(79^4) 67656*79 + O(79^4) 14428344 + O(79^4) -944451 + 
        O(79^4)),
    (49325*79 + O(79^4) 245227*79 + O(79^4) 2106908 + O(79^4) -14139480 + 
        O(79^4)),
    (-199260*79 + O(79^4) 138207*79 + O(79^4) 19218940 + O(79^4) 3829544 + 
        O(79^4)),
    (-161862*79 + O(79^4) -240730*79 + O(79^4) 3802830 + O(79^4) -13787060 + 
        O(79^4)),
    (86723*79 + O(79^4) -133710*79 + O(79^4) -13309202 + O(79^4) 7193997 + 
        O(79^4)),
    (-50642*79 + O(79^4) 140879*79 + O(79^4) 1106486 + O(79^4) -13507152 + 
        O(79^4)),
    (-209477*79 + O(79^4) 28886*79 + O(79^4) 16407443 + O(79^4) 13023576 + 
        O(79^4)),
    (-61895*79 + O(79^4) -136382*79 + O(79^4) 4803252 + O(79^4) -14419388 + 
        O(79^4)),
    (96940*79 + O(79^4) -24389*79 + O(79^4) -10497705 + O(79^4) -2000035 + 
        O(79^4)),
    (-75422*79 + O(79^4) 124798*79 + O(79^4) 3297883 + O(79^4) 13342215 + 
        O(79^4)),
    (130380*79 + O(79^4) 92560*79 + O(79^4) -15503011 + O(79^4) -150274 + 
        O(79^4)),
    (-37115*79 + O(79^4) -120301*79 + O(79^4) 2611855 + O(79^4) -2318674 + 
        O(79^4)),
    (-242917*79 + O(79^4) -88063*79 + O(79^4) -17537332 + O(79^4) 11173815 + 
        O(79^4)),
    (-202499*79 + O(79^4) -82161*79 + O(79^4) 12138742 + O(79^4) -1806562 + 
        O(79^4)),
    (-139584*79 + O(79^4) 217936*79 + O(79^4) -19036791 + O(79^4) -2218863 + 
        O(79^4)),
    (89962*79 + O(79^4) 86658*79 + O(79^4) -6229004 + O(79^4) 12830103 + 
        O(79^4)),
    (27047*79 + O(79^4) -213439*79 + O(79^4) -14003552 + O(79^4) 13242404 + 
        O(79^4)),
    (-17691*79 + O(79^4) 33571*79 + O(79^4) 1024980 + O(79^4) 1881368 + 
        O(79^4)),
    (-94846*79 + O(79^4) -29074*79 + O(79^4) 4884758 + O(79^4) 9142173 + 
        O(79^4)),
    (225104*79 + O(79^4) -211634*79 + O(79^4) 315358 + O(79^4) 386815 + 
        O(79^4)),
    (209328*79 + O(79^4) 84087*79 + O(79^4) -1436388 + O(79^4) -12449658 + 
        O(79^4)),
    (155398*79 + O(79^4) 216131*79 + O(79^4) 5594380 + O(79^4) 10636726 + 
        O(79^4)),
    (171174*79 + O(79^4) -79590*79 + O(79^4) 7346126 + O(79^4) -15476882 + 
        O(79^4))
]

Use the Mordell-Weil sieve to show that the additional [ 72 ] solutions aren't 
rational.
generating cosets ...
number of cosets: 72
adding information modulo 1
number of cosets: 72
sieving with S = [ 59, 149, 211, 839, 977, 1031, 1451, 1489, 1951, 2053, 2063, 
2293, 2557, 2591, 2659, 2777, 3089, 3109, 3539, 3559, 4177, 4831, 4973 ]
gcd(#J(F_ell), #J(F_q)) (ell in S, q | MM') = 1
with [#J(F_v) : v in S] = [
[ <3, 2, 395>, <5, 1, 711>, <79, 1, 45> ],
[ <3, 2, 2449>, <31, 1, 711>, <79, 1, 279> ],
[ <2, 2, 11455>, <5, 1, 9164>, <29, 1, 1580>, <79, 1, 580> ],
[ <2, 2, 164399>, <79, 1, 8324>, <2081, 1, 316> ],
[ <11, 1, 88559>, <19, 1, 51271>, <59, 1, 16511>, <79, 1, 12331> ],
[ <79, 1, 13231>, <101, 1, 10349>, <131, 1, 7979> ],
[ <19, 1, 112891>, <79, 1, 27151>, <1429, 1, 1501> ],
[ <3, 2, 244031>, <79, 1, 27801>, <3089, 1, 711> ],
[ <11, 1, 338831>, <79, 1, 47179>, <4289, 1, 869> ],
[ <11, 1, 375329>, <79, 1, 52261>, <4751, 1, 869> ],
[ <79, 1, 54641>, <101, 1, 42739>, <541, 1, 7979> ],
[ <79, 1, 67159>, <239, 1, 22199>, <281, 1, 18881> ],
[ <2, 2, 1604569>, <19, 1, 337804>, <79, 1, 81244>, <1069, 1, 6004> ],
[ <3, 2, 704759>, <11, 1, 576621>, <79, 1, 80289>, <811, 1, 7821> ],
[ <79, 1, 88819>, <88819, 1, 79> ],
[ <3, 2, 882509>, <79, 1, 100539>, <11171, 1, 711> ],
[ <3, 2, 1035295>, <5, 1, 1863531>, <79, 1, 117945>, <2621, 1, 3555> ],
[ <19, 1, 517529>, <79, 1, 124469>, <6551, 1, 1501> ],
[ <11, 1, 1106869>, <79, 1, 154121>, <14011, 1, 869> ],
[ <3, 2, 1399169>, <79, 1, 159399>, <89, 1, 141489>, <199, 1, 63279> ],
[ <2, 4, 1054729>, <13, 2, 99856>, <79, 2, 2704> ],
[ <79, 1, 301201>, <359, 1, 66281>, <839, 1, 28361> ],
[ <2, 2, 6100775>, <5, 2, 976124>, <79, 1, 308900>, <3089, 1, 7900> ]
]
and gcd_v(#J(F_v)) = [ <79, 1> ]
starting Mordell Weil sieve
  24 cosets eliminated at v = 59
        48 cosets remaining after v=59
  6 cosets eliminated at v = 149
        42 cosets remaining after v=149
  30 cosets eliminated at v = 211
        12 cosets remaining after v=211
        12 cosets remaining after v=839
        12 cosets remaining after v=977
        12 cosets remaining after v=1031
        12 cosets remaining after v=1451
        12 cosets remaining after v=1489
        12 cosets remaining after v=1951
        12 cosets remaining after v=2053
        12 cosets remaining after v=2063
        12 cosets remaining after v=2293
        12 cosets remaining after v=2557
        12 cosets remaining after v=2591
        12 cosets remaining after v=3089
        12 cosets remaining after v=3109
        12 cosets remaining after v=3559
  12 cosets eliminated at v = 4177
        0 cosets remaining after v=4177
Time: 29.190
done with the MW sieve: true
No additional solutions are rational.


Total time: 16821.590 seconds, Total memory usage: 223.59MB
