Loading "qc_modular.m"
Loading "coleman.m"
Loading "auxpolys.m"
Loading "coho.m"
Loading "froblift.m"
Loading "reductions.m"
Loading "singleintegrals.m"
Loading "misc.m"
Loading "applications.m"
Loading "symplectic_basis.m"
Loading "hecke_correspondence.m"
Loading "hodge.m"
Loading "frobenius.m"
Loading "heights.m"
Loading "second_patch_quartic.m"
Loading "divisor_heights.m"
Loading "qc_init_g2.m"
Loading "mws_qc.m"
Loading "howe_zhu.m"
X_0(287)^*:
Trying transformation with [ 0, 1, 1, 0 ].
Using base point [ 0, -1 ].
Using transformation with [ 0, 1, 1, 0 ].
Using X: Hyperelliptic Curve defined by y^2 = -7*x^6 + 14*x^5 - 15*x^4 + 6*x^3 +
2*x^2 - 4*x + 1 over Rational Field
The Jacobian of X is absolutely simple.
There are 4 points of height <= 1000:
{@ (0 : -1 : 1), (0 : 1 : 1), (-1 : -9 : 2), (-1 : 9 : 2) @}
Time: 0.500
You might want to use the primes [ 3, 5, 19, 23, 29, 31, 53, 59, 67, 89, 97, 
103, 131, 137, 179, 197 ] for QC.
Using p in [ 19, 29 ].
Using base point [ 0, -1 ].
computing CG heights with N1 = 15
computing odd degree model

Start computation of local height at 19 between first pair of divisors
Time: 156.940
Time for first height
Start computation of local height at 19 between second pair of divisors
Time: 53.940
Time for second height
Start computation of local height at 19 between third pair of divisors
Time: 154.720
Time for third height
local heights [ 25081129426909*19^2 + O(19^13), -104520794819396*19 + O(19^13), 
343921349228290*19 + O(19^13) ]
Computing Coleman data with N = 15.

Starting quadratic Chabauty for p = 19.
 Computing Hodge filtration for correspondence 1.
 eta =  (0).
 beta_fil  =  (0 0).
 gamma_fil =  (12*x    0).

 Computing Frobenius structure for correspondence 1.
 The quadratic Chabauty function for correspondence 1 is correct to precision 
19^9.
 All roots of the quadratic Chabauty function(s) are correct to precision at 
least 19^7.

 The common roots of the quadratic Chabauty function(s) in this affine patch are
 [
[ 6695506153*19 + O(19^9), -15580137504 + O(19^9) ],
[ O(19^9), -1 + O(19^9) ],
[ 6695506153*19 + O(19^9), 15580137504 + O(19^9) ],
[ O(19^9), 1 + O(19^9) ],
[ -87206425222 + O(19^9), -4968829634 + O(19^9) ],
[ 142547773110 + O(19^9), 106313418764 + O(19^9) ],
[ -87206425222 + O(19^9), 4968829634 + O(19^9) ],
[ 142547773110 + O(19^9), -106313418764 + O(19^9) ],
[ -67667199082 + O(19^9), 580259630821 + O(19^10) ],
[ -37307571897 + O(19^9), -693893642712 + O(19^10) ],
[ -67667199082 + O(19^9), -580259630821 + O(19^10) ],
[ -37307571897 + O(19^9), 693893642712 + O(19^10) ],
[ 8491781520 + O(19^8), -2122945379 + O(19^8) ],
[ 3231297462 + O(19^8), 8057646667 + O(19^8) ],
[ 8491781520 + O(19^8), 2122945379 + O(19^8) ],
[ 3231297462 + O(19^8), -8057646667 + O(19^8) ],
[ -151428260096 + O(19^9), 36040400451 + O(19^9) ],
[ -140879409765 + O(19^9), -115544949173 + O(19^9) ],
[ -151428260096 + O(19^9), -36040400451 + O(19^9) ],
[ -140879409765 + O(19^9), 115544949173 + O(19^9) ],
[ -113066076825 + O(19^9), 88715688260 + O(19^9) ],
[ -77284180031 + O(19^9), 8573421329 + O(19^9) ],
[ -113066076825 + O(19^9), -88715688260 + O(19^9) ],
[ -77284180031 + O(19^9), -8573421329 + O(19^9) ]
] 

There are 20 fake rational points: [*
[ 6695506153*19 + O(19^9), -15580137504 + O(19^9) ],
[ 6695506153*19 + O(19^9), 15580137504 + O(19^9) ],
[ -87206425222 + O(19^9), -4968829634 + O(19^9) ],
[ 142547773110 + O(19^9), 106313418764 + O(19^9) ],
[ -87206425222 + O(19^9), 4968829634 + O(19^9) ],
[ 142547773110 + O(19^9), -106313418764 + O(19^9) ],
[ -67667199082 + O(19^9), 580259630821 + O(19^10) ],
[ -37307571897 + O(19^9), -693893642712 + O(19^10) ],
[ -67667199082 + O(19^9), -580259630821 + O(19^10) ],
[ -37307571897 + O(19^9), 693893642712 + O(19^10) ],
[ 3231297462 + O(19^8), 8057646667 + O(19^8) ],
[ 3231297462 + O(19^8), -8057646667 + O(19^8) ],
[ -151428260096 + O(19^9), 36040400451 + O(19^9) ],
[ -140879409765 + O(19^9), -115544949173 + O(19^9) ],
[ -151428260096 + O(19^9), -36040400451 + O(19^9) ],
[ -140879409765 + O(19^9), 115544949173 + O(19^9) ],
[ -113066076825 + O(19^9), 88715688260 + O(19^9) ],
[ -77284180031 + O(19^9), 8573421329 + O(19^9) ],
[ -113066076825 + O(19^9), -88715688260 + O(19^9) ],
[ -77284180031 + O(19^9), -8573421329 + O(19^9) ]
*]
There are 1 bad Q_19-points.
Re-computing Coleman data with N2 = 8.
compute basis integrals
compute integrals for rational points
rational integrals [
    (409012553*19 + O(19^8) -352118291*19 + O(19^8) -3347756162 + O(19^8) 
        -7808265012 + O(19^8)),
    (O(19^8) O(19^8) O(19^8) O(19^8)),
    (-1451633*19 + O(19^7) -16793496*19 + O(19^7) -325303508 + O(19^7) 
        -101134565 + O(19^7)),
    (-12948743*19 + O(19^7) -6003628*19 + O(19^7) -340837437 + O(19^7) 337715204
        + O(19^7))
]
compute integrals for fake rational points
fake integrals [
    (167*19 + O(19^3) -7*19^2 + O(19^3) O(19^3) O(19^3)),
    (108*19 + O(19^3) 159*19 + O(19^3) -1724 + O(19^3) 11 + O(19^3)),
    (809*19 + O(19^4) 3094*19 + O(19^4) 29120 + O(19^4) 24874 + O(19^4)),
    (-276*19 + O(19^4) -1835*19 + O(19^4) -27367 + O(19^4) -35242 + O(19^4)),
    (2715*19 + O(19^4) -902*19 + O(19^4) 30887 + O(19^4) 23150 + O(19^4)),
    (-161*19^2 + O(19^4) -2832*19 + O(19^4) -42947 + O(19^4) -47055 + O(19^4)),
    (2744*19 + O(19^4) -2982*19 + O(19^4) -33996 + O(19^4) -62903 + O(19^4)),
    (-43*19 + O(19^4) -2256*19 + O(19^4) 17741 + O(19^4) -23136 + O(19^4)),
    (780*19 + O(19^4) -1685*19 + O(19^4) -36318 + O(19^4) -19394 + O(19^4)),
    (-3292*19 + O(19^4) -2411*19 + O(19^4) 42266 + O(19^4) -59161 + O(19^4)),
    (-2066*19 + O(19^4) 3036*19 + O(19^4) 20306 + O(19^4) -11967 + O(19^4)),
    (-1269*19 + O(19^4) -844*19 + O(19^4) 39701 + O(19^4) 59991 + O(19^4)),
    (2101*19 + O(19^4) -1794*19 + O(19^4) 11137 + O(19^4) -6212 + O(19^4)),
    (392*19 + O(19^4) -903*19 + O(19^4) 25786 + O(19^4) 27703 + O(19^4)),
    (1423*19 + O(19^4) -2873*19 + O(19^4) 48870 + O(19^4) 54236 + O(19^4)),
    (3132*19 + O(19^4) 3095*19 + O(19^4) 34221 + O(19^4) 20321 + O(19^4)),
    (2487*19 + O(19^4) 2806*19 + O(19^4) 1438*19 + O(19^4) 31099 + O(19^4)),
    (-1799*19 + O(19^4) -680*19 + O(19^4) 1455*19 + O(19^4) -61070 + O(19^4)),
    (1037*19 + O(19^4) -614*19 + O(19^4) 32685 + O(19^4) 16925 + O(19^4)),
    (-1536*19 + O(19^4) 2872*19 + O(19^4) 32362 + O(19^4) -21227 + O(19^4))
]
computing CG heights with N1 = 15
computing odd degree model

Start computation of local height at 29 between first pair of divisors
Time: 491.760
Time for first height
Start computation of local height at 29 between second pair of divisors
Time: 201.720
Time for second height
Start computation of local height at 29 between third pair of divisors
Time: 415.270
Time for third height
local heights [ 154683893809238688*29 + O(29^13), -108291338004612081*29 + 
O(29^13), 72310733012504210*29 + O(29^13) ]
Computing Coleman data with N = 15.

Starting quadratic Chabauty for p = 29.
 Computing Hodge filtration for correspondence 1.
 eta =  (0).
 beta_fil  =  (0 0).
 gamma_fil =  (12*x    0).

 Computing Frobenius structure for correspondence 1.
 The quadratic Chabauty function for correspondence 1 is correct to precision 
29^9.
 All roots of the quadratic Chabauty function(s) are correct to precision at 
least 29^8.

 The common roots of the quadratic Chabauty function(s) in this affine patch are
 [
[ 109625477951*29 + O(29^9), -3335318476522 + O(29^9) ],
[ O(29^9), -1 + O(29^9) ],
[ 109625477951*29 + O(29^9), 3335318476522 + O(29^9) ],
[ O(29^9), 1 + O(29^9) ],
[ -3685661364763 + O(29^9), 5703725379061 + O(29^9) ],
[ 4039584430252 + O(29^9), -3977163671901 + O(29^9) ],
[ -3685661364763 + O(29^9), -5703725379061 + O(29^9) ],
[ 4039584430252 + O(29^9), 3977163671901 + O(29^9) ],
[ 1021101254355 + O(29^9), -1061316446835 + O(29^9) ],
[ 1412358835902 + O(29^9), -6016466510974 + O(29^9) ],
[ 1021101254355 + O(29^9), 1061316446835 + O(29^9) ],
[ 1412358835902 + O(29^9), 6016466510974 + O(29^9) ],
[ -5595657091220 + O(29^9), -1395471115968 + O(29^9) ],
[ -6989478883197 + O(29^9), -1936448027160 + O(29^9) ],
[ -5595657091220 + O(29^9), 1395471115968 + O(29^9) ],
[ -6989478883197 + O(29^9), 1936448027160 + O(29^9) ],
[ 7253572987934 + O(29^9), -5440179740952 + O(29^9) ],
[ 7253572987934 + O(29^9), 5440179740952 + O(29^9) ],
[ -1839558471636 + O(29^9), 3530436467356 + O(29^9) ],
[ 6889452127139 + O(29^9), -6304318798266 + O(29^9) ],
[ -1839558471636 + O(29^9), -3530436467356 + O(29^9) ],
[ 6889452127139 + O(29^9), 6304318798266 + O(29^9) ],
[ 1889026623138 + O(29^9), -155784154932 + O(29^9) ],
[ 5556832839782 + O(29^9), 2749820913158 + O(29^9) ],
[ 1889026623138 + O(29^9), 155784154932 + O(29^9) ],
[ 5556832839782 + O(29^9), -2749820913158 + O(29^9) ],
[ 4461245417198 + O(29^9), 6768972189622 + O(29^9) ],
[ -6960362121408 + O(29^9), 6267460520175 + O(29^9) ],
[ 4461245417198 + O(29^9), -6768972189622 + O(29^9) ],
[ -6960362121408 + O(29^9), -6267460520175 + O(29^9) ],
[ 4018554309992 + O(29^9), -1790375252460 + O(29^9) ],
[ 5729614061360 + O(29^9), 12456319075 + O(29^9) ],
[ 4018554309992 + O(29^9), 1790375252460 + O(29^9) ],
[ 5729614061360 + O(29^9), -12456319075 + O(29^9) ],
[ 3075585361285 + O(29^9), 4976080506999 + O(29^9) ],
[ 2051156865509 + O(29^9), -1745224576520 + O(29^9) ],
[ 3075585361285 + O(29^9), -4976080506999 + O(29^9) ],
[ 2051156865509 + O(29^9), 1745224576520 + O(29^9) ]
] 

There are 34 fake rational points: [*
[ 109625477951*29 + O(29^9), -3335318476522 + O(29^9) ],
[ 109625477951*29 + O(29^9), 3335318476522 + O(29^9) ],
[ -3685661364763 + O(29^9), 5703725379061 + O(29^9) ],
[ 4039584430252 + O(29^9), -3977163671901 + O(29^9) ],
[ -3685661364763 + O(29^9), -5703725379061 + O(29^9) ],
[ 4039584430252 + O(29^9), 3977163671901 + O(29^9) ],
[ 1021101254355 + O(29^9), -1061316446835 + O(29^9) ],
[ 1412358835902 + O(29^9), -6016466510974 + O(29^9) ],
[ 1021101254355 + O(29^9), 1061316446835 + O(29^9) ],
[ 1412358835902 + O(29^9), 6016466510974 + O(29^9) ],
[ -5595657091220 + O(29^9), -1395471115968 + O(29^9) ],
[ -6989478883197 + O(29^9), -1936448027160 + O(29^9) ],
[ -5595657091220 + O(29^9), 1395471115968 + O(29^9) ],
[ -6989478883197 + O(29^9), 1936448027160 + O(29^9) ],
[ -1839558471636 + O(29^9), 3530436467356 + O(29^9) ],
[ 6889452127139 + O(29^9), -6304318798266 + O(29^9) ],
[ -1839558471636 + O(29^9), -3530436467356 + O(29^9) ],
[ 6889452127139 + O(29^9), 6304318798266 + O(29^9) ],
[ 1889026623138 + O(29^9), -155784154932 + O(29^9) ],
[ 5556832839782 + O(29^9), 2749820913158 + O(29^9) ],
[ 1889026623138 + O(29^9), 155784154932 + O(29^9) ],
[ 5556832839782 + O(29^9), -2749820913158 + O(29^9) ],
[ 4461245417198 + O(29^9), 6768972189622 + O(29^9) ],
[ -6960362121408 + O(29^9), 6267460520175 + O(29^9) ],
[ 4461245417198 + O(29^9), -6768972189622 + O(29^9) ],
[ -6960362121408 + O(29^9), -6267460520175 + O(29^9) ],
[ 4018554309992 + O(29^9), -1790375252460 + O(29^9) ],
[ 5729614061360 + O(29^9), 12456319075 + O(29^9) ],
[ 4018554309992 + O(29^9), 1790375252460 + O(29^9) ],
[ 5729614061360 + O(29^9), -12456319075 + O(29^9) ],
[ 3075585361285 + O(29^9), 4976080506999 + O(29^9) ],
[ 2051156865509 + O(29^9), -1745224576520 + O(29^9) ],
[ 3075585361285 + O(29^9), -4976080506999 + O(29^9) ],
[ 2051156865509 + O(29^9), 1745224576520 + O(29^9) ]
*]
There are 1 bad Q_29-points.
Re-computing Coleman data with N2 = 8.
compute basis integrals
compute integrals for rational points
rational integrals [
    (2836481283*29 + O(29^8) 2840219076*29 + O(29^8) -136124870501 + O(29^8) 
        86020165646 + O(29^8)),
    (O(29^8) O(29^8) O(29^8) O(29^8)),
    (267795058*29 + O(29^7) 7475586*29 + O(29^7) -1772961247 + O(29^7) 
        -4794924325 + O(29^7)),
    (189392941*29 + O(29^7) -4874935*29^2 + O(29^7) 3647101218 + O(29^7) 
        4565708426 + O(29^7))
]
compute integrals for fake rational points
fake integrals [
    (233*29 + O(29^3) -2*29^2 + O(29^3) O(29^3) O(29^3)),
    (-18*29 + O(29^3) -179*29 + O(29^3) -8345 + O(29^3) -8077 + O(29^3)),
    (-737*29 + O(29^4) 3821*29 + O(29^4) -11636 + O(29^4) 174177 + O(29^4)),
    (-618*29 + O(29^4) 5382*29 + O(29^4) -144572 + O(29^4) 37326 + O(29^4)),
    (-7458*29 + O(29^4) -5740*29 + O(29^4) -143043 + O(29^4) -231032 + O(29^4)),
    (-7577*29 + O(29^4) -7301*29 + O(29^4) -10107 + O(29^4) -94181 + O(29^4)),
    (974*29 + O(29^4) -1890*29 + O(29^4) -42666 + O(29^4) -154602 + O(29^4)),
    (-8082*29 + O(29^4) -7158*29 + O(29^4) 180431 + O(29^4) -8587 + O(29^4)),
    (-9169*29 + O(29^4) -29^2 + O(29^4) -112013 + O(29^4) 97747 + O(29^4)),
    (-113*29 + O(29^4) 5239*29 + O(29^4) -335110 + O(29^4) -48268 + O(29^4)),
    (-5789*29 + O(29^4) 5327*29 + O(29^4) 121578 + O(29^4) -282960 + O(29^4)),
    (6514*29 + O(29^4) 12147*29 + O(29^4) 228617 + O(29^4) -189029 + O(29^4)),
    (-2406*29 + O(29^4) -7246*29 + O(29^4) -276257 + O(29^4) 226105 + O(29^4)),
    (9680*29 + O(29^4) 10323*29 + O(29^4) 323985 + O(29^4) 132174 + O(29^4)),
    (4013*29 + O(29^4) 7161*29 + O(29^4) 145190 + O(29^4) -198986 + O(29^4)),
    (11675*29 + O(29^4) -6017*29 + O(29^4) 339548 + O(29^4) 202693 + O(29^4)),
    (12181*29 + O(29^4) -9080*29 + O(29^4) -299869 + O(29^4) 142131 + O(29^4)),
    (4519*29 + O(29^4) 4098*29 + O(29^4) 213054 + O(29^4) -259548 + O(29^4)),
    (-974*29 + O(29^4) -9966*29 + O(29^4) 225114 + O(29^4) -11002 + O(29^4)),
    (7180*29 + O(29^4) -8904*29 + O(29^4) -239495 + O(29^4) -317764 + O(29^4)),
    (-249*29^2 + O(29^4) 8047*29 + O(29^4) 327488 + O(29^4) -45853 + O(29^4)),
    (9014*29 + O(29^4) 6985*29 + O(29^4) 84816 + O(29^4) 260909 + O(29^4)),
    (247*29 + O(29^4) 7493*29 + O(29^4) -267760 + O(29^4) 33311 + O(29^4)),
    (3349*29 + O(29^4) -10658*29 + O(29^4) 45266 + O(29^4) -235432 + O(29^4)),
    (-8442*29 + O(29^4) -9412*29 + O(29^4) 113081 + O(29^4) -90166 + O(29^4)),
    (-11544*29 + O(29^4) 8739*29 + O(29^4) -199945 + O(29^4) 178577 + O(29^4)),
    (-11515*29 + O(29^4) -2930*29 + O(29^4) 81308 + O(29^4) 64475 + O(29^4)),
    (2879*29 + O(29^4) 2199*29 + O(29^4) -6562 + O(29^4) -115499 + O(29^4)),
    (3320*29 + O(29^4) 1011*29 + O(29^4) -235987 + O(29^4) -121330 + O(29^4)),
    (-11074*29 + O(29^4) -142*29^2 + O(29^4) -148117 + O(29^4) 58644 + O(29^4)),
    (-2143*29 + O(29^4) -1795*29 + O(29^4) -232897 + O(29^4) -77297 + O(29^4)),
    (-7936*29 + O(29^4) -1226*29 + O(29^4) 135780 + O(29^4) -96872 + O(29^4)),
    (-6052*29 + O(29^4) -124*29 + O(29^4) 78218 + O(29^4) 20442 + O(29^4)),
    (-259*29 + O(29^4) -693*29 + O(29^4) -290459 + O(29^4) 40017 + O(29^4))
]

Use the Mordell-Weil sieve to show that the additional [ 20, 34 ] solutions 
aren't rational.
generating cosets ...
number of cosets: 680
adding information modulo 1
number of cosets: 680
sieving with S = [ 3, 5, 13, 29, 101, 179, 353, 359, 421, 449, 461, 509, 541, 
593, 601, 619, 643, 727, 769, 859, 919, 947, 967, 971, 977 ]
gcd(#J(F_ell), #J(F_q)) (ell in S, q | MM') = 1
with [#J(F_v) : v in S] = [
[ <19, 1, 1> ],
[ <29, 1, 1> ],
[ <11, 1, 29>, <29, 1, 11> ],
[ <5, 1, 209>, <11, 1, 95>, <19, 1, 55> ],
[ <5, 1, 2641>, <19, 1, 695>, <139, 1, 95> ],
[ <19, 2, 101>, <101, 1, 361> ],
[ <2, 4, 8341>, <19, 1, 7024>, <439, 1, 304> ],
[ <2, 2, 30419>, <19, 1, 6404>, <1601, 1, 76> ],
[ <2, 4, 11989>, <19, 1, 10096>, <631, 1, 304> ],
[ <2, 6, 3249>, <3, 2, 23104>, <19, 2, 576> ],
[ <29, 1, 7099>, <31, 1, 6641>, <229, 1, 899> ],
[ <29, 1, 8909>, <59, 1, 4379>, <151, 1, 1711> ],
[ <5, 1, 54511>, <19, 2, 755>, <151, 1, 1805> ],
[ <2, 2, 90421>, <19, 1, 19036>, <4759, 1, 76> ],
[ <19, 1, 19291>, <101, 1, 3629>, <191, 1, 1919> ],
[ <7, 2, 8189>, <19, 1, 21119>, <431, 1, 931> ],
[ <19, 1, 22079>, <22079, 1, 19> ],
[ <29, 1, 17909>, <17909, 1, 29> ],
[ <2, 2, 161975>, <5, 2, 25916>, <11, 1, 58900>, <19, 1, 34100>, <31, 1, 20900> 
],
[ <19, 1, 42101>, <42101, 1, 19> ],
[ <19, 1, 47309>, <47309, 1, 19> ],
[ <3, 2, 100775>, <5, 2, 36279>, <29, 1, 31275>, <139, 1, 6525> ],
[ <2, 4, 57101>, <11, 1, 83056>, <29, 1, 31504>, <179, 1, 5104> ],
[ <19, 1, 51761>, <191, 1, 5149>, <271, 1, 3629> ],
[ <19, 1, 46349>, <46349, 1, 19> ]
]
and gcd_v(#J(F_v)) = []
starting Mordell Weil sieve
  612 cosets eliminated at v = 3
        68 cosets remaining after v=3
  68 cosets eliminated at v = 5
        0 cosets remaining after v=5
Time: 0.010
done with the MW sieve: true
No additional solutions are rational.

Total time: 1533.480 seconds, Total memory usage: 129.53MB
