Loading "qc_modular.m"
Loading "coleman.m"
Loading "auxpolys.m"
Loading "coho.m"
Loading "froblift.m"
Loading "reductions.m"
Loading "singleintegrals.m"
Loading "misc.m"
Loading "applications.m"
Loading "symplectic_basis.m"
Loading "hecke_correspondence.m"
Loading "hodge.m"
Loading "frobenius.m"
Loading "heights.m"
Loading "second_patch_quartic.m"
Loading "divisor_heights.m"
Loading "qc_init_g2.m"
Loading "mws_qc.m"
Loading "howe_zhu.m"
X_0(299)^*:
Trying transformation with [ 0, 1, 1, 0 ].
Using base point [ 0, -1 ].
Using transformation with [ 0, 1, 1, 0 ].
Using X: Hyperelliptic Curve defined by y^2 = -3*x^6 - 10*x^5 - 7*x^4 + 6*x^3 + 
6*x^2 - 4*x + 1 over Rational Field
The Jacobian of X is absolutely simple.
There are 4 points of height <= 1000:
{@ (0 : -1 : 1), (0 : 1 : 1), (-2 : -1 : 1), (-2 : 1 : 1) @}
Time: 0.530
You might want to use the primes [ 3, 5, 11, 17, 29, 31, 43, 47, 73, 79, 83 ] 
for QC.
Using p in [ 29, 37, 43 ].
Using base point [ 0, -1 ].
p = 29
computing CG heights with N1 = 15
computing odd degree model

Start computation of local height at 29 between first pair of divisors
Time: 419.650
Time for first height
Start computation of local height at 29 between second pair of divisors
Time: 174.690
Time for second height
Start computation of local height at 29 between third pair of divisors
Time: 423.430
Time for third height
local heights [ 53234738110378298*29 + O(29^13), 9610416818457306*29 + O(29^13),
-52400165650973837*29 + O(29^13) ]
Computing Coleman data with N = 15.

Starting quadratic Chabauty with p = 29.
 Computing Hodge filtration for correspondence 1.
 eta =  (0).
 beta_fil  =  (0 0).
 gamma_fil =  (12*x    0).

 Computing Frobenius structure for correspondence 1.
 The quadratic Chabauty function for correspondence 1 is correct to precision 
29^9.
 All roots of the quadratic Chabauty function(s) are correct to precision at 
least 29^9.

 The common roots of the quadratic Chabauty function(s) in this affine patch are
 [
[ 47814836367*29 + O(29^9), 6645267877132 + O(29^9) ],
[ O(29^9), -1 + O(29^9) ],
[ 47814836367*29 + O(29^9), -6645267877132 + O(29^9) ],
[ O(29^9), 1 + O(29^9) ],
[ -4943881791100 + O(29^9), 5901654303650 + O(29^9) ],
[ -4858047874662 + O(29^9), -4191200954954 + O(29^9) ],
[ -4943881791100 + O(29^9), -5901654303650 + O(29^9) ],
[ -4858047874662 + O(29^9), 4191200954954 + O(29^9) ],
[ 2079947951063 + O(29^9), 3854999331612 + O(29^9) ],
[ -2178194036884 + O(29^9), 5227427170393 + O(29^9) ],
[ 2079947951063 + O(29^9), -3854999331612 + O(29^9) ],
[ -2178194036884 + O(29^9), -5227427170393 + O(29^9) ],
[ -109133433438 + O(29^9), -2537216947243 + O(29^9) ],
[ 1148418178717 + O(29^9), 4333986545764 + O(29^9) ],
[ -109133433438 + O(29^9), 2537216947243 + O(29^9) ],
[ 1148418178717 + O(29^9), -4333986545764 + O(29^9) ],
[ -6883440593835 + O(29^9), -7009330468213 + O(29^9) ],
[ -2 + O(29^9), -1 + O(29^9) ],
[ -6883440593835 + O(29^9), 7009330468213 + O(29^9) ],
[ -2 + O(29^9), 1 + O(29^9) ],
[ 5097327384806 + O(29^9), 2521023396826 + O(29^9) ],
[ 2133686801866 + O(29^9), -4595847059059 + O(29^9) ],
[ 5097327384806 + O(29^9), -2521023396826 + O(29^9) ],
[ 2133686801866 + O(29^9), 4595847059059 + O(29^9) ],
[ 5600417296165 + O(29^9), -4726084151181 + O(29^9) ],
[ 3549659902858 + O(29^9), 391200477379 + O(29^9) ],
[ 5600417296165 + O(29^9), 4726084151181 + O(29^9) ],
[ 3549659902858 + O(29^9), -391200477379 + O(29^9) ],
[ 5202855944621 + O(29^9), 6607699119347 + O(29^9) ],
[ -4139676434436 + O(29^9), -5770397974918 + O(29^9) ],
[ 5202855944621 + O(29^9), -6607699119347 + O(29^9) ],
[ -4139676434436 + O(29^9), 5770397974918 + O(29^9) ],
[ -4656126820112 + O(29^9), -5725619396520 + O(29^9) ],
[ 6456255294499 + O(29^9), -5338090868916 + O(29^9) ],
[ -4656126820112 + O(29^9), 5725619396520 + O(29^9) ],
[ 6456255294499 + O(29^9), 5338090868916 + O(29^9) ]
] 

There are 32 fake rational points: [*
[ 47814836367*29 + O(29^9), 6645267877132 + O(29^9) ],
[ 47814836367*29 + O(29^9), -6645267877132 + O(29^9) ],
[ -4943881791100 + O(29^9), 5901654303650 + O(29^9) ],
[ -4858047874662 + O(29^9), -4191200954954 + O(29^9) ],
[ -4943881791100 + O(29^9), -5901654303650 + O(29^9) ],
[ -4858047874662 + O(29^9), 4191200954954 + O(29^9) ],
[ 2079947951063 + O(29^9), 3854999331612 + O(29^9) ],
[ -2178194036884 + O(29^9), 5227427170393 + O(29^9) ],
[ 2079947951063 + O(29^9), -3854999331612 + O(29^9) ],
[ -2178194036884 + O(29^9), -5227427170393 + O(29^9) ],
[ -109133433438 + O(29^9), -2537216947243 + O(29^9) ],
[ 1148418178717 + O(29^9), 4333986545764 + O(29^9) ],
[ -109133433438 + O(29^9), 2537216947243 + O(29^9) ],
[ 1148418178717 + O(29^9), -4333986545764 + O(29^9) ],
[ -6883440593835 + O(29^9), -7009330468213 + O(29^9) ],
[ -6883440593835 + O(29^9), 7009330468213 + O(29^9) ],
[ 5097327384806 + O(29^9), 2521023396826 + O(29^9) ],
[ 2133686801866 + O(29^9), -4595847059059 + O(29^9) ],
[ 5097327384806 + O(29^9), -2521023396826 + O(29^9) ],
[ 2133686801866 + O(29^9), 4595847059059 + O(29^9) ],
[ 5600417296165 + O(29^9), -4726084151181 + O(29^9) ],
[ 3549659902858 + O(29^9), 391200477379 + O(29^9) ],
[ 5600417296165 + O(29^9), 4726084151181 + O(29^9) ],
[ 3549659902858 + O(29^9), -391200477379 + O(29^9) ],
[ 5202855944621 + O(29^9), 6607699119347 + O(29^9) ],
[ -4139676434436 + O(29^9), -5770397974918 + O(29^9) ],
[ 5202855944621 + O(29^9), -6607699119347 + O(29^9) ],
[ -4139676434436 + O(29^9), 5770397974918 + O(29^9) ],
[ -4656126820112 + O(29^9), -5725619396520 + O(29^9) ],
[ 6456255294499 + O(29^9), -5338090868916 + O(29^9) ],
[ -4656126820112 + O(29^9), 5725619396520 + O(29^9) ],
[ 6456255294499 + O(29^9), 5338090868916 + O(29^9) ]
*]
There are 1 bad Q_29-points.
Re-computing Coleman data with N2 = 8.
compute basis integrals
compute integrals for rational points
rational integrals [
    (202807119*29 + O(29^7) -221379728*29 + O(29^7) 923615359 + O(29^7) 
        -5491878281 + O(29^7)),
    (-234977764*29 + O(29^7) 50743254*29 + O(29^7) -3482246345 + O(29^7) 
        -3346473046 + O(29^7)),
    (-2411463929*29 + O(29^8) 3398303452*29 + O(29^8) -192307270385 + O(29^8) 
        -8838351327 + O(29^8)),
    (O(29^8) O(29^8) O(29^8) O(29^8))
]
compute integrals for fake rational points
fake integrals [
    (-412*29 + O(29^3) 6*29^2 + O(29^3) O(29^3) O(29^3)),
    (-301*29 + O(29^3) -271*29 + O(29^3) -5385 + O(29^3) 2772 + O(29^3)),
    (-2727*29 + O(29^4) -2796*29 + O(29^4) 28339 + O(29^4) 166206 + O(29^4)),
    (-11855*29 + O(29^4) 1987*29 + O(29^4) 209 + O(29^4) 40404 + O(29^4)),
    (1173*29 + O(29^4) -8234*29 + O(29^4) 283333 + O(29^4) -334157 + O(29^4)),
    (10301*29 + O(29^4) 11372*29 + O(29^4) 311463 + O(29^4) -208355 + O(29^4)),
    (4116*29 + O(29^4) -4848*29 + O(29^4) 167943 + O(29^4) -265433 + O(29^4)),
    (-9842*29 + O(29^4) 12177*29 + O(29^4) -302524 + O(29^4) -289271 + O(29^4)),
    (-5670*29 + O(29^4) -6182*29 + O(29^4) 143729 + O(29^4) 97482 + O(29^4)),
    (8288*29 + O(29^4) 1182*29 + O(29^4) -93085 + O(29^4) 121320 + O(29^4)),
    (-5126*29 + O(29^4) -9796*29 + O(29^4) -292599 + O(29^4) 32424 + O(29^4)),
    (-11175*29 + O(29^4) 1448*29 + O(29^4) -195420 + O(29^4) 256072 + O(29^4)),
    (3572*29 + O(29^4) -1234*29 + O(29^4) -103010 + O(29^4) -200375 + O(29^4)),
    (9621*29 + O(29^4) 11911*29 + O(29^4) -200189 + O(29^4) 283258 + O(29^4)),
    (-10134*29 + O(29^4) 5865*29 + O(29^4) -295892 + O(29^4) -344992 + O(29^4)),
    (8580*29 + O(29^4) 7494*29 + O(29^4) -99717 + O(29^4) 177041 + O(29^4)),
    (173*29^2 + O(29^4) 5764*29 + O(29^4) -225511 + O(29^4) 264021 + O(29^4)),
    (-4578*29 + O(29^4) 9812*29 + O(29^4) 187855 + O(29^4) 100432 + O(29^4)),
    (-6571*29 + O(29^4) 7595*29 + O(29^4) -170098 + O(29^4) 275309 + O(29^4)),
    (3024*29 + O(29^4) 3547*29 + O(29^4) 123817 + O(29^4) -268383 + O(29^4)),
    (7699*29 + O(29^4) -8216*29 + O(29^4) -171186 + O(29^4) 85204 + O(29^4)),
    (12001*29 + O(29^4) 7529*29 + O(29^4) 158863 + O(29^4) -348926 + O(29^4)),
    (-9253*29 + O(29^4) -2814*29 + O(29^4) -224423 + O(29^4) -253155 + O(29^4)),
    (10834*29 + O(29^4) 5830*29 + O(29^4) 152809 + O(29^4) 180975 + O(29^4)),
    (147*29^2 + O(29^4) -3148*29 + O(29^4) -37109 + O(29^4) -337564 + O(29^4)),
    (7102*29 + O(29^4) 4747*29 + O(29^4) -10081 + O(29^4) -317351 + O(29^4)),
    (-5817*29 + O(29^4) -7882*29 + O(29^4) 348781 + O(29^4) 169613 + O(29^4)),
    (-8656*29 + O(29^4) 8612*29 + O(29^4) 321753 + O(29^4) 149400 + O(29^4)),
    (-11276*29 + O(29^4) 3010*29 + O(29^4) 18324 + O(29^4) 273871 + O(29^4)),
    (-1908*29 + O(29^4) -10163*29 + O(29^4) -175309 + O(29^4) 125623 + O(29^4)),
    (9722*29 + O(29^4) 10349*29 + O(29^4) 293348 + O(29^4) 265459 + O(29^4)),
    (354*29 + O(29^4) -867*29 + O(29^4) -220300 + O(29^4) -293574 + O(29^4))
]
p = 37
computing CG heights with N1 = 15
computing odd degree model

Start computation of local height at 37 between first pair of divisors
Time: 768.070
Time for first height
Start computation of local height at 37 between second pair of divisors
Time: 318.660
Time for second height
Start computation of local height at 37 between third pair of divisors
Time: 754.130
Time for third height
local heights [ 618489658614845844*37 + O(37^13), 3090979539252334829*37 + 
O(37^13), -3239458466569888979*37 + O(37^13) ]
Computing Coleman data with N = 15.

Starting quadratic Chabauty with p = 37.
 Computing Hodge filtration for correspondence 1.
 eta =  (0).
 beta_fil  =  (0 0).
 gamma_fil =  (-8*x    0).

 Computing Frobenius structure for correspondence 1.
 The quadratic Chabauty function for correspondence 1 is correct to precision 
37^10.
 All roots of the quadratic Chabauty function(s) are correct to precision at 
least 37^10.

 The common roots of the quadratic Chabauty function(s) in this affine patch are
 [
[ -54189173590489*37 + O(37^10), 1436790469044775 + O(37^10) ],
[ O(37^10), -1 + O(37^10) ],
[ -54189173590489*37 + O(37^10), -1436790469044775 + O(37^10) ],
[ O(37^10), 1 + O(37^10) ],
[ 1582239121844844 + O(37^10), -971457405017714 + O(37^10) ],
[ -1447725028356548 + O(37^10), -538204469440506 + O(37^10) ],
[ 1582239121844844 + O(37^10), 971457405017714 + O(37^10) ],
[ -1447725028356548 + O(37^10), 538204469440506 + O(37^10) ],
[ -150145318352705 + O(37^10), -1382174993704723 + O(37^10) ],
[ 2057063605205173 + O(37^10), 405641852382034 + O(37^10) ],
[ -150145318352705 + O(37^10), 1382174993704723 + O(37^10) ],
[ 2057063605205173 + O(37^10), -405641852382034 + O(37^10) ],
[ 2309798451380980 + O(37^10), 523648954234929 + O(37^10) ],
[ -1227234111458711 + O(37^10), 2084362519717753 + O(37^10) ],
[ 2309798451380980 + O(37^10), -523648954234929 + O(37^10) ],
[ -1227234111458711 + O(37^10), -2084362519717753 + O(37^10) ],
[ 1592003050693944 + O(37^10), -2228436900858735 + O(37^10) ],
[ -339348320365452 + O(37^10), 433858007757299 + O(37^10) ],
[ 1592003050693944 + O(37^10), 2228436900858735 + O(37^10) ],
[ -339348320365452 + O(37^10), -433858007757299 + O(37^10) ],
[ -1893601634494285 + O(37^10), 2373132541203545 + O(37^10) ],
[ -2015821458330246 + O(37^10), -2102144426702454 + O(37^10) ],
[ -1893601634494285 + O(37^10), -2373132541203545 + O(37^10) ],
[ -2015821458330246 + O(37^10), 2102144426702454 + O(37^10) ],
[ -1662061221853651 + O(37^10), 751557118205506 + O(37^10) ],
[ 881172915763777 + O(37^10), 393721426246684 + O(37^10) ],
[ -1662061221853651 + O(37^10), -751557118205506 + O(37^10) ],
[ 881172915763777 + O(37^10), -393721426246684 + O(37^10) ],
[ 554482540124888 + O(37^10), -1880227057968384 + O(37^10) ],
[ -2 + O(37^10), -1 + O(37^10) ],
[ 554482540124888 + O(37^10), 1880227057968384 + O(37^10) ],
[ -2 + O(37^10), 1 + O(37^10) ],
[ -1954669133177320 + O(37^10), 1225992919358757 + O(37^10) ],
[ -167070471406696 + O(37^10), 2339786298418632 + O(37^10) ],
[ -1954669133177320 + O(37^10), -1225992919358757 + O(37^10) ],
[ -167070471406696 + O(37^10), -2339786298418632 + O(37^10) ],
[ -2065559980534068 + O(37^10), 152269999701234 + O(37^10) ],
[ -917362873765697 + O(37^10), 808017528818295 + O(37^10) ],
[ -2065559980534068 + O(37^10), -152269999701234 + O(37^10) ],
[ -917362873765697 + O(37^10), -808017528818295 + O(37^10) ],
[ 1474107176252165 + O(37^10), 1551572847889099 + O(37^10) ],
[ 1700220396302333 + O(37^10), 1475077507148530 + O(37^10) ],
[ 1474107176252165 + O(37^10), -1551572847889099 + O(37^10) ],
[ 1700220396302333 + O(37^10), -1475077507148530 + O(37^10) ]
] 

There are 40 fake rational points: [*
[ -54189173590489*37 + O(37^10), 1436790469044775 + O(37^10) ],
[ -54189173590489*37 + O(37^10), -1436790469044775 + O(37^10) ],
[ 1582239121844844 + O(37^10), -971457405017714 + O(37^10) ],
[ -1447725028356548 + O(37^10), -538204469440506 + O(37^10) ],
[ 1582239121844844 + O(37^10), 971457405017714 + O(37^10) ],
[ -1447725028356548 + O(37^10), 538204469440506 + O(37^10) ],
[ -150145318352705 + O(37^10), -1382174993704723 + O(37^10) ],
[ 2057063605205173 + O(37^10), 405641852382034 + O(37^10) ],
[ -150145318352705 + O(37^10), 1382174993704723 + O(37^10) ],
[ 2057063605205173 + O(37^10), -405641852382034 + O(37^10) ],
[ 2309798451380980 + O(37^10), 523648954234929 + O(37^10) ],
[ -1227234111458711 + O(37^10), 2084362519717753 + O(37^10) ],
[ 2309798451380980 + O(37^10), -523648954234929 + O(37^10) ],
[ -1227234111458711 + O(37^10), -2084362519717753 + O(37^10) ],
[ 1592003050693944 + O(37^10), -2228436900858735 + O(37^10) ],
[ -339348320365452 + O(37^10), 433858007757299 + O(37^10) ],
[ 1592003050693944 + O(37^10), 2228436900858735 + O(37^10) ],
[ -339348320365452 + O(37^10), -433858007757299 + O(37^10) ],
[ -1893601634494285 + O(37^10), 2373132541203545 + O(37^10) ],
[ -2015821458330246 + O(37^10), -2102144426702454 + O(37^10) ],
[ -1893601634494285 + O(37^10), -2373132541203545 + O(37^10) ],
[ -2015821458330246 + O(37^10), 2102144426702454 + O(37^10) ],
[ -1662061221853651 + O(37^10), 751557118205506 + O(37^10) ],
[ 881172915763777 + O(37^10), 393721426246684 + O(37^10) ],
[ -1662061221853651 + O(37^10), -751557118205506 + O(37^10) ],
[ 881172915763777 + O(37^10), -393721426246684 + O(37^10) ],
[ 554482540124888 + O(37^10), -1880227057968384 + O(37^10) ],
[ 554482540124888 + O(37^10), 1880227057968384 + O(37^10) ],
[ -1954669133177320 + O(37^10), 1225992919358757 + O(37^10) ],
[ -167070471406696 + O(37^10), 2339786298418632 + O(37^10) ],
[ -1954669133177320 + O(37^10), -1225992919358757 + O(37^10) ],
[ -167070471406696 + O(37^10), -2339786298418632 + O(37^10) ],
[ -2065559980534068 + O(37^10), 152269999701234 + O(37^10) ],
[ -917362873765697 + O(37^10), 808017528818295 + O(37^10) ],
[ -2065559980534068 + O(37^10), -152269999701234 + O(37^10) ],
[ -917362873765697 + O(37^10), -808017528818295 + O(37^10) ],
[ 1474107176252165 + O(37^10), 1551572847889099 + O(37^10) ],
[ 1700220396302333 + O(37^10), 1475077507148530 + O(37^10) ],
[ 1474107176252165 + O(37^10), -1551572847889099 + O(37^10) ],
[ 1700220396302333 + O(37^10), -1475077507148530 + O(37^10) ]
*]
There are 2 bad Q_37-points.
Re-computing Coleman data with N2 = 8.
compute basis integrals
compute integrals for rational points
rational integrals [
    (-689056379*37 + O(37^7) -195945686*37 + O(37^7) 14134986225 + O(37^7) 
        -695116427 + O(37^7)),
    (-694502958*37 + O(37^7) -297165007*37 + O(37^7) 8072230646 + O(37^7) 
        -5427338852 + O(37^7)),
    (24273704753*37 + O(37^8) -18453195556*37 + O(37^8) -1496702817257 + O(37^8)
        468536930386 + O(37^8)),
    (O(37^8) O(37^8) O(37^8) O(37^8))
]
compute integrals for fake rational points
fake integrals [
    (-341*37 + O(37^3) -14*37^2 + O(37^3) O(37^3) O(37^3)),
    (319*37 + O(37^3) -482*37 + O(37^3) -20736 + O(37^3) 23484 + O(37^3)),
    (-16035*37 + O(37^4) -20229*37 + O(37^4) -393995 + O(37^4) 626227 + 
        O(37^4)),
    (-1785*37 + O(37^4) -8665*37 + O(37^4) -110205 + O(37^4) 498577 + O(37^4)),
    (-7260*37 + O(37^4) 16491*37 + O(37^4) 677177 + O(37^4) -197519 + O(37^4)),
    (-21510*37 + O(37^4) 4927*37 + O(37^4) 393387 + O(37^4) -69869 + O(37^4)),
    (11358*37 + O(37^4) 23165*37 + O(37^4) -172946 + O(37^4) -5760*37 + 
        O(37^4)),
    (15914*37 + O(37^4) 89*37 + O(37^4) -831583 + O(37^4) 23985*37 + O(37^4)),
    (16000*37 + O(37^4) 23750*37 + O(37^4) 456128 + O(37^4) 641828 + O(37^4)),
    (11444*37 + O(37^4) -3827*37 + O(37^4) -759396 + O(37^4) -458737 + O(37^4)),
    (17866*37 + O(37^4) 3699*37 + O(37^4) 253116 + O(37^4) 538106 + O(37^4)),
    (-4997*37 + O(37^4) -20397*37 + O(37^4) -226663 + O(37^4) -496229 + 
        O(37^4)),
    (9492*37 + O(37^4) -201*37^2 + O(37^4) 30066 + O(37^4) -109398 + O(37^4)),
    (-18298*37 + O(37^4) 16659*37 + O(37^4) 509845 + O(37^4) 924937 + O(37^4)),
    (-288*37^2 + O(37^4) 20117*37 + O(37^4) -748789 + O(37^4) -150723 + 
        O(37^4)),
    (4369*37 + O(37^4) 4433*37 + O(37^4) -44975 + O(37^4) 191416 + O(37^4)),
    (-12639*37 + O(37^4) -23855*37 + O(37^4) -842190 + O(37^4) 579431 + 
        O(37^4)),
    (22989*37 + O(37^4) -8171*37 + O(37^4) 328157 + O(37^4) 237292 + O(37^4)),
    (-23354*37 + O(37^4) 6149*37 + O(37^4) -489131 + O(37^4) -902703 + O(37^4)),
    (1522*37 + O(37^4) 20130*37 + O(37^4) 655353 + O(37^4) -450637 + O(37^4)),
    (59*37 + O(37^4) -9887*37 + O(37^4) 772313 + O(37^4) -542750 + O(37^4)),
    (-24817*37 + O(37^4) -23868*37 + O(37^4) -372171 + O(37^4) 879345 + 
        O(37^4)),
    (461*37^2 + O(37^4) -20826*37 + O(37^4) 393943 + O(37^4) 447566 + O(37^4)),
    (15690*37 + O(37^4) 11424*37 + O(37^4) -558807 + O(37^4) 303525 + O(37^4)),
    (10301*37 + O(37^4) 17088*37 + O(37^4) -110761 + O(37^4) -18858 + O(37^4)),
    (11668*37 + O(37^4) -15162*37 + O(37^4) 841989 + O(37^4) 125183 + O(37^4)),
    (1519*37 + O(37^4) 5246*37 + O(37^4) 408104 + O(37^4) 761688 + O(37^4)),
    (-24814*37 + O(37^4) -8984*37 + O(37^4) -124922 + O(37^4) -332980 + 
        O(37^4)),
    (12570*37 + O(37^4) 237*37 + O(37^4) -180306 + O(37^4) -57437 + O(37^4)),
    (-6973*37 + O(37^4) -12253*37 + O(37^4) 370587 + O(37^4) 8793 + O(37^4)),
    (14788*37 + O(37^4) -3975*37 + O(37^4) 463488 + O(37^4) 486145 + O(37^4)),
    (-16322*37 + O(37^4) 8515*37 + O(37^4) -87405 + O(37^4) 419915 + O(37^4)),
    (4341*37 + O(37^4) 5347*37 + O(37^4) -327209 + O(37^4) -408252 + O(37^4)),
    (-3097*37 + O(37^4) -21971*37 + O(37^4) -577847 + O(37^4) 330934 + O(37^4)),
    (23017*37 + O(37^4) -9085*37 + O(37^4) 610391 + O(37^4) 836960 + O(37^4)),
    (-20198*37 + O(37^4) 18233*37 + O(37^4) 861029 + O(37^4) 97774 + O(37^4)),
    (17652*37 + O(37^4) 1853*37 + O(37^4) -320485 + O(37^4) 848758 + O(37^4)),
    (-18883*37 + O(37^4) 22902*37 + O(37^4) -924621 + O(37^4) 95845 + O(37^4)),
    (9706*37 + O(37^4) -5591*37 + O(37^4) 603667 + O(37^4) -420050 + O(37^4)),
    (-4412*37 + O(37^4) 649*37^2 + O(37^4) -666358 + O(37^4) 332863 + O(37^4))
]
p = 43
computing CG heights with N1 = 15
computing odd degree model

Start computation of local height at 43 between first pair of divisors
Time: 1116.190
Time for first height
Start computation of local height at 43 between second pair of divisors
Time: 513.540
Time for second height
Start computation of local height at 43 between third pair of divisors
Time: 1194.480
Time for third height
local heights [ -10418068783445289753*43 + O(43^13), 11964972225846459834*43 + 
O(43^13), -3298161802714948526*43 + O(43^13) ]
Computing Coleman data with N = 15.

Starting quadratic Chabauty with p = 43.
 Computing Hodge filtration for correspondence 1.
 eta =  (0).
 beta_fil  =  (0 0).
 gamma_fil =  (-6*x    0).

 Computing Frobenius structure for correspondence 1.
 The quadratic Chabauty function for correspondence 1 is correct to precision 
43^10.
 All roots of the quadratic Chabauty function(s) are correct to precision at 
least 43^9.

 The common roots of the quadratic Chabauty function(s) in this affine patch are
 [
[ 163892938888394*43 + O(43^10), 2034621965970254 + O(43^10) ],
[ O(43^10), -1 + O(43^10) ],
[ 163892938888394*43 + O(43^10), -2034621965970254 + O(43^10) ],
[ O(43^10), 1 + O(43^10) ],
[ 7244926256677546 + O(43^10), -9445334846849864 + O(43^10) ],
[ -2 + O(43^10), -1 + O(43^10) ],
[ 7244926256677546 + O(43^10), 9445334846849864 + O(43^10) ],
[ -2 + O(43^10), 1 + O(43^10) ],
[ -2827078043460505 + O(43^10), 5064377924892173 + O(43^10) ],
[ 7766196643866692 + O(43^10), 1093742132550321 + O(43^10) ],
[ -2827078043460505 + O(43^10), -5064377924892173 + O(43^10) ],
[ 7766196643866692 + O(43^10), -1093742132550321 + O(43^10) ],
[ -3602675960462256 + O(43^10), -7151984530591567 + O(43^10) ],
[ 2892046731253894 + O(43^10), -781358451411789 + O(43^10) ],
[ -3602675960462256 + O(43^10), 7151984530591567 + O(43^10) ],
[ 2892046731253894 + O(43^10), 781358451411789 + O(43^10) ],
[ 3117954259049639 + O(43^10), 4906277302303570 + O(43^10) ],
[ 10608319176956020 + O(43^10), 6719013375074590 + O(43^10) ],
[ 3117954259049639 + O(43^10), -4906277302303570 + O(43^10) ],
[ 10608319176956020 + O(43^10), -6719013375074590 + O(43^10) ],
[ 1838438459237574 + O(43^10), -1413468236175132 + O(43^10) ],
[ 7850973372345530 + O(43^10), 6539092053294999 + O(43^10) ],
[ 1838438459237574 + O(43^10), 1413468236175132 + O(43^10) ],
[ 7850973372345530 + O(43^10), -6539092053294999 + O(43^10) ],
[ 3288127735393815 + O(43^10), 8809119701258973 + O(43^10) ],
[ 5599722380236048 + O(43^10), 9176411514707917 + O(43^10) ],
[ 3288127735393815 + O(43^10), -8809119701258973 + O(43^10) ],
[ 5599722380236048 + O(43^10), -9176411514707917 + O(43^10) ],
[ 9748687205834878 + O(43^10), 4882744498641170 + O(43^10) ],
[ -5820452871706895 + O(43^10), 6229914539057776 + O(43^10) ],
[ 9748687205834878 + O(43^10), -4882744498641170 + O(43^10) ],
[ -5820452871706895 + O(43^10), -6229914539057776 + O(43^10) ],
[ 2233986975667947 + O(43^10), 5493459747568770 + O(43^10) ],
[ 2749065486371513 + O(43^10), 1519331788906340 + O(43^10) ],
[ 2233986975667947 + O(43^10), -5493459747568770 + O(43^10) ],
[ 2749065486371513 + O(43^10), -1519331788906340 + O(43^10) ],
[ 5672208081111459 + O(43^10), -3499974602145071 + O(43^10) ],
[ 8242294380328545 + O(43^10), -5454931508357609 + O(43^10) ],
[ 5672208081111459 + O(43^10), 3499974602145071 + O(43^10) ],
[ 8242294380328545 + O(43^10), 5454931508357609 + O(43^10) ],
[ 9810234332892932 + O(43^10), 2059188140661777 + O(43^10) ],
[ 211390429948152 + O(43^10), -7732219853196762 + O(43^10) ],
[ 9810234332892932 + O(43^10), -2059188140661777 + O(43^10) ],
[ 211390429948152 + O(43^10), 7732219853196762 + O(43^10) ],
[ 8852900608031665 + O(43^10), -3033645562902037 + O(43^10) ],
[ 8852900608031665 + O(43^10), 3033645562902037 + O(43^10) ]
] 

There are 42 fake rational points: [*
[ 163892938888394*43 + O(43^10), 2034621965970254 + O(43^10) ],
[ 163892938888394*43 + O(43^10), -2034621965970254 + O(43^10) ],
[ 7244926256677546 + O(43^10), -9445334846849864 + O(43^10) ],
[ 7244926256677546 + O(43^10), 9445334846849864 + O(43^10) ],
[ -2827078043460505 + O(43^10), 5064377924892173 + O(43^10) ],
[ 7766196643866692 + O(43^10), 1093742132550321 + O(43^10) ],
[ -2827078043460505 + O(43^10), -5064377924892173 + O(43^10) ],
[ 7766196643866692 + O(43^10), -1093742132550321 + O(43^10) ],
[ -3602675960462256 + O(43^10), -7151984530591567 + O(43^10) ],
[ 2892046731253894 + O(43^10), -781358451411789 + O(43^10) ],
[ -3602675960462256 + O(43^10), 7151984530591567 + O(43^10) ],
[ 2892046731253894 + O(43^10), 781358451411789 + O(43^10) ],
[ 3117954259049639 + O(43^10), 4906277302303570 + O(43^10) ],
[ 10608319176956020 + O(43^10), 6719013375074590 + O(43^10) ],
[ 3117954259049639 + O(43^10), -4906277302303570 + O(43^10) ],
[ 10608319176956020 + O(43^10), -6719013375074590 + O(43^10) ],
[ 1838438459237574 + O(43^10), -1413468236175132 + O(43^10) ],
[ 7850973372345530 + O(43^10), 6539092053294999 + O(43^10) ],
[ 1838438459237574 + O(43^10), 1413468236175132 + O(43^10) ],
[ 7850973372345530 + O(43^10), -6539092053294999 + O(43^10) ],
[ 3288127735393815 + O(43^10), 8809119701258973 + O(43^10) ],
[ 5599722380236048 + O(43^10), 9176411514707917 + O(43^10) ],
[ 3288127735393815 + O(43^10), -8809119701258973 + O(43^10) ],
[ 5599722380236048 + O(43^10), -9176411514707917 + O(43^10) ],
[ 9748687205834878 + O(43^10), 4882744498641170 + O(43^10) ],
[ -5820452871706895 + O(43^10), 6229914539057776 + O(43^10) ],
[ 9748687205834878 + O(43^10), -4882744498641170 + O(43^10) ],
[ -5820452871706895 + O(43^10), -6229914539057776 + O(43^10) ],
[ 2233986975667947 + O(43^10), 5493459747568770 + O(43^10) ],
[ 2749065486371513 + O(43^10), 1519331788906340 + O(43^10) ],
[ 2233986975667947 + O(43^10), -5493459747568770 + O(43^10) ],
[ 2749065486371513 + O(43^10), -1519331788906340 + O(43^10) ],
[ 5672208081111459 + O(43^10), -3499974602145071 + O(43^10) ],
[ 8242294380328545 + O(43^10), -5454931508357609 + O(43^10) ],
[ 5672208081111459 + O(43^10), 3499974602145071 + O(43^10) ],
[ 8242294380328545 + O(43^10), 5454931508357609 + O(43^10) ],
[ 9810234332892932 + O(43^10), 2059188140661777 + O(43^10) ],
[ 211390429948152 + O(43^10), -7732219853196762 + O(43^10) ],
[ 9810234332892932 + O(43^10), -2059188140661777 + O(43^10) ],
[ 211390429948152 + O(43^10), 7732219853196762 + O(43^10) ],
[ 8852900608031665 + O(43^10), -3033645562902037 + O(43^10) ],
[ 8852900608031665 + O(43^10), 3033645562902037 + O(43^10) ]
*]
There are 1 bad Q_43-points.
Re-computing Coleman data with N2 = 8.
compute basis integrals
compute integrals for rational points
rational integrals [
    (357679016*43 + O(43^7) -2731306267*43 + O(43^7) 88420231030 + O(43^7) 
        61566276897 + O(43^7)),
    (2517019734*43 + O(43^7) -501071499*43 + O(43^7) 44344547949 + O(43^7) 
        -51648683303 + O(43^7)),
    (135623322779*43 + O(43^8) -34839193011*43 + O(43^8) -954509665449 + O(43^8)
        -4067361573011 + O(43^8)),
    (O(43^8) O(43^8) O(43^8) O(43^8))
]
compute integrals for fake rational points
fake integrals [
    (593*43 + O(43^3) -8*43^2 + O(43^3) O(43^3) O(43^3)),
    (538*43 + O(43^3) 2*43 + O(43^3) 15029 + O(43^3) -30079 + O(43^3)),
    (-35428*43 + O(43^4) -7974*43 + O(43^4) -204424 + O(43^4) 1637404 + 
        O(43^4)),
    (-421*43 + O(43^4) -12707*43 + O(43^4) -734631 + O(43^4) 1433290 + O(43^4)),
    (11915*43 + O(43^4) -39672*43 + O(43^4) -246312 + O(43^4) 1285977 + 
        O(43^4)),
    (-3383*43 + O(43^4) 18499*43 + O(43^4) 890221 + O(43^4) -75790 + O(43^4)),
    (31743*43 + O(43^4) 18991*43 + O(43^4) -692743 + O(43^4) -1634084 + 
        O(43^4)),
    (-32466*43 + O(43^4) -39180*43 + O(43^4) 1589525 + O(43^4) -272317 + 
        O(43^4)),
    (-6064*43 + O(43^4) 39564*43 + O(43^4) -678494 + O(43^4) 1337755 + O(43^4)),
    (-30200*43 + O(43^4) -5529*43 + O(43^4) 1143760 + O(43^4) 1538436 + 
        O(43^4)),
    (-29785*43 + O(43^4) 19262*43 + O(43^4) -260561 + O(43^4) -1685862 + 
        O(43^4)),
    (-5649*43 + O(43^4) -15152*43 + O(43^4) 1335986 + O(43^4) 1532258 + 
        O(43^4)),
    (8724*43 + O(43^4) -28005*43 + O(43^4) 1661289 + O(43^4) 1302136 + O(43^4)),
    (-23936*43 + O(43^4) -38503*43 + O(43^4) -845181 + O(43^4) 1086061 + 
        O(43^4)),
    (34934*43 + O(43^4) 7324*43 + O(43^4) 818457 + O(43^4) -1650243 + O(43^4)),
    (-11913*43 + O(43^4) 17822*43 + O(43^4) -93874 + O(43^4) -1434168 + 
        O(43^4)),
    (-19604*43 + O(43^4) -35125*43 + O(43^4) 1024456 + O(43^4) -1014022 + 
        O(43^4)),
    (-7804*43 + O(43^4) -25576*43 + O(43^4) -675721 + O(43^4) 448150 + O(43^4)),
    (-16245*43 + O(43^4) 14444*43 + O(43^4) 1455290 + O(43^4) 665915 + O(43^4)),
    (-28045*43 + O(43^4) 4895*43 + O(43^4) -263334 + O(43^4) -796257 + O(43^4)),
    (5553*43 + O(43^4) -35688*43 + O(43^4) -809194 + O(43^4) -665015 + O(43^4)),
    (32090*43 + O(43^4) 39245*43 + O(43^4) 1425559 + O(43^4) -64778 + O(43^4)),
    (38105*43 + O(43^4) 349*43^2 + O(43^4) -129861 + O(43^4) 316908 + O(43^4)),
    (11568*43 + O(43^4) 19581*43 + O(43^4) 1054187 + O(43^4) -283329 + O(43^4)),
    (-19379*43 + O(43^4) -22475*43 + O(43^4) 1315996 + O(43^4) 789024 + 
        O(43^4)),
    (15330*43 + O(43^4) -25029*43 + O(43^4) -1520843 + O(43^4) -146484 + 
        O(43^4)),
    (-16470*43 + O(43^4) 1794*43 + O(43^4) 1163750 + O(43^4) -1137131 + 
        O(43^4)),
    (28328*43 + O(43^4) 4348*43 + O(43^4) 581788 + O(43^4) -201623 + O(43^4)),
    (32464*43 + O(43^4) -14733*43 + O(43^4) -276226 + O(43^4) 1331027 + 
        O(43^4)),
    (-9680*43 + O(43^4) 21141*43 + O(43^4) 993435 + O(43^4) 1486945 + O(43^4)),
    (11194*43 + O(43^4) -5948*43 + O(43^4) -662829 + O(43^4) -1679134 + 
        O(43^4)),
    (-26169*43 + O(43^4) 37685*43 + O(43^4) 1486311 + O(43^4) 1583749 + 
        O(43^4)),
    (39526*43 + O(43^4) -13678*43 + O(43^4) -794 + O(43^4) -1300304 + O(43^4)),
    (20523*43 + O(43^4) -13415*43 + O(43^4) 1481674 + O(43^4) -3682 + O(43^4)),
    (4132*43 + O(43^4) -7003*43 + O(43^4) -938261 + O(43^4) 952197 + O(43^4)),
    (23135*43 + O(43^4) -7266*43 + O(43^4) 998072 + O(43^4) -344425 + O(43^4)),
    (-4141*43 + O(43^4) 10989*43 + O(43^4) -486556 + O(43^4) 1662010 + O(43^4)),
    (-26069*43 + O(43^4) -7102*43 + O(43^4) 119142 + O(43^4) 1694432 + O(43^4)),
    (-31708*43 + O(43^4) -31670*43 + O(43^4) -452499 + O(43^4) 1408684 + 
        O(43^4)),
    (-9780*43 + O(43^4) -13579*43 + O(43^4) -1058197 + O(43^4) 1376262 + 
        O(43^4)),
    (-24885*43 + O(43^4) 13915*43 + O(43^4) -1300520 + O(43^4) -1361663 + 
        O(43^4)),
    (-10964*43 + O(43^4) -34596*43 + O(43^4) 361465 + O(43^4) 1013556 + O(43^4))
]

Use the Mordell-Weil sieve to show that the additional [ 32, 40, 42 ] solutions 
aren't rational.
generating cosets ...
number of cosets: 53760
adding information modulo 15
number of cosets: 12096000
sieving with S = [ 5, 7, 31, 43, 47, 59, 71, 79, 83, 89, 97, 101, 103, 131, 137,
149, 151, 163, 197, 223, 233, 241, 269, 271, 283, 293, 313, 317, 331, 347, 389, 
397, 439, 443, 491, 541, 593, 641, 727, 757, 761, 787, 863, 877, 919, 929 ]
gcd(#J(F_ell), #J(F_q)) (ell in S, q | MM') = 1
with [#J(F_v) : v in S] = [
[ <5, 1, 11>, <11, 1, 5> ],
[ <3, 4, 1> ],
[ <3, 2, 109>, <109, 1, 9> ],
[ <5, 1, 449>, <449, 1, 5> ],
[ <3, 2, 209>, <11, 1, 171>, <19, 1, 99> ],
[ <5, 2, 121>, <11, 2, 25> ],
[ <3, 2, 571>, <571, 1, 9> ],
[ <29, 1, 229>, <229, 1, 29> ],
[ <3, 2, 691>, <691, 1, 9> ],
[ <2, 2, 2059>, <29, 1, 284>, <71, 1, 116> ],
[ <5, 1, 2411>, <2411, 1, 5> ],
[ <29, 1, 431>, <431, 1, 29> ],
[ <2, 2, 2871>, <3, 2, 1276>, <11, 1, 1044>, <29, 1, 396> ],
[ <2, 2, 4761>, <3, 2, 2116>, <23, 2, 36> ],
[ <3, 2, 2005>, <5, 1, 3609>, <401, 1, 45> ],
[ <5, 3, 211>, <211, 1, 125> ],
[ <5, 1, 4201>, <4201, 1, 5> ],
[ <3, 2, 2789>, <2789, 1, 9> ],
[ <2, 2, 9405>, <3, 2, 4180>, <5, 1, 7524>, <11, 1, 3420>, <19, 1, 1980> ],
[ <5, 1, 10309>, <13, 2, 305>, <61, 1, 845> ],
[ <2, 2, 12095>, <5, 1, 9676>, <41, 1, 1180>, <59, 1, 820> ],
[ <5, 1, 12709>, <71, 1, 895>, <179, 1, 355> ],
[ <5, 1, 14299>, <79, 1, 905>, <181, 1, 395> ],
[ <2, 4, 4555>, <5, 1, 14576>, <911, 1, 80> ],
[ <3, 2, 8261>, <11, 1, 6759>, <751, 1, 99> ],
[ <2, 4, 5391>, <3, 2, 9584>, <599, 1, 144> ],
[ <3, 2, 10609>, <103, 2, 9> ],
[ <5, 3, 781>, <11, 1, 8875>, <71, 1, 1375> ],
[ <5, 2, 4351>, <19, 1, 5725>, <229, 1, 475> ],
[ <2, 2, 31851>, <3, 2, 14156>, <3539, 1, 36> ],
[ <3, 2, 17029>, <17029, 1, 9> ],
[ <2, 14, 9>, <3, 2, 16384> ],
[ <29, 2, 241>, <241, 1, 841> ],
[ <2, 2, 56405>, <5, 1, 45124>, <29, 1, 7780>, <389, 1, 580> ],
[ <3, 2, 25901>, <59, 1, 3951>, <439, 1, 531> ],
[ <5, 2, 12209>, <29, 1, 10525>, <421, 1, 725> ],
[ <5, 2, 13669>, <13669, 1, 25> ],
[ <5, 2, 16481>, <16481, 1, 25> ],
[ <2, 2, 124961>, <29, 1, 17236>, <31, 1, 16124>, <139, 1, 3596> ],
[ <5, 2, 23389>, <19, 1, 30775>, <1231, 1, 475> ],
[ <29, 1, 19829>, <79, 1, 7279>, <251, 1, 2291> ],
[ <2, 2, 140625>, <3, 2, 62500>, <5, 6, 36> ],
[ <5, 2, 30071>, <30071, 1, 25> ],
[ <5, 2, 29411>, <29411, 1, 25> ],
[ <3, 2, 97645>, <5, 1, 175761>, <59, 1, 14895>, <331, 1, 2655> ],
[ <5, 2, 33611>, <19, 1, 44225>, <29, 1, 28975>, <61, 1, 13775> ]
]
and gcd_v(#J(F_v)) = []
starting Mordell Weil sieve
        12096000 cosets remaining after v=5
  4032000 cosets eliminated at v = 7
        8064000 cosets remaining after v=7
        8064000 cosets remaining after v=31
        8064000 cosets remaining after v=43
        8064000 cosets remaining after v=47
  645120 cosets eliminated at v = 59
        7418880 cosets remaining after v=59
        7418880 cosets remaining after v=71
        7418880 cosets remaining after v=79
        7418880 cosets remaining after v=83
  3709440 cosets eliminated at v = 89
        3709440 cosets remaining after v=89
        3709440 cosets remaining after v=97
        3709440 cosets remaining after v=101
  1391040 cosets eliminated at v = 103
        2318400 cosets remaining after v=103
        2318400 cosets remaining after v=131
  302400 cosets eliminated at v = 137
        2016000 cosets remaining after v=137
        2016000 cosets remaining after v=149
        2016000 cosets remaining after v=151
        2016000 cosets remaining after v=163
        2016000 cosets remaining after v=197
        2016000 cosets remaining after v=223
        2016000 cosets remaining after v=233
        2016000 cosets remaining after v=241
        2016000 cosets remaining after v=269
        2016000 cosets remaining after v=271
        2016000 cosets remaining after v=283
        2016000 cosets remaining after v=293
        2016000 cosets remaining after v=313
  201600 cosets eliminated at v = 317
        1814400 cosets remaining after v=317
        1814400 cosets remaining after v=331
        1814400 cosets remaining after v=347
        1814400 cosets remaining after v=397
        1814400 cosets remaining after v=439
  624960 cosets eliminated at v = 443
        1189440 cosets remaining after v=443
        1189440 cosets remaining after v=491
  282240 cosets eliminated at v = 541
        907200 cosets remaining after v=541
        907200 cosets remaining after v=727
        907200 cosets remaining after v=757
        907200 cosets remaining after v=761
  604800 cosets eliminated at v = 787
        302400 cosets remaining after v=787
        302400 cosets remaining after v=919
  302400 cosets eliminated at v = 929
        0 cosets remaining after v=929
Time: 793.900
done with the MW sieve: true
No additional solutions are rational.

Total time: 6668.939 seconds, Total memory usage: 3195.72MB
