Loading "qc_modular.m"
Loading "coleman.m"
Loading "auxpolys.m"
Loading "coho.m"
Loading "froblift.m"
Loading "reductions.m"
Loading "singleintegrals.m"
Loading "misc.m"
Loading "applications.m"
Loading "symplectic_basis.m"
Loading "hecke_correspondence.m"
Loading "hodge.m"
Loading "frobenius.m"
Loading "heights.m"
Loading "second_patch_quartic.m"
Loading "divisor_heights.m"
Loading "qc_init_g2.m"
Loading "mws_qc.m"
Loading "howe_zhu.m"
X_0(133)^*:
Trying transformation with [ 0, 1, 1, 1 ].
Using base point [ 0, -1 ].
 Computing Hodge filtration for correspondence 1.
 eta =  (0).
 beta_fil  =  (0 0).
 gamma_fil =  (-40*x     0).

 Computing Frobenius structure for correspondence 1.
 The quadratic Chabauty function for correspondence 1 is correct to precision 
5^7.
 All roots of the quadratic Chabauty function(s) are correct to precision at 
least 5^6.

 The common roots of the quadratic Chabauty function(s) in this affine patch are
 [
[ -1953*5 + O(5^7), 19684 + O(5^7) ],
[ O(5^7), -1 + O(5^7) ],
[ -1953*5 + O(5^7), -19684 + O(5^7) ],
[ O(5^7), 1 + O(5^7) ],
[ -39062 + O(5^7), -29297 + O(5^7) ],
[ 24823 + O(5^7), -14207 + O(5^7) ],
[ -39062 + O(5^7), 29297 + O(5^7) ],
[ 24823 + O(5^7), 14207 + O(5^7) ],
[ -19634 + O(5^7), 15969 + O(5^7) ],
[ 1 + O(5^7), -1 + O(5^7) ],
[ -19634 + O(5^7), -15969 + O(5^7) ],
[ 1 + O(5^7), 1 + O(5^7) ]
] 

There are 0 bad Q_5-points.
There are 0 bad Q-points : []
Using transformation with [ 0, 1, 1, 1 ].
Using X: Hyperelliptic Curve defined by y^2 = -63*x^6 + 196*x^5 - 226*x^4 + 
118*x^3 - 23*x^2 - 2*x + 1 over Rational Field
The Jacobian of X is absolutely simple.
There are 8 points of height <= 1000:
{@ (0 : -1 : 1), (0 : 1 : 1), (1 : -1 : 1), (1 : 1 : 1), (1 : -1 : 2), (1 : 1 : 
2), (5 : -83 : 8), (5 : 83 : 8) @}
Time: 0.330
Using p in [ 5, 59 ].
Using base point [ 0, -1 ].
Use independent points [* [*
[
[ 1/2, -1/8 ]
],
[
[ 5/8, 83/512 ]
]
*], [*
[
[ 1, 1 ]
],
[
[ 1/2, -1/8 ]
]
*] *]
splitting indices: [
[ -1, -4 ],
[ 0, -1 ]
]
index in J(Q): 1
Computing Coleman data with N1 = 20.

Starting quadratic Chabauty for p = 5.
 Computing Hodge filtration for correspondence 1.
 eta =  (0).
 beta_fil  =  (0 0).
 gamma_fil =  (-40*x     0).

 Computing Frobenius structure for correspondence 1.
 The quadratic Chabauty function for correspondence 1 is correct to precision 
5^12.
 All roots of the quadratic Chabauty function(s) are correct to precision at 
least 5^11.

 The common roots of the quadratic Chabauty function(s) in this affine patch are
 [
[ 18310547*5 + O(5^12), 74863434 + O(5^12) ],
[ O(5^12), -1 + O(5^12) ],
[ 18310547*5 + O(5^12), -74863434 + O(5^12) ],
[ O(5^12), 1 + O(5^12) ],
[ -122070312 + O(5^12), 30517578 + O(5^12) ],
[ -90365802 + O(5^12), -98529832 + O(5^12) ],
[ -122070312 + O(5^12), -30517578 + O(5^12) ],
[ -90365802 + O(5^12), 98529832 + O(5^12) ],
[ 38339741 + O(5^12), -82874656 + O(5^12) ],
[ 1 + O(5^12), -1 + O(5^12) ],
[ 38339741 + O(5^12), 82874656 + O(5^12) ],
[ 1 + O(5^12), 1 + O(5^12) ]
] 

There are 4 fake rational points: [*
[ -90365802 + O(5^12), -98529832 + O(5^12) ],
[ -90365802 + O(5^12), 98529832 + O(5^12) ],
[ 38339741 + O(5^12), -82874656 + O(5^12) ],
[ 38339741 + O(5^12), 82874656 + O(5^12) ]
*]
There are 0 bad Q_5-points.
Re-computing Coleman data with N2 = 8.
compute basis integrals
compute integrals for rational points
rational integrals [
    (-6239*5 + O(5^7) -4842*5 + O(5^7) 799 + O(5^7) 14106 + O(5^7)),
    (3893*5 + O(5^7) 7338*5 + O(5^7) 22276 + O(5^7) -24552 + O(5^7)),
    (-10986*5 + O(5^8) -7628*5^2 + O(5^8) 59832 + O(5^8) -155221 + O(5^8)),
    (-1397*5^2 + O(5^8) -6239*5 + O(5^8) -114882 + O(5^8) -6709*5^2 + O(5^8)),
    (-17971*5 + O(5^8) 33746*5 + O(5^8) -2202*5^2 + O(5^8) 67679 + O(5^8)),
    (O(5^8) O(5^8) O(5^8) O(5^8)),
    (-4584*5 + O(5^7) -339*5^2 + O(5^7) 273*5^3 + O(5^7) -59*5^4 + O(5^7)),
    (2238*5 + O(5^7) 4191*5 + O(5^7) -442*5^2 + O(5^7) 26429 + O(5^7))
]
compute integrals for fake rational points
fake integrals [
    (-6069*5 + O(5^7) -6278*5 + O(5^7) -3444 + O(5^7) 16773 + O(5^7)),
    (3723*5 + O(5^7) -6851*5 + O(5^7) 26519 + O(5^7) -27219 + O(5^7)),
    (-7221*5 + O(5^7) 1286*5^2 + O(5^7) 33198 + O(5^7) -4484*5 + O(5^7)),
    (39*5^4 + O(5^7) -3934*5 + O(5^7) -10123 + O(5^7) 11974 + O(5^7))
]
Computing Coleman data with N1 = 20.

Starting quadratic Chabauty for p = 59.
 Computing Hodge filtration for correspondence 1.
 eta =  (0).
 beta_fil  =  (0 0).
 gamma_fil =  (-120*x      0).

 Computing Frobenius structure for correspondence 1.
 The quadratic Chabauty function for correspondence 1 is correct to precision 
59^15.
 All roots of the quadratic Chabauty function(s) are correct to precision at 
least 59^14.

 The common roots of the quadratic Chabauty function(s) in this affine patch are
 [
[ 386333221386852557136792*59 + O(59^15), 43410000802460085347280759 + O(59^15) 
],
[ O(59^15), -1 + O(59^15) ],
[ 386333221386852557136792*59 + O(59^15), -43410000802460085347280759 + O(59^15)
],
[ O(59^15), 1 + O(59^15) ],
[ 61981364354864800301709215 + O(59^15), 26936093583605376835024975 + O(59^15) 
],
[ 164654562446586771893002065 + O(59^15), 127470670993301834077925534 + O(59^15)
],
[ 61981364354864800301709215 + O(59^15), -26936093583605376835024975 + O(59^15) 
],
[ 164654562446586771893002065 + O(59^15), -127470670993301834077925534 + 
O(59^15) ],
[ 45676223320077123732537863 + O(59^15), 113476867310816604273023752 + O(59^15) 
],
[ -88834643390226755581191014 + O(59^15), -46201919025960931871882566 + O(59^15)
],
[ 45676223320077123732537863 + O(59^15), -113476867310816604273023752 + O(59^15)
],
[ -88834643390226755581191014 + O(59^15), 46201919025960931871882566 + O(59^15) 
],
[ -29490063311418639373311118 + O(59^15), -3774531789337528060093787 + O(59^15) 
],
[ 123803661775560648125434301 + O(59^15), 167814251613240512165748529 + O(59^15)
],
[ -29490063311418639373311118 + O(59^15), 3774531789337528060093787 + O(59^15) 
],
[ 123803661775560648125434301 + O(59^15), -167814251613240512165748529 + 
O(59^15) ],
[ -64524082296973678341958899 + O(59^15), -125888863284102158196018943 + 
O(59^15) ],
[ 26371440492043015693182965 + O(59^15), -70611152985665509292789937 + O(59^15) 
],
[ -64524082296973678341958899 + O(59^15), 125888863284102158196018943 + O(59^15)
],
[ 26371440492043015693182965 + O(59^15), 70611152985665509292789937 + O(59^15) 
],
[ -62566035875441457008987436 + O(59^15), 102619574308936153783891183 + O(59^15)
],
[ 180337084339203175713735292 + O(59^15), 157681693074495329849631631 + O(59^15)
],
[ -62566035875441457008987436 + O(59^15), -102619574308936153783891183 + 
O(59^15) ],
[ 180337084339203175713735292 + O(59^15), -157681693074495329849631631 + 
O(59^15) ],
[ -88556810873820170474668187 + O(59^15), -67547992376736152569452381 + O(59^15)
],
[ 83165340923299231938786619 + O(59^15), 56322572700034330298570153 + O(59^15) 
],
[ -88556810873820170474668187 + O(59^15), 67547992376736152569452381 + O(59^15) 
],
[ 83165340923299231938786619 + O(59^15), -56322572700034330298570153 + O(59^15) 
],
[ 88978098737487762153825288 + O(59^15), 59558391080660786037167791 + O(59^15) 
],
[ -146117823356945939781818658 + O(59^15), 76992306324154025819567003 + O(59^15)
],
[ 88978098737487762153825288 + O(59^15), -59558391080660786037167791 + O(59^15) 
],
[ -146117823356945939781818658 + O(59^15), -76992306324154025819567003 + 
O(59^15) ],
[ -99386485902834206348098169 + O(59^15), 172718844469692422104526464 + O(59^15)
],
[ -99386485902834206348098169 + O(59^15), -172718844469692422104526464 + 
O(59^15) ],
[ -104764193073715712434550220 + O(59^15), -70797139533374170612690106 + 
O(59^15) ],
[ -176141574423402102878763910 + O(59^15), 109854172456916419126561822 + 
O(59^15) ],
[ -104764193073715712434550220 + O(59^15), 70797139533374170612690106 + O(59^15)
],
[ -176141574423402102878763910 + O(59^15), -109854172456916419126561822 + 
O(59^15) ],
[ 25114031466912945474640471 + O(59^15), 105681486843929584733091178 + O(59^15) 
],
[ 174145779852145344658213739 + O(59^15), 54993131655109697652467681 + O(59^15) 
],
[ 25114031466912945474640471 + O(59^15), -105681486843929584733091178 + O(59^15)
],
[ 174145779852145344658213739 + O(59^15), -54993131655109697652467681 + O(59^15)
],
[ -149993726900870247334641532 + O(59^15), -175660587281064366151148833 + 
O(59^15) ],
[ 34775647028911584474596287 + O(59^15), 167721270743348123314174531 + O(59^15) 
],
[ -149993726900870247334641532 + O(59^15), 175660587281064366151148833 + 
O(59^15) ],
[ 34775647028911584474596287 + O(59^15), -167721270743348123314174531 + O(59^15)
],
[ 23380643225434336153112914 + O(59^15), -170180731722037810658456289 + O(59^15)
],
[ -104219567402900472529323556 + O(59^15), -128425382670023393095784357 + 
O(59^15) ],
[ 23380643225434336153112914 + O(59^15), 170180731722037810658456289 + O(59^15) 
],
[ -104219567402900472529323556 + O(59^15), 128425382670023393095784357 + 
O(59^15) ],
[ 103943172036411823347046436 + O(59^15), -174361529727109825567016331 + 
O(59^15) ],
[ 56448290998414935188393977 + O(59^15), -145743913329794695190773448 + O(59^15)
],
[ 103943172036411823347046436 + O(59^15), 174361529727109825567016331 + O(59^15)
],
[ 56448290998414935188393977 + O(59^15), 145743913329794695190773448 + O(59^15) 
],
[ 144466131425928124790471496 + O(59^15), -82904077559630738240506451 + O(59^15)
],
[ 21136740858065561613366478 + O(59^15), -52837446464290542876982700 + O(59^15) 
],
[ 144466131425928124790471496 + O(59^15), 82904077559630738240506451 + O(59^15) 
],
[ 21136740858065561613366478 + O(59^15), 52837446464290542876982700 + O(59^15) 
],
[ -8906391007181825833435165 + O(59^15), -179712751040678942949171335 + O(59^15)
],
[ 146069080766751924059150861 + O(59^15), -8732872820157712715036657 + O(59^15) 
],
[ -8906391007181825833435165 + O(59^15), 179712751040678942949171335 + O(59^15) 
],
[ 146069080766751924059150861 + O(59^15), 8732872820157712715036657 + O(59^15) 
],
[ -182704893280308494930151449 + O(59^15), -137028669960231371197613587 + 
O(59^15) ],
[ 67164946963350498417504587 + O(59^15), -67739799985238826688917782 + O(59^15) 
],
[ -182704893280308494930151449 + O(59^15), 137028669960231371197613587 + 
O(59^15) ],
[ 67164946963350498417504587 + O(59^15), 67739799985238826688917782 + O(59^15) 
],
[ -176666404732669274771120638 + O(59^15), -108749719857519771691786794 + 
O(59^15) ],
[ 1 + O(59^15), -1 + O(59^15) ],
[ -176666404732669274771120638 + O(59^15), 108749719857519771691786794 + 
O(59^15) ],
[ 1 + O(59^15), 1 + O(59^15) ]
] 

There are 62 fake rational points: [*
[ 386333221386852557136792*59 + O(59^15), 43410000802460085347280759 + O(59^15) 
],
[ 386333221386852557136792*59 + O(59^15), -43410000802460085347280759 + O(59^15)
],
[ 61981364354864800301709215 + O(59^15), 26936093583605376835024975 + O(59^15) 
],
[ 164654562446586771893002065 + O(59^15), 127470670993301834077925534 + O(59^15)
],
[ 61981364354864800301709215 + O(59^15), -26936093583605376835024975 + O(59^15) 
],
[ 164654562446586771893002065 + O(59^15), -127470670993301834077925534 + 
O(59^15) ],
[ -88834643390226755581191014 + O(59^15), -46201919025960931871882566 + O(59^15)
],
[ -88834643390226755581191014 + O(59^15), 46201919025960931871882566 + O(59^15) 
],
[ -29490063311418639373311118 + O(59^15), -3774531789337528060093787 + O(59^15) 
],
[ 123803661775560648125434301 + O(59^15), 167814251613240512165748529 + O(59^15)
],
[ -29490063311418639373311118 + O(59^15), 3774531789337528060093787 + O(59^15) 
],
[ 123803661775560648125434301 + O(59^15), -167814251613240512165748529 + 
O(59^15) ],
[ -64524082296973678341958899 + O(59^15), -125888863284102158196018943 + 
O(59^15) ],
[ 26371440492043015693182965 + O(59^15), -70611152985665509292789937 + O(59^15) 
],
[ -64524082296973678341958899 + O(59^15), 125888863284102158196018943 + O(59^15)
],
[ 26371440492043015693182965 + O(59^15), 70611152985665509292789937 + O(59^15) 
],
[ -62566035875441457008987436 + O(59^15), 102619574308936153783891183 + O(59^15)
],
[ 180337084339203175713735292 + O(59^15), 157681693074495329849631631 + O(59^15)
],
[ -62566035875441457008987436 + O(59^15), -102619574308936153783891183 + 
O(59^15) ],
[ 180337084339203175713735292 + O(59^15), -157681693074495329849631631 + 
O(59^15) ],
[ -88556810873820170474668187 + O(59^15), -67547992376736152569452381 + O(59^15)
],
[ 83165340923299231938786619 + O(59^15), 56322572700034330298570153 + O(59^15) 
],
[ -88556810873820170474668187 + O(59^15), 67547992376736152569452381 + O(59^15) 
],
[ 83165340923299231938786619 + O(59^15), -56322572700034330298570153 + O(59^15) 
],
[ 88978098737487762153825288 + O(59^15), 59558391080660786037167791 + O(59^15) 
],
[ -146117823356945939781818658 + O(59^15), 76992306324154025819567003 + O(59^15)
],
[ 88978098737487762153825288 + O(59^15), -59558391080660786037167791 + O(59^15) 
],
[ -146117823356945939781818658 + O(59^15), -76992306324154025819567003 + 
O(59^15) ],
[ -99386485902834206348098169 + O(59^15), 172718844469692422104526464 + O(59^15)
],
[ -99386485902834206348098169 + O(59^15), -172718844469692422104526464 + 
O(59^15) ],
[ -104764193073715712434550220 + O(59^15), -70797139533374170612690106 + 
O(59^15) ],
[ -176141574423402102878763910 + O(59^15), 109854172456916419126561822 + 
O(59^15) ],
[ -104764193073715712434550220 + O(59^15), 70797139533374170612690106 + O(59^15)
],
[ -176141574423402102878763910 + O(59^15), -109854172456916419126561822 + 
O(59^15) ],
[ 25114031466912945474640471 + O(59^15), 105681486843929584733091178 + O(59^15) 
],
[ 174145779852145344658213739 + O(59^15), 54993131655109697652467681 + O(59^15) 
],
[ 25114031466912945474640471 + O(59^15), -105681486843929584733091178 + O(59^15)
],
[ 174145779852145344658213739 + O(59^15), -54993131655109697652467681 + O(59^15)
],
[ -149993726900870247334641532 + O(59^15), -175660587281064366151148833 + 
O(59^15) ],
[ 34775647028911584474596287 + O(59^15), 167721270743348123314174531 + O(59^15) 
],
[ -149993726900870247334641532 + O(59^15), 175660587281064366151148833 + 
O(59^15) ],
[ 34775647028911584474596287 + O(59^15), -167721270743348123314174531 + O(59^15)
],
[ 23380643225434336153112914 + O(59^15), -170180731722037810658456289 + O(59^15)
],
[ -104219567402900472529323556 + O(59^15), -128425382670023393095784357 + 
O(59^15) ],
[ 23380643225434336153112914 + O(59^15), 170180731722037810658456289 + O(59^15) 
],
[ -104219567402900472529323556 + O(59^15), 128425382670023393095784357 + 
O(59^15) ],
[ 103943172036411823347046436 + O(59^15), -174361529727109825567016331 + 
O(59^15) ],
[ 56448290998414935188393977 + O(59^15), -145743913329794695190773448 + O(59^15)
],
[ 103943172036411823347046436 + O(59^15), 174361529727109825567016331 + O(59^15)
],
[ 56448290998414935188393977 + O(59^15), 145743913329794695190773448 + O(59^15) 
],
[ 144466131425928124790471496 + O(59^15), -82904077559630738240506451 + O(59^15)
],
[ 21136740858065561613366478 + O(59^15), -52837446464290542876982700 + O(59^15) 
],
[ 144466131425928124790471496 + O(59^15), 82904077559630738240506451 + O(59^15) 
],
[ 21136740858065561613366478 + O(59^15), 52837446464290542876982700 + O(59^15) 
],
[ -8906391007181825833435165 + O(59^15), -179712751040678942949171335 + O(59^15)
],
[ 146069080766751924059150861 + O(59^15), -8732872820157712715036657 + O(59^15) 
],
[ -8906391007181825833435165 + O(59^15), 179712751040678942949171335 + O(59^15) 
],
[ 146069080766751924059150861 + O(59^15), 8732872820157712715036657 + O(59^15) 
],
[ 67164946963350498417504587 + O(59^15), -67739799985238826688917782 + O(59^15) 
],
[ 67164946963350498417504587 + O(59^15), 67739799985238826688917782 + O(59^15) 
],
[ -176666404732669274771120638 + O(59^15), -108749719857519771691786794 + 
O(59^15) ],
[ -176666404732669274771120638 + O(59^15), 108749719857519771691786794 + 
O(59^15) ]
*]
There are 0 bad Q_59-points.
Re-computing Coleman data with N2 = 8.
compute basis integrals
compute integrals for rational points
rational integrals [
    (8563367215*59 + O(59^7) -11094573724*59 + O(59^7) 563137868555 + O(59^7) 
        -626460937875 + O(59^7)),
    (11761464232*59 + O(59^7) 333445254*59 + O(59^7) -218473509237 + O(59^7) 
        -213767913076 + O(59^7)),
    (90757261316*59 + O(59^8) -272407697531*59 + O(59^8) 42809361499668 + 
        O(59^8) -28314069232308 + O(59^8)),
    (899719843874*59 + O(59^8) 472549237266*59 + O(59^8) 72013271161324 + 
        O(59^8) -24787840799842 + O(59^8)),
    (990477105190*59 + O(59^8) 200141539735*59 + O(59^8) -542505168531*59 + 
        O(59^8) -53101910032150 + O(59^8)),
    (O(59^8) O(59^8) O(59^8) O(59^8)),
    (-5759891600*59 + O(59^7) 6032160706*59 + O(59^7) -641814522670 + O(59^7) 
        779241308709 + O(59^7)),
    (-16095810594*59 + O(59^7) -16793289176*59 + O(59^7) 986478881988 + O(59^7) 
        869181325159 + O(59^7))
]
compute integrals for fake rational points
fake integrals [
    (-1459852247*59 + O(59^7) 211034383*59^2 + O(59^7) -5394977*59^3 + O(59^7) 
        -64116*59^4 + O(59^7)),
    (-20395849947*59 + O(59^7) 18968376574*59 + O(59^7) -17558849902*59 + 
        O(59^7) -63312133075 + O(59^7)),
    (-17279538367*59 + O(59^7) -19464154319*59 + O(59^7) 227461967144 + O(59^7) 
        -471779811188 + O(59^7)),
    (-16187392330*59 + O(59^7) 7967908045*59 + O(59^7) 571992006472 + O(59^7) 
        1045495487840 + O(59^7)),
    (-4576163827*59 + O(59^7) 8703025849*59 + O(59^7) 117202392174 + O(59^7) 
        -368449039763 + O(59^7)),
    (-5668309864*59 + O(59^7) -18729036515*59 + O(59^7) -227327647154 + O(59^7) 
        602927146028 + O(59^7)),
    (17334837867*59 + O(59^7) -7318214373*59 + O(59^7) -838598862339 + O(59^7) 
        721227552768 + O(59^7)),
    (2989993580*59 + O(59^7) -3442914097*59 + O(59^7) 1183263221657 + O(59^7) 
        927195081100 + O(59^7)),
    (9164901224*59 + O(59^7) -11304866471*59 + O(59^7) 176989035812 + O(59^7) 
        1147101328209 + O(59^7)),
    (-10223000762*59 + O(59^7) 8656824437*59 + O(59^7) -651331279962 + O(59^7) 
        -345370050331 + O(59^7)),
    (11159930223*59 + O(59^7) 543738001*59 + O(59^7) 167675323506 + O(59^7) 
        501321305659 + O(59^7)),
    (-11632701432*59 + O(59^7) -19417952907*59 + O(59^7) 995995639280 + O(59^7) 
        -494858800620 + O(59^7)),
    (18365129228*59 + O(59^7) -19373014723*59 + O(59^7) 865667342990 + O(59^7) 
        -483696557056 + O(59^7)),
    (-7935032250*59 + O(59^7) -8530725401*59 + O(59^7) 405743024738 + O(59^7) 
        -331390154034 + O(59^7)),
    (1959702219*59 + O(59^7) 8611886253*59 + O(59^7) -521002983672 + O(59^7) 
        -356532293895 + O(59^7)),
    (-13920669944*59 + O(59^7) -2230403069*59 + O(59^7) -61078665420 + O(59^7) 
        -508838696917 + O(59^7)),
    (-7168421456*59 + O(59^7) -6363852127*59 + O(59^7) 235955838166 + O(59^7) 
        -263908311304 + O(59^7)),
    (-12554893148*59 + O(59^7) 3034042843*59 + O(59^7) -1075794569910 + O(59^7) 
        -792827483020 + O(59^7)),
    (-14687280738*59 + O(59^7) -4397276343*59 + O(59^7) 108708521152 + O(59^7) 
        -576320539647 + O(59^7)),
    (-9300809046*59 + O(59^7) -13795171313*59 + O(59^7) -1068192555591 + O(59^7)
        -47401367931 + O(59^7)),
    (18912409960*59 + O(59^7) 14068882390*59 + O(59^7) 299889379525 + O(59^7) 
        -993506205567 + O(59^7)),
    (-15043470247*59 + O(59^7) 369924092*59 + O(59^7) -621004687478 + O(59^7) 
        800362504328 + O(59^7)),
    (1412421487*59 + O(59^7) 17350522781*59 + O(59^7) 44774979793 + O(59^7) 
        153277354616 + O(59^7)),
    (-6812231947*59 + O(59^7) -11131052562*59 + O(59^7) 965669046796 + O(59^7) 
        848060129540 + O(59^7)),
    (-3537360023*59 + O(59^7) 7545967502*59 + O(59^7) -351351289355 + O(59^7) 
        3775733299 + O(59^7)),
    (-4658759649*59 + O(59^7) 11772321491*59 + O(59^7) 144137494170 + O(59^7) 
        553345273175 + O(59^7)),
    (-18318342171*59 + O(59^7) -18307095972*59 + O(59^7) 696015648673 + O(59^7) 
        -844004584250 + O(59^7)),
    (-17196942545*59 + O(59^7) 19647083680*59 + O(59^7) 200526865148 + O(59^7) 
        1095077360693 + O(59^7)),
    (18529452276*59 + O(59^7) -18596841431*59 + O(59^7) 1092138921669 + O(59^7) 
        -297384571217 + O(59^7)),
    (1795379171*59 + O(59^7) 7835712961*59 + O(59^7) -747474562351 + O(59^7) 
        -542844279734 + O(59^7)),
    (8887580664*59 + O(59^7) -19167302274*59 + O(59^7) 167927282738 + O(59^7) 
        -964358120974 + O(59^7)),
    (12714754756*59 + O(59^7) -158131604*59^2 + O(59^7) 974041337989 + O(59^7) 
        819693190229 + O(59^7)),
    (11437250783*59 + O(59^7) 8406173804*59 + O(59^7) 176737076580 + O(59^7) 
        124129270023 + O(59^7)),
    (7610076691*59 + O(59^7) -1431363834*59 + O(59^7) -629376978671 + O(59^7) 
        828729443639 + O(59^7)),
    (14649413507*59 + O(59^7) 19644989587*59 + O(59^7) 198819853024 + O(59^7) 
        -494015148386 + O(59^7)),
    (-2527097586*59 + O(59^7) -17856677842*59 + O(59^7) -1127328733686 + O(59^7)
        -1166320391820 + O(59^7)),
    (5675417940*59 + O(59^7) 11774415584*59 + O(59^7) 145844506294 + O(59^7) 
        -346213702565 + O(59^7)),
    (-19328604608*59 + O(59^7) 7095549372*59 + O(59^7) -1016658391815 + O(59^7) 
        326091540869 + O(59^7)),
    (-12930535502*59 + O(59^7) -21008758095*59 + O(59^7) 693147388375 + O(59^7) 
        -504848839230 + O(59^7)),
    (-6423711779*59 + O(59^7) -1952910530*59 + O(59^7) -547601329912 + O(59^7) 
        609635691178 + O(59^7)),
    (-8925166692*59 + O(59^7) 10247629625*59 + O(59^7) -348483029057 + O(59^7) 
        -335380011721 + O(59^7)),
    (-15431990415*59 + O(59^7) -8808217940*59 + O(59^7) 892265689230 + O(59^7) 
        1038786942690 + O(59^7)),
    (-2131610693*59 + O(59^7) 2027213511*59 + O(59^7) -1226298472107 + O(59^7) 
        586217314368 + O(59^7)),
    (19305951589*59 + O(59^7) 1173275555*59 + O(59^7) 841383978174 + O(59^7) 
        -475793917993 + O(59^7)),
    (-19724091501*59 + O(59^7) -216751559*59^2 + O(59^7) -917688653394 + O(59^7)
        1062205319500 + O(59^7)),
    (1018879858*59 + O(59^7) -11934404025*59 + O(59^7) -496719618856 + O(59^7) 
        -364434932958 + O(59^7)),
    (6398824776*59 + O(59^7) 1294296458*59 + O(59^7) 830281034394 + O(59^7) 
        -503402793368 + O(59^7)),
    (14570128862*59 + O(59^7) 14982961530*59 + O(59^7) -1188398462499 + O(59^7) 
        443670621239 + O(59^7)),
    (13926006671*59 + O(59^7) -12055424928*59 + O(59^7) -485616675076 + O(59^7) 
        -336826057583 + O(59^7)),
    (5754702585*59 + O(59^7) 16436443641*59 + O(59^7) -955588663002 + O(59^7) 
        1204752012629 + O(59^7)),
    (11671755495*59 + O(59^7) 17459012429*59 + O(59^7) 115145564997 + O(59^7) 
        -852461583553 + O(59^7)),
    (-18294412244*59 + O(59^7) -5083796488*59 + O(59^7) -702050844875 + O(59^7) 
        329573728827 + O(59^7)),
    (8653075952*59 + O(59^7) 13960392742*59 + O(59^7) 229518794321 + O(59^7) 
        12232732602 + O(59^7)),
    (-3561289950*59 + O(59^7) -5677331982*59 + O(59^7) 1046715204193 + O(59^7) 
        -1169802579778 + O(59^7)),
    (11492961750*59 + O(59^7) -18553628350*59 + O(59^7) -351984556909 + O(59^7) 
        -1185090029425 + O(59^7)),
    (-19860618099*59 + O(59^7) 20403525460*59 + O(59^7) 574903214012 + O(59^7) 
        554738676835 + O(59^7)),
    (8831869697*59 + O(59^7) 7792499880*59 + O(59^7) 696648916227 + O(59^7) 
        344861178474 + O(59^7)),
    (-1995084095*59 + O(59^7) 11015879711*59 + O(59^7) -230238854694 + O(59^7) 
        1093683957033 + O(59^7)),
    (5118082601*59 + O(59^7) 12645562885*59 + O(59^7) 126942700654 + O(59^7) 
        -1158438247505 + O(59^7)),
    (15206748846*59 + O(59^7) 18773842286*59 + O(59^7) 217721658664 + O(59^7) 
        318209396554 + O(59^7)),
    (18863145695*59 + O(59^7) -11602117906*59 + O(59^7) -681071036832 + O(59^7) 
        1083287616211 + O(59^7)),
    (1461685752*59 + O(59^7) 840989436*59 + O(59^7) 1025735396150 + O(59^7) 
        565135017657 + O(59^7))
]

Use the Mordell-Weil sieve to show that the additional [ 4, 62 ] solutions 
aren't rational.
generating cosets ...
number of cosets: 248
adding information modulo 1
number of cosets: 248
sieving with S = [ 79, 109, 127, 131, 157, 199, 227, 263, 293, 317, 347, 349, 
509, 541, 563, 587 ]
gcd(#J(F_ell), #J(F_q)) (ell in S, q | MM') = 1
with [#J(F_v) : v in S] = [
[ <2, 2, 2025>, <3, 4, 100>, <5, 2, 324> ],
[ <59, 1, 191>, <191, 1, 59> ],
[ <2, 2, 3295>, <5, 1, 2636>, <659, 1, 20> ],
[ <5, 2, 649>, <11, 1, 1475>, <59, 1, 275> ],
[ <5, 1, 5279>, <5279, 1, 5> ],
[ <5, 1, 7211>, <7211, 1, 5> ],
[ <5, 1, 12251>, <12251, 1, 5> ],
[ <3, 2, 8545>, <5, 1, 15381>, <1709, 1, 45> ],
[ <3, 2, 9995>, <5, 1, 17991>, <1999, 1, 45> ],
[ <2, 4, 5841>, <3, 2, 10384>, <11, 1, 8496>, <59, 1, 1584> ],
[ <3, 2, 14995>, <5, 1, 26991>, <2999, 1, 45> ],
[ <5, 2, 4681>, <31, 1, 3775>, <151, 1, 775> ],
[ <2, 10, 225>, <3, 2, 25600>, <5, 2, 9216> ],
[ <2, 4, 18349>, <59, 1, 4976>, <311, 1, 944> ],
[ <5, 2, 12991>, <11, 1, 29525>, <1181, 1, 275> ],
[ <2, 2, 77821>, <59, 1, 5276>, <1319, 1, 236> ]
]
and gcd_v(#J(F_v)) = []
starting Mordell Weil sieve
        248 cosets remaining after v=79
  24 cosets eliminated at v = 109
        224 cosets remaining after v=109
        224 cosets remaining after v=127
  212 cosets eliminated at v = 131
        12 cosets remaining after v=131
        12 cosets remaining after v=157
        12 cosets remaining after v=199
        12 cosets remaining after v=263
        12 cosets remaining after v=293
  10 cosets eliminated at v = 317
        2 cosets remaining after v=317
        2 cosets remaining after v=347
        2 cosets remaining after v=349
  2 cosets eliminated at v = 509
        0 cosets remaining after v=509
Time: 2.960
done with the MW sieve: true
No additional solutions are rational.

Total time: 110.259 seconds, Total memory usage: 129.53MB
