Loading "qc_modular.m"
Loading "coleman.m"
Loading "auxpolys.m"
Loading "coho.m"
Loading "froblift.m"
Loading "reductions.m"
Loading "singleintegrals.m"
Loading "misc.m"
Loading "applications.m"
Loading "symplectic_basis.m"
Loading "hecke_correspondence.m"
Loading "hodge.m"
Loading "frobenius.m"
Loading "heights.m"
Loading "second_patch_quartic.m"
Loading "divisor_heights.m"
Loading "qc_init_g2.m"
Loading "mws_qc.m"
Loading "howe_zhu.m"
X_0(205)^*:
Trying transformation with [ 0, 1, 1, 1 ].
Using base point [ -1, -7 ].
 Computing Hodge filtration for correspondence 1.
 eta =  (0).
 beta_fil  =  (0 0).
 gamma_fil =  (8*x + 8       0).

 Computing Frobenius structure for correspondence 1.
 The quadratic Chabauty function for correspondence 1 is correct to precision 
17^9.
 All roots of the quadratic Chabauty function(s) are correct to precision at 
least 17^8.

 The common roots of the quadratic Chabauty function(s) in this affine patch are
 [
[ -152532996*17^2 + O(17^9), -7862541804 + O(17^9) ],
[ O(17^9), -1 + O(17^9) ],
[ -152532996*17^2 + O(17^9), 7862541804 + O(17^9) ],
[ O(17^9), 1 + O(17^9) ],
[ 44778781771 + O(17^9), 51144696910 + O(17^9) ],
[ 53184698586 + O(17^9), 7877595523 + O(17^9) ],
[ 44778781771 + O(17^9), -51144696910 + O(17^9) ],
[ 53184698586 + O(17^9), -7877595523 + O(17^9) ],
[ -47882704292 + O(17^9), 30858897351 + O(17^9) ],
[ -52254059982 + O(17^9), -48217472148 + O(17^9) ],
[ -47882704292 + O(17^9), -30858897351 + O(17^9) ],
[ -52254059982 + O(17^9), 48217472148 + O(17^9) ],
[ -55887744445 + O(17^9), 56635331016 + O(17^9) ],
[ 5721309861 + O(17^9), 36038887669 + O(17^9) ],
[ -55887744445 + O(17^9), -56635331016 + O(17^9) ],
[ 5721309861 + O(17^9), -36038887669 + O(17^9) ],
[ -1 + O(17^9), -7 + O(17^9) ],
[ -1 + O(17^9), 7 + O(17^9) ],
[ 41313890303 + O(17^9), -32159650976 + O(17^9) ],
[ 34962267683 + O(17^9), -52150027680 + O(17^9) ],
[ 41313890303 + O(17^9), 32159650976 + O(17^9) ],
[ 34962267683 + O(17^9), 52150027680 + O(17^9) ],
[ 1 + O(17^9), -1 + O(17^9) ],
[ 1 + O(17^9), 1 + O(17^9) ]
] 

There are 0 bad Q_17-points.
There are 0 bad Q-points : []
Using transformation with [ 0, 1, 1, 1 ].
Using X: Hyperelliptic Curve defined by y^2 = 5*x^6 + 2*x^4 - 18*x^3 + 17*x^2 - 
6*x + 1 over Rational Field
The Jacobian of X is absolutely simple.
There are 6 points of height <= 1000:
{@ (-1 : -7 : 1), (-1 : 7 : 1), (0 : -1 : 1), (0 : 1 : 1), (1 : -1 : 1), (1 : 1 
: 1) @}
Time: 26.080
You might want to use the primes [ 3, 5, 11, 17, 23, 41, 61, 71, 89 ] for QC.
Using p in [ 17, 61, 71 ].
Using base point [ -1, -7 ].
Use independent points [* [*
[
[ -1, 7 ]
],
[
[ 1, -1 ]
]
*], [*
[
[ 1, 1 ]
],
[
[ 1, -1 ]
]
*] *]
splitting indices: [
[ -2, -3 ],
[ -1, -1 ]
]
index in J(Q): 1
Computing Coleman data with N1 = 20.

Starting quadratic Chabauty for p = 17.
 Computing Hodge filtration for correspondence 1.
 eta =  (0).
 beta_fil  =  (0 0).
 gamma_fil =  (-8*x - 8        0).

 Computing Frobenius structure for correspondence 1.
 The quadratic Chabauty function for correspondence 1 is correct to precision 
17^14.
 All roots of the quadratic Chabauty function(s) are correct to precision at 
least 17^13.

 The common roots of the quadratic Chabauty function(s) in this affine patch are
 [
[ 217760836486682*17^2 + O(17^14), 63741924457607672 + O(17^14) ],
[ O(17^14), -1 + O(17^14) ],
[ 217760836486682*17^2 + O(17^14), -63741924457607672 + O(17^14) ],
[ O(17^14), 1 + O(17^14) ],
[ 42938817452321519 + O(17^14), 28585065834916275 + O(17^14) ],
[ 76245416851185754 + O(17^14), 31310764909098433 + O(17^14) ],
[ 42938817452321519 + O(17^14), -28585065834916275 + O(17^14) ],
[ 76245416851185754 + O(17^14), -31310764909098433 + O(17^14) ],
[ -37189087364286995 + O(17^14), 79544509249531059 + O(17^14) ],
[ 52361475910178392 + O(17^14), 6697913634954909 + O(17^14) ],
[ -37189087364286995 + O(17^14), -79544509249531059 + O(17^14) ],
[ 52361475910178392 + O(17^14), -6697913634954909 + O(17^14) ],
[ 82022671945923569 + O(17^14), 21707330252353872 + O(17^14) ],
[ 73925790523515709 + O(17^14), -50338975891694370 + O(17^14) ],
[ 82022671945923569 + O(17^14), -21707330252353872 + O(17^14) ],
[ 73925790523515709 + O(17^14), 50338975891694370 + O(17^14) ],
[ -1 + O(17^14), -7 + O(17^14) ],
[ -1 + O(17^14), 7 + O(17^14) ],
[ -18221697437132729 + O(17^14), 67705225580904737 + O(17^14) ],
[ -28034020453746620 + O(17^14), -52801422748193427 + O(17^14) ],
[ -18221697437132729 + O(17^14), -67705225580904737 + O(17^14) ],
[ -28034020453746620 + O(17^14), 52801422748193427 + O(17^14) ],
[ 1 + O(17^14), -1 + O(17^14) ],
[ 1 + O(17^14), 1 + O(17^14) ]
] 

There are 18 fake rational points: [*
[ 217760836486682*17^2 + O(17^14), 63741924457607672 + O(17^14) ],
[ 217760836486682*17^2 + O(17^14), -63741924457607672 + O(17^14) ],
[ 42938817452321519 + O(17^14), 28585065834916275 + O(17^14) ],
[ 76245416851185754 + O(17^14), 31310764909098433 + O(17^14) ],
[ 42938817452321519 + O(17^14), -28585065834916275 + O(17^14) ],
[ 76245416851185754 + O(17^14), -31310764909098433 + O(17^14) ],
[ -37189087364286995 + O(17^14), 79544509249531059 + O(17^14) ],
[ 52361475910178392 + O(17^14), 6697913634954909 + O(17^14) ],
[ -37189087364286995 + O(17^14), -79544509249531059 + O(17^14) ],
[ 52361475910178392 + O(17^14), -6697913634954909 + O(17^14) ],
[ 82022671945923569 + O(17^14), 21707330252353872 + O(17^14) ],
[ 73925790523515709 + O(17^14), -50338975891694370 + O(17^14) ],
[ 82022671945923569 + O(17^14), -21707330252353872 + O(17^14) ],
[ 73925790523515709 + O(17^14), 50338975891694370 + O(17^14) ],
[ -18221697437132729 + O(17^14), 67705225580904737 + O(17^14) ],
[ -28034020453746620 + O(17^14), -52801422748193427 + O(17^14) ],
[ -18221697437132729 + O(17^14), -67705225580904737 + O(17^14) ],
[ -28034020453746620 + O(17^14), 52801422748193427 + O(17^14) ]
*]
There are 0 bad Q_17-points.
Re-computing Coleman data with N2 = 8.
compute basis integrals
compute integrals for rational points
rational integrals [
    (200507821*17 + O(17^8) -154105176*17 + O(17^8) -2461665655 + O(17^8) 
        1300648794 + O(17^8)),
    (-53855722*17 + O(17^8) 154114089*17 + O(17^8) 2313193020 + O(17^8) 
        -245470737 + O(17^8)),
    (146652099*17 + O(17^8) 8913*17 + O(17^8) -148472635 + O(17^8) 1055178057 + 
        O(17^8)),
    (O(17^8) O(17^8) O(17^8) O(17^8)),
    (98388413*17 + O(17^8) 12014048*17^2 + O(17^8) 913918779 + O(17^8) 
        3092239057 + O(17^8)),
    (48263686*17 + O(17^8) -204229903*17 + O(17^8) -1062391414 + O(17^8) 
        -2037061000 + O(17^8))
]
compute integrals for fake rational points
fake integrals [
    (-546136*17 + O(17^6) 327765*17 + O(17^6) -338378 + O(17^6) -9505204 + 
        O(17^6)),
    (-466893*17 + O(17^6) -18756*17^2 + O(17^6) -3308843 + O(17^6) 2630225 + 
        O(17^6)),
    (-10984960*17 + O(17^7) 2595759*17 + O(17^7) -167156426 + O(17^7) 157515790 
        + O(17^7)),
    (1870733*17 + O(17^7) -7162001*17 + O(17^7) 16402468 + O(17^7) 171481001 + 
        O(17^7)),
    (-11325924*17 + O(17^7) -2586846*17 + O(17^7) 18683791 + O(17^7) 76984921 + 
        O(17^7)),
    (-44048*17 + O(17^7) 7170914*17 + O(17^7) -164875103 + O(17^7) 63019710 + 
        O(17^7)),
    (-2628001*17 + O(17^7) -7728201*17 + O(17^7) -52371343 + O(17^7) -20266067 +
        O(17^7)),
    (454969*17 + O(17^6) -475707*17 + O(17^6) 1967797 + O(17^6) 4761537 + 
        O(17^6)),
    (4454686*17 + O(17^7) 7737114*17 + O(17^7) -96101292 + O(17^7) -155571895 + 
        O(17^7)),
    (-48141*17 + O(17^6) 484620*17 + O(17^6) -5615018 + O(17^6) -11636516 + 
        O(17^6)),
    (3158041*17 + O(17^7) 3783664*17 + O(17^7) -135305319 + O(17^7) -138251520 +
        O(17^7)),
    (-9189261*17 + O(17^7) -4937306*17 + O(17^7) -60731504 + O(17^7) -27925464 +
        O(17^7)),
    (-1331356*17 + O(17^7) -3774751*17 + O(17^7) -774548*17 + O(17^7) -37586442 
        + O(17^7)),
    (11015946*17 + O(17^7) 4946219*17 + O(17^7) -5161243*17 + O(17^7) -147912498
        + O(17^7)),
    (9181447*17 + O(17^7) -8795809*17 + O(17^7) -149345596 + O(17^7) 9577105 + 
        O(17^7)),
    (-11600361*17 + O(17^7) 3007414*17 + O(17^7) 201545930 + O(17^7) -10163482 +
        O(17^7)),
    (-7354762*17 + O(17^7) 8804722*17 + O(17^7) 872961 + O(17^7) -185415067 + 
        O(17^7)),
    (-10710523*17 + O(17^7) -2998501*17 + O(17^7) 60320108 + O(17^7) -165674480 
        + O(17^7))
]
Computing Coleman data with N1 = 20.

Starting quadratic Chabauty for p = 61.
 Computing Hodge filtration for correspondence 1.
 eta =  (0).
 beta_fil  =  (0 0).
 gamma_fil =  (24*x + 24         0).

 Computing Frobenius structure for correspondence 1.
 The quadratic Chabauty function for correspondence 1 is correct to precision 
61^15.
 All roots of the quadratic Chabauty function(s) are correct to precision at 
least 61^14.

 The common roots of the quadratic Chabauty function(s) in this affine patch are
 [
[ -3768701685366070686837572*61 + O(61^15), -162513376718566066033523972 + 
O(61^15) ],
[ O(61^15), -1 + O(61^15) ],
[ -3768701685366070686837572*61 + O(61^15), 162513376718566066033523972 + 
O(61^15) ],
[ O(61^15), 1 + O(61^15) ],
[ 282866593208882606804683660 + O(61^15), 32045750148111499136220705 + O(61^15) 
],
[ 32074030158838963876798933 + O(61^15), -150261703982997077443014302 + O(61^15)
],
[ 282866593208882606804683660 + O(61^15), -32045750148111499136220705 + O(61^15)
],
[ 32074030158838963876798933 + O(61^15), 150261703982997077443014302 + O(61^15) 
],
[ 52940680868147755629067302 + O(61^15), -96700702108254747265028115 + O(61^15) 
],
[ 188343665782660156254763261 + O(61^15), 235699638464872703359810579 + O(61^15)
],
[ 52940680868147755629067302 + O(61^15), 96700702108254747265028115 + O(61^15) 
],
[ 188343665782660156254763261 + O(61^15), -235699638464872703359810579 + 
O(61^15) ],
[ -216515969197680622523380758 + O(61^15), 181513816628052510042154872 + 
O(61^15) ],
[ -39426620573028515286830673 + O(61^15), -98484749764459851667042993 + O(61^15)
],
[ -216515969197680622523380758 + O(61^15), -181513816628052510042154872 + 
O(61^15) ],
[ -39426620573028515286830673 + O(61^15), 98484749764459851667042993 + O(61^15) 
],
[ -122244408326720886370132414 + O(61^15), -296772257107994937260115098 + 
O(61^15) ],
[ -86112071388228822347572417 + O(61^15), 167428676264420056641292581 + O(61^15)
],
[ -122244408326720886370132414 + O(61^15), 296772257107994937260115098 + 
O(61^15) ],
[ -86112071388228822347572417 + O(61^15), -167428676264420056641292581 + 
O(61^15) ],
[ -123720485490573522902519795 + O(61^15), 128428943033689489247611096 + 
O(61^15) ],
[ -251634415477538539388437768 + O(61^15), -246305867359046787933269426 + 
O(61^15) ],
[ -123720485490573522902519795 + O(61^15), -128428943033689489247611096 + 
O(61^15) ],
[ -251634415477538539388437768 + O(61^15), 246305867359046787933269426 + 
O(61^15) ],
[ -102364480165727926682073305 + O(61^15), -130875116795494702627309901 + 
O(61^15) ],
[ -83762931001596221566272103 + O(61^15), -94557092870527413771199405 + O(61^15)
],
[ -102364480165727926682073305 + O(61^15), 130875116795494702627309901 + 
O(61^15) ],
[ -83762931001596221566272103 + O(61^15), 94557092870527413771199405 + O(61^15) 
],
[ 288771430762455310417726985 + O(61^15), -158187495585672507639310461 + 
O(61^15) ],
[ 215364151574387392195290384 + O(61^15), 293822926465099904179652866 + O(61^15)
],
[ 288771430762455310417726985 + O(61^15), 158187495585672507639310461 + O(61^15)
],
[ 215364151574387392195290384 + O(61^15), -293822926465099904179652866 + 
O(61^15) ],
[ 219707101901279841199950214 + O(61^15), -174083858262612113376305939 + 
O(61^15) ],
[ -1 + O(61^15), -7 + O(61^15) ],
[ 219707101901279841199950214 + O(61^15), 174083858262612113376305939 + O(61^15)
],
[ -1 + O(61^15), 7 + O(61^15) ],
[ -271908514363517168308391308 + O(61^15), -26674377394586679338938367 + 
O(61^15) ],
[ -202978373139163738064310659 + O(61^15), -80707494677702093814109997 + 
O(61^15) ],
[ -271908514363517168308391308 + O(61^15), 26674377394586679338938367 + O(61^15)
],
[ -202978373139163738064310659 + O(61^15), 80707494677702093814109997 + O(61^15)
],
[ -115696259152274853460231106 + O(61^15), -75985596978032157383653129 + 
O(61^15) ],
[ -232880923016744113296501853 + O(61^15), 40013451604286306041986078 + O(61^15)
],
[ -115696259152274853460231106 + O(61^15), 75985596978032157383653129 + O(61^15)
],
[ -232880923016744113296501853 + O(61^15), -40013451604286306041986078 + 
O(61^15) ],
[ -209337325953498733278799343 + O(61^15), 7335082342925242979227339 + O(61^15) 
],
[ 8340093999649677128973963 + O(61^15), -34846937950996506233421896 + O(61^15) 
],
[ -209337325953498733278799343 + O(61^15), -7335082342925242979227339 + O(61^15)
],
[ 8340093999649677128973963 + O(61^15), 34846937950996506233421896 + O(61^15) ],
[ -200548307164073962412221575 + O(61^15), -89755129030716846273821624 + 
O(61^15) ],
[ -294573075215463610371092657 + O(61^15), -108186868700874333086823884 + 
O(61^15) ],
[ -200548307164073962412221575 + O(61^15), 89755129030716846273821624 + O(61^15)
],
[ -294573075215463610371092657 + O(61^15), 108186868700874333086823884 + 
O(61^15) ],
[ 37727369498862256831006035 + O(61^15), 56627369668538362470270991 + O(61^15) 
],
[ 167935046250761426169626226 + O(61^15), 175093779258816774997466479 + O(61^15)
],
[ 37727369498862256831006035 + O(61^15), -56627369668538362470270991 + O(61^15) 
],
[ 167935046250761426169626226 + O(61^15), -175093779258816774997466479 + 
O(61^15) ],
[ 277360281495636068545660978 + O(61^15), 56100760013782526325162501 + O(61^15) 
],
[ -110558414692887779753675298 + O(61^15), -230702643747408423618350425 + 
O(61^15) ],
[ 277360281495636068545660978 + O(61^15), -56100760013782526325162501 + O(61^15)
],
[ -110558414692887779753675298 + O(61^15), 230702643747408423618350425 + 
O(61^15) ],
[ -77961616001860818809078270 + O(61^15), 291637837596503461566173505 + O(61^15)
],
[ 183267540650756585294962467 + O(61^15), 160805239332062825136940794 + O(61^15)
],
[ -77961616001860818809078270 + O(61^15), -291637837596503461566173505 + 
O(61^15) ],
[ 183267540650756585294962467 + O(61^15), -160805239332062825136940794 + 
O(61^15) ],
[ 95642057056489310173854091 + O(61^15), 94395188979295608942876893 + O(61^15) 
],
[ -234269973373907929225997302 + O(61^15), -53179871631841160551627134 + 
O(61^15) ],
[ 95642057056489310173854091 + O(61^15), -94395188979295608942876893 + O(61^15) 
],
[ -234269973373907929225997302 + O(61^15), 53179871631841160551627134 + O(61^15)
],
[ -35765562400757637260898110 + O(61^15), -14302321431443332561753680 + O(61^15)
],
[ -35765562400757637260898110 + O(61^15), 14302321431443332561753680 + O(61^15) 
],
[ -186914049909457512688649175 + O(61^15), 149811581326741261614284077 + 
O(61^15) ],
[ 85078149905254025049156646 + O(61^15), 218137523835346072066636282 + O(61^15) 
],
[ -186914049909457512688649175 + O(61^15), -149811581326741261614284077 + 
O(61^15) ],
[ 85078149905254025049156646 + O(61^15), -218137523835346072066636282 + O(61^15)
],
[ 118568915059807478486259400 + O(61^15), 245277134442167859818787211 + O(61^15)
],
[ 78083121763682896143844537 + O(61^15), 66996944559391243833691801 + O(61^15) 
],
[ 118568915059807478486259400 + O(61^15), -245277134442167859818787211 + 
O(61^15) ],
[ 78083121763682896143844537 + O(61^15), -66996944559391243833691801 + O(61^15) 
],
[ 146154871296223045166441956 + O(61^15), -255468627938847545242349410 + 
O(61^15) ],
[ -265842164514123921823090308 + O(61^15), 199407266733821648162539995 + 
O(61^15) ],
[ 146154871296223045166441956 + O(61^15), 255468627938847545242349410 + O(61^15)
],
[ -265842164514123921823090308 + O(61^15), -199407266733821648162539995 + 
O(61^15) ],
[ 107149060887531402891270390 + O(61^15), 233969301953322462644045143 + O(61^15)
],
[ 1 + O(61^15), -1 + O(61^15) ],
[ 107149060887531402891270390 + O(61^15), -233969301953322462644045143 + 
O(61^15) ],
[ 1 + O(61^15), 1 + O(61^15) ]
] 

There are 80 fake rational points: [*
[ -3768701685366070686837572*61 + O(61^15), -162513376718566066033523972 + 
O(61^15) ],
[ -3768701685366070686837572*61 + O(61^15), 162513376718566066033523972 + 
O(61^15) ],
[ 282866593208882606804683660 + O(61^15), 32045750148111499136220705 + O(61^15) 
],
[ 32074030158838963876798933 + O(61^15), -150261703982997077443014302 + O(61^15)
],
[ 282866593208882606804683660 + O(61^15), -32045750148111499136220705 + O(61^15)
],
[ 32074030158838963876798933 + O(61^15), 150261703982997077443014302 + O(61^15) 
],
[ 52940680868147755629067302 + O(61^15), -96700702108254747265028115 + O(61^15) 
],
[ 188343665782660156254763261 + O(61^15), 235699638464872703359810579 + O(61^15)
],
[ 52940680868147755629067302 + O(61^15), 96700702108254747265028115 + O(61^15) 
],
[ 188343665782660156254763261 + O(61^15), -235699638464872703359810579 + 
O(61^15) ],
[ -216515969197680622523380758 + O(61^15), 181513816628052510042154872 + 
O(61^15) ],
[ -39426620573028515286830673 + O(61^15), -98484749764459851667042993 + O(61^15)
],
[ -216515969197680622523380758 + O(61^15), -181513816628052510042154872 + 
O(61^15) ],
[ -39426620573028515286830673 + O(61^15), 98484749764459851667042993 + O(61^15) 
],
[ -122244408326720886370132414 + O(61^15), -296772257107994937260115098 + 
O(61^15) ],
[ -86112071388228822347572417 + O(61^15), 167428676264420056641292581 + O(61^15)
],
[ -122244408326720886370132414 + O(61^15), 296772257107994937260115098 + 
O(61^15) ],
[ -86112071388228822347572417 + O(61^15), -167428676264420056641292581 + 
O(61^15) ],
[ -123720485490573522902519795 + O(61^15), 128428943033689489247611096 + 
O(61^15) ],
[ -251634415477538539388437768 + O(61^15), -246305867359046787933269426 + 
O(61^15) ],
[ -123720485490573522902519795 + O(61^15), -128428943033689489247611096 + 
O(61^15) ],
[ -251634415477538539388437768 + O(61^15), 246305867359046787933269426 + 
O(61^15) ],
[ -102364480165727926682073305 + O(61^15), -130875116795494702627309901 + 
O(61^15) ],
[ -83762931001596221566272103 + O(61^15), -94557092870527413771199405 + O(61^15)
],
[ -102364480165727926682073305 + O(61^15), 130875116795494702627309901 + 
O(61^15) ],
[ -83762931001596221566272103 + O(61^15), 94557092870527413771199405 + O(61^15) 
],
[ 288771430762455310417726985 + O(61^15), -158187495585672507639310461 + 
O(61^15) ],
[ 215364151574387392195290384 + O(61^15), 293822926465099904179652866 + O(61^15)
],
[ 288771430762455310417726985 + O(61^15), 158187495585672507639310461 + O(61^15)
],
[ 215364151574387392195290384 + O(61^15), -293822926465099904179652866 + 
O(61^15) ],
[ 219707101901279841199950214 + O(61^15), -174083858262612113376305939 + 
O(61^15) ],
[ 219707101901279841199950214 + O(61^15), 174083858262612113376305939 + O(61^15)
],
[ -271908514363517168308391308 + O(61^15), -26674377394586679338938367 + 
O(61^15) ],
[ -202978373139163738064310659 + O(61^15), -80707494677702093814109997 + 
O(61^15) ],
[ -271908514363517168308391308 + O(61^15), 26674377394586679338938367 + O(61^15)
],
[ -202978373139163738064310659 + O(61^15), 80707494677702093814109997 + O(61^15)
],
[ -115696259152274853460231106 + O(61^15), -75985596978032157383653129 + 
O(61^15) ],
[ -232880923016744113296501853 + O(61^15), 40013451604286306041986078 + O(61^15)
],
[ -115696259152274853460231106 + O(61^15), 75985596978032157383653129 + O(61^15)
],
[ -232880923016744113296501853 + O(61^15), -40013451604286306041986078 + 
O(61^15) ],
[ -209337325953498733278799343 + O(61^15), 7335082342925242979227339 + O(61^15) 
],
[ 8340093999649677128973963 + O(61^15), -34846937950996506233421896 + O(61^15) 
],
[ -209337325953498733278799343 + O(61^15), -7335082342925242979227339 + O(61^15)
],
[ 8340093999649677128973963 + O(61^15), 34846937950996506233421896 + O(61^15) ],
[ -200548307164073962412221575 + O(61^15), -89755129030716846273821624 + 
O(61^15) ],
[ -294573075215463610371092657 + O(61^15), -108186868700874333086823884 + 
O(61^15) ],
[ -200548307164073962412221575 + O(61^15), 89755129030716846273821624 + O(61^15)
],
[ -294573075215463610371092657 + O(61^15), 108186868700874333086823884 + 
O(61^15) ],
[ 37727369498862256831006035 + O(61^15), 56627369668538362470270991 + O(61^15) 
],
[ 167935046250761426169626226 + O(61^15), 175093779258816774997466479 + O(61^15)
],
[ 37727369498862256831006035 + O(61^15), -56627369668538362470270991 + O(61^15) 
],
[ 167935046250761426169626226 + O(61^15), -175093779258816774997466479 + 
O(61^15) ],
[ 277360281495636068545660978 + O(61^15), 56100760013782526325162501 + O(61^15) 
],
[ -110558414692887779753675298 + O(61^15), -230702643747408423618350425 + 
O(61^15) ],
[ 277360281495636068545660978 + O(61^15), -56100760013782526325162501 + O(61^15)
],
[ -110558414692887779753675298 + O(61^15), 230702643747408423618350425 + 
O(61^15) ],
[ -77961616001860818809078270 + O(61^15), 291637837596503461566173505 + O(61^15)
],
[ 183267540650756585294962467 + O(61^15), 160805239332062825136940794 + O(61^15)
],
[ -77961616001860818809078270 + O(61^15), -291637837596503461566173505 + 
O(61^15) ],
[ 183267540650756585294962467 + O(61^15), -160805239332062825136940794 + 
O(61^15) ],
[ 95642057056489310173854091 + O(61^15), 94395188979295608942876893 + O(61^15) 
],
[ -234269973373907929225997302 + O(61^15), -53179871631841160551627134 + 
O(61^15) ],
[ 95642057056489310173854091 + O(61^15), -94395188979295608942876893 + O(61^15) 
],
[ -234269973373907929225997302 + O(61^15), 53179871631841160551627134 + O(61^15)
],
[ -35765562400757637260898110 + O(61^15), -14302321431443332561753680 + O(61^15)
],
[ -35765562400757637260898110 + O(61^15), 14302321431443332561753680 + O(61^15) 
],
[ -186914049909457512688649175 + O(61^15), 149811581326741261614284077 + 
O(61^15) ],
[ 85078149905254025049156646 + O(61^15), 218137523835346072066636282 + O(61^15) 
],
[ -186914049909457512688649175 + O(61^15), -149811581326741261614284077 + 
O(61^15) ],
[ 85078149905254025049156646 + O(61^15), -218137523835346072066636282 + O(61^15)
],
[ 118568915059807478486259400 + O(61^15), 245277134442167859818787211 + O(61^15)
],
[ 78083121763682896143844537 + O(61^15), 66996944559391243833691801 + O(61^15) 
],
[ 118568915059807478486259400 + O(61^15), -245277134442167859818787211 + 
O(61^15) ],
[ 78083121763682896143844537 + O(61^15), -66996944559391243833691801 + O(61^15) 
],
[ 146154871296223045166441956 + O(61^15), -255468627938847545242349410 + 
O(61^15) ],
[ -265842164514123921823090308 + O(61^15), 199407266733821648162539995 + 
O(61^15) ],
[ 146154871296223045166441956 + O(61^15), 255468627938847545242349410 + O(61^15)
],
[ -265842164514123921823090308 + O(61^15), -199407266733821648162539995 + 
O(61^15) ],
[ 107149060887531402891270390 + O(61^15), 233969301953322462644045143 + O(61^15)
],
[ 107149060887531402891270390 + O(61^15), -233969301953322462644045143 + 
O(61^15) ]
*]
There are 0 bad Q_61-points.
Re-computing Coleman data with N2 = 8.
compute basis integrals
compute integrals for rational points
rational integrals [
    (-381977338506*61 + O(61^8) 421516611127*61 + O(61^8) 59985001380656 + 
        O(61^8) -25345831684362 + O(61^8)),
    (-1312847160363*61 + O(61^8) -477509242674*61 + O(61^8) -33713748936784 + 
        O(61^8) -1850202992003 + O(61^8)),
    (1447918337152*61 + O(61^8) -55992631547*61 + O(61^8) 26271252443872 + 
        O(61^8) -27196034676365 + O(61^8)),
    (O(61^8) O(61^8) O(61^8) O(61^8)),
    (-1281003192307*61 + O(61^8) -1344691128419*61 + O(61^8) 91543844136207 + 
        O(61^8) -46991257384723 + O(61^8)),
    (-413821306562*61 + O(61^8) 1288698496872*61 + O(61^8) -65272591692335 + 
        O(61^8) 324511847678*61 + O(61^8))
]
compute integrals for fake rational points
fake integrals [
    (23987790024*61 + O(61^7) 21004769021*61 + O(61^7) -610163834080 + O(61^7) 
        9948866942*61 + O(61^7)),
    (-18639934980*61 + O(61^7) -25477026207*61 + O(61^7) -1403269246237 + 
        O(61^7) 481769964362 + O(61^7)),
    (13005699430*61 + O(61^7) 6594842077*61 + O(61^7) -603524076166 + O(61^7) 
        1515707221038 + O(61^7)),
    (-5627812415*61 + O(61^7) -12657252155*61 + O(61^7) -106293164607 + O(61^7) 
        -702019118523 + O(61^7)),
    (-7657844386*61 + O(61^7) -11067099263*61 + O(61^7) -1409909004151 + O(61^7)
        -427056373214 + O(61^7)),
    (10975667459*61 + O(61^7) 8184994969*61 + O(61^7) 1235602920311 + O(61^7) 
        -1352072869674 + O(61^7)),
    (-23591790302*61 + O(61^7) -10938184530*61 + O(61^7) -768000623796 + O(61^7)
        38179683315 + O(61^7)),
    (7824141079*61 + O(61^7) -5517803663*61 + O(61^7) -1559664152775 + O(61^7) 
        1008446735077 + O(61^7)),
    (-22580729015*61 + O(61^7) 6465927344*61 + O(61^7) -1245432456521 + O(61^7) 
        1050471164509 + O(61^7)),
    (-2476286035*61 + O(61^7) 1045546477*61 + O(61^7) -453768927542 + O(61^7) 
        80204112747 + O(61^7)),
    (2798258177*61 + O(61^7) 4745931513*61 + O(61^7) -389320357618 + O(61^7) 
        1227764340351 + O(61^7)),
    (-8710823728*61 + O(61^7) 10724850127*61 + O(61^7) -606985055636 + O(61^7) 
        -564850840725 + O(61^7)),
    (2549596867*61 + O(61^7) -9218188699*61 + O(61^7) 1518630113322 + O(61^7) 
        -139113492527 + O(61^7)),
    (14058678772*61 + O(61^7) -15197107313*61 + O(61^7) -1406448024681 + O(61^7)
        -1489241147472 + O(61^7)),
    (-358089759*61 + O(61^7) -534457145*61 + O(61^7) -51583362521 + O(61^7) 
        24576475252*61 + O(61^7)),
    (6257503417*61 + O(61^7) 16616954144*61 + O(61^7) -827417773604 + O(61^7) 
        14058619071*61 + O(61^7)),
    (5705944803*61 + O(61^7) -3937800041*61 + O(61^7) 1180893118225 + O(61^7) 
        -410514142548 + O(61^7)),
    (-909648373*61 + O(61^7) -21089211330*61 + O(61^7) -1186015306713 + O(61^7) 
        231075084493 + O(61^7)),
    (21797079949*61 + O(61^7) 19210931676*61 + O(61^7) -914102555769 + O(61^7) 
        -522588042071 + O(61^7)),
    (3223166642*61 + O(61^7) 1247025167*61 + O(61^7) 1176097533139 + O(61^7) 
        -64502086563 + O(61^7)),
    (-16449224905*61 + O(61^7) -23683188862*61 + O(61^7) -1099330524548 + 
        O(61^7) -1531503946126 + O(61^7)),
    (2124688402*61 + O(61^7) -5719282353*61 + O(61^7) -46787777435 + O(61^7) 
        1153152934387 + O(61^7)),
    (-2453862622*61 + O(61^7) -18985955639*61 + O(61^7) 248405471581 + O(61^7) 
        -568448029681 + O(61^7)),
    (16623542398*61 + O(61^7) 24450435361*61 + O(61^7) -254648177715 + O(61^7) 
        -404283904250 + O(61^7)),
    (7801717666*61 + O(61^7) 14513698453*61 + O(61^7) 880904284123 + O(61^7) 
        -1485643958516 + O(61^7)),
    (-11275687354*61 + O(61^7) 22597681814*61 + O(61^7) 1383957933419 + O(61^7) 
        1492934752074 + O(61^7)),
    (5005973372*61 + O(61^7) -8003616650*61 + O(61^7) 1397139628443 + O(61^7) 
        992533556692 + O(61^7)),
    (23099832203*61 + O(61^7) -21277893512*61 + O(61^7) -1496874198499 + O(61^7)
        1378367914641 + O(61^7)),
    (341881672*61 + O(61^7) 3531359464*61 + O(61^7) -267829872739 + O(61^7) 
        96117291132 + O(61^7)),
    (-291016019*61^2 + O(61^7) 16805636326*61 + O(61^7) -516558881818 + O(61^7) 
        -289717066817 + O(61^7)),
    (25377236515*61 + O(61^7) 5976096511*61 + O(61^7) 9439510418*61 + O(61^7) 
        -2682095503*61 + O(61^7)),
    (-20029381471*61 + O(61^7) -10448353697*61 + O(61^7) 553499620206 + O(61^7) 
        1252258673507 + O(61^7)),
    (20793955726*61 + O(61^7) 694536073*61 + O(61^7) 852753403936 + O(61^7) 
        -1012970459609 + O(61^7)),
    (-14939927082*61 + O(61^7) 18726995457*61 + O(61^7) -1062837752984 + O(61^7)
        806113982804 + O(61^7)),
    (-15446100682*61 + O(61^7) -5166793259*61 + O(61^7) 276556351768 + O(61^7) 
        -1041121528588 + O(61^7)),
    (20287782126*61 + O(61^7) -23199252643*61 + O(61^7) -950595327333 + O(61^7) 
        282536865020 + O(61^7)),
    (-20569225603*61 + O(61^7) -674542928*61 + O(61^7) 593654511207 + O(61^7) 
        -706507706280 + O(61^7)),
    (-700193444*61 + O(61^7) -5329084672*61 + O(61^7) -834890203691 + O(61^7) 
        -489530101831 + O(61^7)),
    (-25603293714*61 + O(61^7) -3797714258*61 + O(61^7) 535655244497 + O(61^7) 
        -1347584281917 + O(61^7)),
    (6048048488*61 + O(61^7) 856827486*61 + O(61^7) -1178542876626 + O(61^7) 
        -1564561886366 + O(61^7)),
    (-24878833337*61 + O(61^7) -11366048034*61 + O(61^7) -1050371731043 + 
        O(61^7) 1050522906369 + O(61^7)),
    (14952147872*61 + O(61^7) 24462156838*61 + O(61^7) -1537970713932 + O(61^7) 
        -1569896011367 + O(61^7)),
    (-21293685980*61 + O(61^7) 6893790848*61 + O(61^7) -963061349274 + O(61^7) 
        38127941455 + O(61^7)),
    (-9604292828*61 + O(61^7) 22585960337*61 + O(61^7) -475462366385 + O(61^7) 
        -484195976830 + O(61^7)),
    (20297071*61 + O(61^6) -254101266*61 + O(61^6) 391792625 + O(61^6) 
        17922601364 + O(61^6)),
    (-25055179232*61 + O(61^7) 14723509003*61 + O(61^7) -266987751368 + O(61^7) 
        -1010586160511 + O(61^7)),
    (259980167*61 + O(61^6) 4825585*61 + O(61^6) -4530272863 + O(61^6) 
        -11199615121 + O(61^6)),
    (-21117340085*61 + O(61^7) -19195766189*61 + O(61^7) 1396297507072 + O(61^7)
        -1043505827686 + O(61^7)),
    (20519201545*61 + O(61^7) 22491399348*61 + O(61^7) 769858895974 + O(61^7) 
        839349702176 + O(61^7)),
    (-11106346520*61 + O(61^7) 187377258*61 + O(61^7) -1352610352083 + O(61^7) 
        613026065687 + O(61^7)),
    (-15171346501*61 + O(61^7) 24556717827*61 + O(61^7) 359450859730 + O(61^7) 
        249301145648 + O(61^7)),
    (16454201564*61 + O(61^7) -4659634444*61 + O(61^7) -660822728234 + O(61^7) 
        475624782137 + O(61^7)),
    (-23968122604*61 + O(61^7) -23968989373*61 + O(61^7) -834710707950 + O(61^7)
        419319763814 + O(61^7)),
    (14489477047*61 + O(61^7) -3329375933*61 + O(61^7) -49247406912 + O(61^7) 
        737161370049 + O(61^7)),
    (-22204396713*61 + O(61^7) 19496732187*61 + O(61^7) -1178722372367 + O(61^7)
        669331084010 + O(61^7)),
    (-9141622003*61 + O(61^7) -1142881253*61 + O(61^7) 1178557162616 + O(61^7) 
        351489477775 + O(61^7)),
    (9115470724*61 + O(61^7) 19692064094*61 + O(61^7) 1547013403219 + O(61^7) 
        960460925112 + O(61^7)),
    (-4117285690*61 + O(61^7) -14586599040*61 + O(61^7) 104994154809 + O(61^7) 
        619397214786 + O(61^7)),
    (-3767615680*61 + O(61^7) -24164321280*61 + O(61^7) -417703647515 + O(61^7) 
        128189922712 + O(61^7)),
    (9465140734*61 + O(61^7) 10114341854*61 + O(61^7) 1024315600895 + O(61^7) 
        469253633038 + O(61^7)),
    (-2893569372*61 + O(61^7) -9538527271*61 + O(61^7) -360373361215 + O(61^7) 
        -932782993950 + O(61^7)),
    (6601112340*61 + O(61^7) 5152856966*61 + O(61^7) -1081592247567 + O(61^7) 
        148244826112 + O(61^7)),
    (8241424416*61 + O(61^7) 5066270085*61 + O(61^7) 1489683116919 + O(61^7) 
        -1121308994247 + O(61^7)),
    (-1253257296*61 + O(61^7) -9625114152*61 + O(61^7) -931840832750 + O(61^7) 
        940406021712 + O(61^7)),
    (17371445893*61 + O(61^7) -14994627672*61 + O(61^7) 1386200197796 + O(61^7) 
        1056449369816 + O(61^7)),
    (-12023590849*61 + O(61^7) 10522370486*61 + O(61^7) -256890442092 + O(61^7) 
        32201478008 + O(61^7)),
    (-22738665087*61 + O(61^7) 7635910687*61 + O(61^7) 1356963961881 + O(61^7) 
        -11974718457 + O(61^7)),
    (-4361578816*61 + O(61^7) -16871306262*61 + O(61^7) 992323189440 + O(61^7) 
        -1487451264557 + O(61^7)),
    (-23433854230*61 + O(61^7) -12108167873*61 + O(61^7) -227654206177 + O(61^7)
        1100625566281 + O(61^7)),
    (9709433860*61 + O(61^7) 12399049076*61 + O(61^7) 136986566264 + O(61^7) 
        -566640723640 + O(61^7)),
    (20505856666*61 + O(61^7) 18565374559*61 + O(61^7) -1017309350080 + O(61^7) 
        -1463584021028 + O(61^7)),
    (22607579232*61 + O(61^7) -13831846616*61 + O(61^7) -892543924230 + O(61^7) 
        -191289326453 + O(61^7)),
    (-15158001622*61 + O(61^7) -23037631745*61 + O(61^7) -16329897217*61 + 
        O(61^7) -590507967169 + O(61^7)),
    (-17259724188*61 + O(61^7) 9359589430*61 + O(61^7) -18375232067*61 + O(61^7)
        1279940174277 + O(61^7)),
    (-19605116819*61 + O(61^7) -22436788124*61 + O(61^7) -1320069032534 + 
        O(61^7) 973098875687 + O(61^7)),
    (14354608239*61 + O(61^7) -17441520382*61 + O(61^7) -671214036018 + O(61^7) 
        -275935001757 + O(61^7)),
    (24952971863*61 + O(61^7) 17964530938*61 + O(61^7) -693364047783 + O(61^7) 
        115551972137 + O(61^7)),
    (-9006753195*61 + O(61^7) 12969263196*61 + O(61^7) -1342219044299 + O(61^7) 
        1364585849581 + O(61^7)),
    (12198666146*61 + O(61^7) 11409607686*61 + O(61^7) 1083536578912 + O(61^7) 
        1056823285460 + O(61^7)),
    (-6850811102*61 + O(61^7) -15881864872*61 + O(61^7) 45773176792 + O(61^7) 
        31827562364 + O(61^7))
]
Computing Coleman data with N1 = 20.

Starting quadratic Chabauty for p = 71.
 Computing Hodge filtration for correspondence 1.
 eta =  (0).
 beta_fil  =  (0 0).
 gamma_fil =  (24*x + 24         0).

 Computing Frobenius structure for correspondence 1.
 The quadratic Chabauty function for correspondence 1 is correct to precision 
71^15.
 All roots of the quadratic Chabauty function(s) are correct to precision at 
least 71^14.

 The common roots of the quadratic Chabauty function(s) in this affine patch are
 [
[ 16538164739842562439817265*71 + O(71^15), -1464989966767087183903657476 + 
O(71^15) ],
[ O(71^15), -1 + O(71^15) ],
[ 16538164739842562439817265*71 + O(71^15), 1464989966767087183903657476 + 
O(71^15) ],
[ O(71^15), 1 + O(71^15) ],
[ 1324879265548054065164197676 + O(71^15), -1006060892701203096642388060 + 
O(71^15) ],
[ -2807863423810408534553388279 + O(71^15), -1327473398364591105229816967 + 
O(71^15) ],
[ 1324879265548054065164197676 + O(71^15), 1006060892701203096642388060 + 
O(71^15) ],
[ -2807863423810408534553388279 + O(71^15), 1327473398364591105229816967 + 
O(71^15) ],
[ -1958324705226553920648510628 + O(71^15), 1967474844277583226882041625 + 
O(71^15) ],
[ 263859623757873007625268755 + O(71^15), 772764110465513057615836045 + O(71^15)
],
[ -1958324705226553920648510628 + O(71^15), -1967474844277583226882041625 + 
O(71^15) ],
[ 263859623757873007625268755 + O(71^15), -772764110465513057615836045 + 
O(71^15) ],
[ -2257456702663559966477687882 + O(71^15), -707261193277163426998260728 + 
O(71^15) ],
[ 1680195666994260693206022181 + O(71^15), 2468434580233012169568198456 + 
O(71^15) ],
[ -2257456702663559966477687882 + O(71^15), 707261193277163426998260728 + 
O(71^15) ],
[ 1680195666994260693206022181 + O(71^15), -2468434580233012169568198456 + 
O(71^15) ],
[ 2052426186487435617538719252 + O(71^15), 1670489223426190251239668675 + 
O(71^15) ],
[ 1143671499994285812794474009 + O(71^15), 567306433664871312685043774 + 
O(71^15) ],
[ 2052426186487435617538719252 + O(71^15), -1670489223426190251239668675 + 
O(71^15) ],
[ 1143671499994285812794474009 + O(71^15), -567306433664871312685043774 + 
O(71^15) ],
[ 1362774225531639268090771267 + O(71^15), 1346197011578567631565537974 + 
O(71^15) ],
[ -941122124194256335237787881 + O(71^15), -1589482521216200570332421366 + 
O(71^15) ],
[ 1362774225531639268090771267 + O(71^15), -1346197011578567631565537974 + 
O(71^15) ],
[ -941122124194256335237787881 + O(71^15), 1589482521216200570332421366 + 
O(71^15) ],
[ -782412437971918376747176134 + O(71^15), -1136038150097232820458757578 + 
O(71^15) ],
[ 497183475967596458861414015 + O(71^15), -2834900489870686072476201389 + 
O(71^15) ],
[ -782412437971918376747176134 + O(71^15), 1136038150097232820458757578 + 
O(71^15) ],
[ 497183475967596458861414015 + O(71^15), 2834900489870686072476201389 + 
O(71^15) ],
[ 1518905103947454890621455755 + O(71^15), 2262668393929512357286720688 + 
O(71^15) ],
[ -1565651130150320738510668102 + O(71^15), 2106548790372847351209865348 + 
O(71^15) ],
[ 1518905103947454890621455755 + O(71^15), -2262668393929512357286720688 + 
O(71^15) ],
[ -1565651130150320738510668102 + O(71^15), -2106548790372847351209865348 + 
O(71^15) ],
[ 702460081894132901123532629 + O(71^15), 1429687948248844801292737334 + 
O(71^15) ],
[ -73017651759791381164654682 + O(71^15), -2524327148174292880583650731 + 
O(71^15) ],
[ 702460081894132901123532629 + O(71^15), -1429687948248844801292737334 + 
O(71^15) ],
[ -73017651759791381164654682 + O(71^15), 2524327148174292880583650731 + 
O(71^15) ],
[ 2770749708086762172156965792 + O(71^15), 2500442931440624644552858722 + 
O(71^15) ],
[ 1995778540485105578689825431 + O(71^15), 1648687000124463316192340746 + 
O(71^15) ],
[ 2770749708086762172156965792 + O(71^15), -2500442931440624644552858722 + 
O(71^15) ],
[ 1995778540485105578689825431 + O(71^15), -1648687000124463316192340746 + 
O(71^15) ],
[ -990824270244465221905148850 + O(71^15), 2780251517834757940594043214 + 
O(71^15) ],
[ 278853232456512083210777193 + O(71^15), -2218952782568412947362773723 + 
O(71^15) ],
[ -990824270244465221905148850 + O(71^15), -2780251517834757940594043214 + 
O(71^15) ],
[ 278853232456512083210777193 + O(71^15), 2218952782568412947362773723 + 
O(71^15) ],
[ 2214488986696136109293509863 + O(71^15), -1886526250786522050284180536 + 
O(71^15) ],
[ -1 + O(71^15), -7 + O(71^15) ],
[ 2214488986696136109293509863 + O(71^15), 1886526250786522050284180536 + 
O(71^15) ],
[ -1 + O(71^15), 7 + O(71^15) ],
[ 1177687162381847763006104333 + O(71^15), 251945229453748859803746966 + 
O(71^15) ],
[ 1862356713881647534669138316 + O(71^15), -8059831434921945713227001 + O(71^15)
],
[ 1177687162381847763006104333 + O(71^15), -251945229453748859803746966 + 
O(71^15) ],
[ 1862356713881647534669138316 + O(71^15), 8059831434921945713227001 + O(71^15) 
],
[ -904708921655479067494262282 + O(71^15), -706892068928132244870018585 + 
O(71^15) ],
[ -1233224086497250422064687077 + O(71^15), -1779791105084015196761115387 + 
O(71^15) ],
[ -904708921655479067494262282 + O(71^15), 706892068928132244870018585 + 
O(71^15) ],
[ -1233224086497250422064687077 + O(71^15), 1779791105084015196761115387 + 
O(71^15) ],
[ 1871653920289238191952097289 + O(71^15), 1825202036165180976605179470 + 
O(71^15) ],
[ 1466243979538515605414520011 + O(71^15), -801248149593104904458196292 + 
O(71^15) ],
[ 1871653920289238191952097289 + O(71^15), -1825202036165180976605179470 + 
O(71^15) ],
[ 1466243979538515605414520011 + O(71^15), 801248149593104904458196292 + 
O(71^15) ],
[ 1567058178589287412950961288 + O(71^15), -760669070259518652742048319 + 
O(71^15) ],
[ 1567058178589287412950961288 + O(71^15), 760669070259518652742048319 + 
O(71^15) ],
[ -1502255852904654393097131153 + O(71^15), -1538922333089284807698062190 + 
O(71^15) ],
[ -1502255852904654393097131153 + O(71^15), 1538922333089284807698062190 + 
O(71^15) ],
[ 18436694878019530265972720 + O(71^15), -1011917610231037805781138956 + 
O(71^15) ],
[ -2386281032032440987806799408 + O(71^15), 1039848625388853445339749482 + 
O(71^15) ],
[ 18436694878019530265972720 + O(71^15), 1011917610231037805781138956 + O(71^15)
],
[ -2386281032032440987806799408 + O(71^15), -1039848625388853445339749482 + 
O(71^15) ],
[ -2011460813984699717382807643 + O(71^15), -2126921823036220825738840658 + 
O(71^15) ],
[ 1003854713443457896208746414 + O(71^15), -259759839873311914589995122 + 
O(71^15) ],
[ -2011460813984699717382807643 + O(71^15), 2126921823036220825738840658 + 
O(71^15) ],
[ 1003854713443457896208746414 + O(71^15), 259759839873311914589995122 + 
O(71^15) ],
[ -1440841755919519507517292022 + O(71^15), -1543230594319300546068575021 + 
O(71^15) ],
[ -2682417445278985689988026088 + O(71^15), -179096570998173155246801229 + 
O(71^15) ],
[ -1440841755919519507517292022 + O(71^15), 1543230594319300546068575021 + 
O(71^15) ],
[ -2682417445278985689988026088 + O(71^15), 179096570998173155246801229 + 
O(71^15) ],
[ -606587732833893217220550139 + O(71^15), 1876583878816704231599327360 + 
O(71^15) ],
[ -1069229668861725199079062852 + O(71^15), -408576722881884824260883961 + 
O(71^15) ],
[ -606587732833893217220550139 + O(71^15), -1876583878816704231599327360 + 
O(71^15) ],
[ -1069229668861725199079062852 + O(71^15), 408576722881884824260883961 + 
O(71^15) ],
[ 2902719482878579795345806503 + O(71^15), -190568676828262843711373017357 + 
O(71^16) ],
[ -2674817381134849422682024865 + O(71^15), -48451481538332376914068452372 + 
O(71^16) ],
[ 2902719482878579795345806503 + O(71^15), 190568676828262843711373017357 + 
O(71^16) ],
[ -2674817381134849422682024865 + O(71^15), 48451481538332376914068452372 + 
O(71^16) ],
[ -1337149842027236908129662651 + O(71^15), -79171111311659346298361241 + 
O(71^15) ],
[ 720907511555460899890834788 + O(71^15), 444931283868331464589497000 + O(71^15)
],
[ -1337149842027236908129662651 + O(71^15), 79171111311659346298361241 + 
O(71^15) ],
[ 720907511555460899890834788 + O(71^15), -444931283868331464589497000 + 
O(71^15) ],
[ -41997467599917224354042303 + O(71^15), 2041630419219675732474082242 + 
O(71^15) ],
[ 1 + O(71^15), -1 + O(71^15) ],
[ -41997467599917224354042303 + O(71^15), -2041630419219675732474082242 + 
O(71^15) ],
[ 1 + O(71^15), 1 + O(71^15) ]
] 

There are 86 fake rational points: [*
[ 16538164739842562439817265*71 + O(71^15), -1464989966767087183903657476 + 
O(71^15) ],
[ 16538164739842562439817265*71 + O(71^15), 1464989966767087183903657476 + 
O(71^15) ],
[ 1324879265548054065164197676 + O(71^15), -1006060892701203096642388060 + 
O(71^15) ],
[ -2807863423810408534553388279 + O(71^15), -1327473398364591105229816967 + 
O(71^15) ],
[ 1324879265548054065164197676 + O(71^15), 1006060892701203096642388060 + 
O(71^15) ],
[ -2807863423810408534553388279 + O(71^15), 1327473398364591105229816967 + 
O(71^15) ],
[ -1958324705226553920648510628 + O(71^15), 1967474844277583226882041625 + 
O(71^15) ],
[ 263859623757873007625268755 + O(71^15), 772764110465513057615836045 + O(71^15)
],
[ -1958324705226553920648510628 + O(71^15), -1967474844277583226882041625 + 
O(71^15) ],
[ 263859623757873007625268755 + O(71^15), -772764110465513057615836045 + 
O(71^15) ],
[ -2257456702663559966477687882 + O(71^15), -707261193277163426998260728 + 
O(71^15) ],
[ 1680195666994260693206022181 + O(71^15), 2468434580233012169568198456 + 
O(71^15) ],
[ -2257456702663559966477687882 + O(71^15), 707261193277163426998260728 + 
O(71^15) ],
[ 1680195666994260693206022181 + O(71^15), -2468434580233012169568198456 + 
O(71^15) ],
[ 2052426186487435617538719252 + O(71^15), 1670489223426190251239668675 + 
O(71^15) ],
[ 1143671499994285812794474009 + O(71^15), 567306433664871312685043774 + 
O(71^15) ],
[ 2052426186487435617538719252 + O(71^15), -1670489223426190251239668675 + 
O(71^15) ],
[ 1143671499994285812794474009 + O(71^15), -567306433664871312685043774 + 
O(71^15) ],
[ 1362774225531639268090771267 + O(71^15), 1346197011578567631565537974 + 
O(71^15) ],
[ -941122124194256335237787881 + O(71^15), -1589482521216200570332421366 + 
O(71^15) ],
[ 1362774225531639268090771267 + O(71^15), -1346197011578567631565537974 + 
O(71^15) ],
[ -941122124194256335237787881 + O(71^15), 1589482521216200570332421366 + 
O(71^15) ],
[ -782412437971918376747176134 + O(71^15), -1136038150097232820458757578 + 
O(71^15) ],
[ 497183475967596458861414015 + O(71^15), -2834900489870686072476201389 + 
O(71^15) ],
[ -782412437971918376747176134 + O(71^15), 1136038150097232820458757578 + 
O(71^15) ],
[ 497183475967596458861414015 + O(71^15), 2834900489870686072476201389 + 
O(71^15) ],
[ 1518905103947454890621455755 + O(71^15), 2262668393929512357286720688 + 
O(71^15) ],
[ -1565651130150320738510668102 + O(71^15), 2106548790372847351209865348 + 
O(71^15) ],
[ 1518905103947454890621455755 + O(71^15), -2262668393929512357286720688 + 
O(71^15) ],
[ -1565651130150320738510668102 + O(71^15), -2106548790372847351209865348 + 
O(71^15) ],
[ 702460081894132901123532629 + O(71^15), 1429687948248844801292737334 + 
O(71^15) ],
[ -73017651759791381164654682 + O(71^15), -2524327148174292880583650731 + 
O(71^15) ],
[ 702460081894132901123532629 + O(71^15), -1429687948248844801292737334 + 
O(71^15) ],
[ -73017651759791381164654682 + O(71^15), 2524327148174292880583650731 + 
O(71^15) ],
[ 2770749708086762172156965792 + O(71^15), 2500442931440624644552858722 + 
O(71^15) ],
[ 1995778540485105578689825431 + O(71^15), 1648687000124463316192340746 + 
O(71^15) ],
[ 2770749708086762172156965792 + O(71^15), -2500442931440624644552858722 + 
O(71^15) ],
[ 1995778540485105578689825431 + O(71^15), -1648687000124463316192340746 + 
O(71^15) ],
[ -990824270244465221905148850 + O(71^15), 2780251517834757940594043214 + 
O(71^15) ],
[ 278853232456512083210777193 + O(71^15), -2218952782568412947362773723 + 
O(71^15) ],
[ -990824270244465221905148850 + O(71^15), -2780251517834757940594043214 + 
O(71^15) ],
[ 278853232456512083210777193 + O(71^15), 2218952782568412947362773723 + 
O(71^15) ],
[ 2214488986696136109293509863 + O(71^15), -1886526250786522050284180536 + 
O(71^15) ],
[ 2214488986696136109293509863 + O(71^15), 1886526250786522050284180536 + 
O(71^15) ],
[ 1177687162381847763006104333 + O(71^15), 251945229453748859803746966 + 
O(71^15) ],
[ 1862356713881647534669138316 + O(71^15), -8059831434921945713227001 + O(71^15)
],
[ 1177687162381847763006104333 + O(71^15), -251945229453748859803746966 + 
O(71^15) ],
[ 1862356713881647534669138316 + O(71^15), 8059831434921945713227001 + O(71^15) 
],
[ -904708921655479067494262282 + O(71^15), -706892068928132244870018585 + 
O(71^15) ],
[ -1233224086497250422064687077 + O(71^15), -1779791105084015196761115387 + 
O(71^15) ],
[ -904708921655479067494262282 + O(71^15), 706892068928132244870018585 + 
O(71^15) ],
[ -1233224086497250422064687077 + O(71^15), 1779791105084015196761115387 + 
O(71^15) ],
[ 1871653920289238191952097289 + O(71^15), 1825202036165180976605179470 + 
O(71^15) ],
[ 1466243979538515605414520011 + O(71^15), -801248149593104904458196292 + 
O(71^15) ],
[ 1871653920289238191952097289 + O(71^15), -1825202036165180976605179470 + 
O(71^15) ],
[ 1466243979538515605414520011 + O(71^15), 801248149593104904458196292 + 
O(71^15) ],
[ 1567058178589287412950961288 + O(71^15), -760669070259518652742048319 + 
O(71^15) ],
[ 1567058178589287412950961288 + O(71^15), 760669070259518652742048319 + 
O(71^15) ],
[ -1502255852904654393097131153 + O(71^15), -1538922333089284807698062190 + 
O(71^15) ],
[ -1502255852904654393097131153 + O(71^15), 1538922333089284807698062190 + 
O(71^15) ],
[ 18436694878019530265972720 + O(71^15), -1011917610231037805781138956 + 
O(71^15) ],
[ -2386281032032440987806799408 + O(71^15), 1039848625388853445339749482 + 
O(71^15) ],
[ 18436694878019530265972720 + O(71^15), 1011917610231037805781138956 + O(71^15)
],
[ -2386281032032440987806799408 + O(71^15), -1039848625388853445339749482 + 
O(71^15) ],
[ -2011460813984699717382807643 + O(71^15), -2126921823036220825738840658 + 
O(71^15) ],
[ 1003854713443457896208746414 + O(71^15), -259759839873311914589995122 + 
O(71^15) ],
[ -2011460813984699717382807643 + O(71^15), 2126921823036220825738840658 + 
O(71^15) ],
[ 1003854713443457896208746414 + O(71^15), 259759839873311914589995122 + 
O(71^15) ],
[ -1440841755919519507517292022 + O(71^15), -1543230594319300546068575021 + 
O(71^15) ],
[ -2682417445278985689988026088 + O(71^15), -179096570998173155246801229 + 
O(71^15) ],
[ -1440841755919519507517292022 + O(71^15), 1543230594319300546068575021 + 
O(71^15) ],
[ -2682417445278985689988026088 + O(71^15), 179096570998173155246801229 + 
O(71^15) ],
[ -606587732833893217220550139 + O(71^15), 1876583878816704231599327360 + 
O(71^15) ],
[ -1069229668861725199079062852 + O(71^15), -408576722881884824260883961 + 
O(71^15) ],
[ -606587732833893217220550139 + O(71^15), -1876583878816704231599327360 + 
O(71^15) ],
[ -1069229668861725199079062852 + O(71^15), 408576722881884824260883961 + 
O(71^15) ],
[ 2902719482878579795345806503 + O(71^15), -190568676828262843711373017357 + 
O(71^16) ],
[ -2674817381134849422682024865 + O(71^15), -48451481538332376914068452372 + 
O(71^16) ],
[ 2902719482878579795345806503 + O(71^15), 190568676828262843711373017357 + 
O(71^16) ],
[ -2674817381134849422682024865 + O(71^15), 48451481538332376914068452372 + 
O(71^16) ],
[ -1337149842027236908129662651 + O(71^15), -79171111311659346298361241 + 
O(71^15) ],
[ 720907511555460899890834788 + O(71^15), 444931283868331464589497000 + O(71^15)
],
[ -1337149842027236908129662651 + O(71^15), 79171111311659346298361241 + 
O(71^15) ],
[ 720907511555460899890834788 + O(71^15), -444931283868331464589497000 + 
O(71^15) ],
[ -41997467599917224354042303 + O(71^15), 2041630419219675732474082242 + 
O(71^15) ],
[ -41997467599917224354042303 + O(71^15), -2041630419219675732474082242 + 
O(71^15) ]
*]
There are 0 bad Q_71-points.
Re-computing Coleman data with N2 = 8.
compute basis integrals
compute integrals for rational points
rational integrals [
    (3128748894866*71 + O(71^8) -2657034696992*71 + O(71^8) -245556006308359 + 
        O(71^8) -80429623736870 + O(71^8)),
    (-1842274723760*71 + O(71^8) 4156263645394*71 + O(71^8) 266397942496774 + 
        O(71^8) 249658879486289 + O(71^8)),
    (1286474171106*71 + O(71^8) 1499228948402*71 + O(71^8) 20841936188415 + 
        O(71^8) 169229255749419 + O(71^8)),
    (O(71^8) O(71^8) O(71^8) O(71^8)),
    (846927078861*71 + O(71^8) -4531476526381*71 + O(71^8) -55277600741657 + 
        O(71^8) -14423475200562 + O(71^8)),
    (439547092245*71 + O(71^8) -3064414683608*71 + O(71^8) 76119536930072 + 
        O(71^8) 183652730949981 + O(71^8))
]
compute integrals for fake rational points
fake integrals [
    (54387416503*71 + O(71^7) -43254365228*71 + O(71^7) 311383327547 + O(71^7) 
        84973267826 + O(71^7)),
    (-48916084607*71 + O(71^7) 5279906578*71 + O(71^7) 2340312544086 + O(71^7) 
        -3663000527836 + O(71^7)),
    (53849415117*71 + O(71^7) -47713596171*71 + O(71^7) -589104749430 + O(71^7) 
        -2303401854908 + O(71^7)),
    (-50485305996*71 + O(71^7) -55023181655*71 + O(71^7) 4394625064004 + O(71^7)
        4141871711548 + O(71^7)),
    (-48378083221*71 + O(71^7) 137170951*71^2 + O(71^7) 3240800621063 + O(71^7) 
        -1274625405102 + O(71^7)),
    (55956637892*71 + O(71^7) 17048723005*71 + O(71^7) -1742929192371 + O(71^7) 
        1375221186833 + O(71^7)),
    (37880896763*71 + O(71^7) -48321525541*71 + O(71^7) -1264231402856 + O(71^7)
        3667634809247 + O(71^7)),
    (-58712188619*71 + O(71^7) 34100214641*71 + O(71^7) -3312048263075 + O(71^7)
        -3220636272655 + O(71^7)),
    (-32409564867*71 + O(71^7) 10347066891*71 + O(71^7) 3915927274489 + O(71^7) 
        1849458089134 + O(71^7)),
    (-63916763406*71 + O(71^7) 56025610630*71 + O(71^7) -3131376023683 + O(71^7)
        -357390987355 + O(71^7)),
    (-56663053971*71 + O(71^7) -50215215311*71 + O(71^7) -171008724331 + O(71^7)
        554467923949 + O(71^7)),
    (-23614185841*71 + O(71^7) -2920552644*71 + O(71^7) -1281804500858 + O(71^7)
        -3253387299319 + O(71^7)),
    (62134385867*71 + O(71^7) 12240756661*71 + O(71^7) 2822704595964 + O(71^7) 
        -4132495183959 + O(71^7)),
    (29085517737*71 + O(71^7) -493716986*71^2 + O(71^7) 3933500372491 + O(71^7) 
        -324639960691 + O(71^7)),
    (-59313231331*71 + O(71^7) -14297339819*71 + O(71^7) -2234245362926 + 
        O(71^7) -3505379010093 + O(71^7)),
    (26785179797*71 + O(71^7) 46931250765*71 + O(71^7) 3881396469734 + O(71^7) 
        2192239871154 + O(71^7)),
    (-891770714*71^2 + O(71^7) -23677118831*71 + O(71^7) -4209178923832 + 
        O(71^7) -72648249917 + O(71^7)),
    (-21313847901*71 + O(71^7) 43194574506*71 + O(71^7) -1229700598101 + O(71^7)
        3324853027227 + O(71^7)),
    (39981455116*71 + O(71^7) -53481260315*71 + O(71^7) 2734765058699 + O(71^7) 
        -2941637277799 + O(71^7)),
    (5412193237*71 + O(71^7) -60523059488*71 + O(71^7) -2834859620579 + O(71^7) 
        -2817594836075 + O(71^7)),
    (-34510123220*71 + O(71^7) 15506801665*71 + O(71^7) -83069187066 + O(71^7) 
        -636389982211 + O(71^7)),
    (59138659*71 + O(71^7) 22548600838*71 + O(71^7) -3608564666179 + O(71^7) 
        -760432423935 + O(71^7)),
    (53945747980*71 + O(71^7) 38091274655*71 + O(71^7) 2974864582216 + O(71^7) 
        1549385122358 + O(71^7)),
    (62956819254*71 + O(71^7) -8032823264*71 + O(71^7) 2923912293020 + O(71^7) 
        -2199388004852 + O(71^7)),
    (-48474416084*71 + O(71^7) 52034550616*71 + O(71^7) -323168710583 + O(71^7) 
        55883208113*71 + O(71^7)),
    (-57485487358*71 + O(71^7) -29941635386*71 + O(71^7) -272216421387 + O(71^7)
        -19417454298*71 + O(71^7)),
    (-50872592856*71 + O(71^7) -40759381451*71 + O(71^7) 2891253387211 + O(71^7)
        -2078119058039 + O(71^7)),
    (54528127644*71 + O(71^7) 45054427143*71 + O(71^7) 992724647314 + O(71^7) 
        2716355891025 + O(71^7)),
    (56343924752*71 + O(71^7) 2784922801*71 + O(71^7) -239557515578 + O(71^7) 
        -1499908201971 + O(71^7)),
    (-49056795748*71 + O(71^7) 45071398128*71 + O(71^7) 1658971224319 + O(71^7) 
        2800737007356 + O(71^7)),
    (-10952691942*71 + O(71^7) 17152773882*71 + O(71^7) -1825073163633 + O(71^7)
        -583215357606 + O(71^7)),
    (-48112930654*71 + O(71^7) -22302854038*71 + O(71^7) 2453106100237 + O(71^7)
        -693495871460 + O(71^7)),
    (16424023838*71 + O(71^7) -55127232532*71 + O(71^7) 4476769035266 + O(71^7) 
        -2994811902404 + O(71^7)),
    (53584262550*71 + O(71^7) -15671604612*71 + O(71^7) 198589771396 + O(71^7) 
        -2884531388550 + O(71^7)),
    (48756794986*71 + O(71^7) 57748681561*71 + O(71^7) 329047967145 + O(71^7) 
        -3535068626681 + O(71^7)),
    (-7020799189*71 + O(71^7) -31766985625*71 + O(71^7) 416911465405 + O(71^7) 
        -3083650634917 + O(71^7)),
    (-43285463090*71 + O(71^7) 32377143710*71 + O(71^7) 2322647904488 + O(71^7) 
        -42958633329 + O(71^7)),
    (12492131085*71 + O(71^7) -6207473025*71 + O(71^7) 2234784406228 + O(71^7) 
        -494376625093 + O(71^7)),
    (26961528584*71 + O(71^7) -24056373944*71 + O(71^7) 3423549098005 + O(71^7) 
        -1291594913626 + O(71^7)),
    (12300271331*71 + O(71^7) -60255428171*71 + O(71^7) 348728459478 + O(71^7) 
        -3293948585458 + O(71^7)),
    (-21490196688*71 + O(71^7) -13918084706*71 + O(71^7) -771853226372 + O(71^7)
        -2286432346384 + O(71^7)),
    (-6828939435*71 + O(71^7) 22280969521*71 + O(71^7) 2302967412155 + O(71^7) 
        -284078674552 + O(71^7)),
    (-26159687897*71 + O(71^7) 9384043475*71 + O(71^7) -61955189261*71 + O(71^7)
        -4281483364*71 + O(71^7)),
    (31631019793*71 + O(71^7) -47358502125*71 + O(71^7) -2044605849227 + O(71^7)
        -3274041941166 + O(71^7)),
    (-62911018639*71 + O(71^7) -22321409031*71 + O(71^7) -415129908066 + O(71^7)
        -4523472852203 + O(71^7)),
    (-24813717560*71 + O(71^7) -59215937824*71 + O(71^7) 2969757057589 + O(71^7)
        -3739329676878 + O(71^7)),
    (-59717933386*71 + O(71^7) -15653049619*71 + O(71^7) 3066825779699 + O(71^7)
        945445592193 + O(71^7)),
    (30285049456*71 + O(71^7) 21241479174*71 + O(71^7) -318061185956 + O(71^7) 
        161302416868 + O(71^7)),
    (62928143459*71 + O(71^7) 57334595835*71 + O(71^7) -3676272975*71 + O(71^7) 
        -3890470525904 + O(71^7)),
    (-12287306925*71 + O(71^7) 43954381687*71 + O(71^7) 14324670736*71 + O(71^7)
        -4498065889187 + O(71^7)),
    (-57456811563*71 + O(71^7) 32791229436*71 + O(71^7) 2912711252858 + O(71^7) 
        312443265894 + O(71^7)),
    (17758638821*71 + O(71^7) 46171443584*71 + O(71^7) 1634644249377 + O(71^7) 
        920038629177 + O(71^7)),
    (-18470458518*71 + O(71^7) 21985209209*71 + O(71^7) -2628026527794 + O(71^7)
        1863835929781 + O(71^7)),
    (21149297451*71 + O(71^7) 50361967003*71 + O(71^7) -1415732926195 + O(71^7) 
        937773337965 + O(71^7)),
    (23941790414*71 + O(71^7) -59959667859*71 + O(71^7) -3815397758964 + O(71^7)
        3653256968600 + O(71^7)),
    (-15677965555*71 + O(71^7) 39763858268*71 + O(71^7) 4067428797828 + O(71^7) 
        -4515800597975 + O(71^7)),
    (-50329824328*71 + O(71^7) -38958210098*71 + O(71^7) 3864579018272 + O(71^7)
        -2987586635437 + O(71^7)),
    (55801156224*71 + O(71^7) 983751448*71 + O(71^7) -1212883146639 + O(71^7) 
        -590440624573 + O(71^7)),
    (61654906352*71 + O(71^7) -26929577562*71 + O(71^7) 1702316365398 + O(71^7) 
        -4229515534171 + O(71^7)),
    (-56183574456*71 + O(71^7) -11044881088*71 + O(71^7) 949379506235 + O(71^7) 
        651488274161 + O(71^7)),
    (34631540387*71 + O(71^7) 681133203*71 + O(71^7) 4158082446840 + O(71^7) 
        -3026021006932 + O(71^7)),
    (-7548229444*71 + O(71^7) -23304557245*71 + O(71^7) 3851371003902 + O(71^7) 
        -729650199848 + O(71^7)),
    (-29160208491*71 + O(71^7) -38655591853*71 + O(71^7) -1506386575207 + 
        O(71^7) -552006253078 + O(71^7)),
    (13019561340*71 + O(71^7) -14669901405*71 + O(71^7) -1199675132269 + O(71^7)
        -2848377060162 + O(71^7)),
    (-10564249215*71 + O(71^7) -30075938648*71 + O(71^7) 3718693464383 + O(71^7)
        -299581652271 + O(71^7)),
    (-35428605954*71 + O(71^7) -42978775199*71 + O(71^7) 3768548511840 + O(71^7)
        184019528911 + O(71^7)),
    (16035581111*71 + O(71^7) -7898520002*71 + O(71^7) -1066997592750 + O(71^7) 
        -3278445607739 + O(71^7)),
    (40899937850*71 + O(71^7) 5004316549*71 + O(71^7) -1116852640207 + O(71^7) 
        -3762046788921 + O(71^7)),
    (-14993727345*71 + O(71^7) -8415607621*71 + O(71^7) -22746098630*71 + 
        O(71^7) 1733337881128 + O(71^7)),
    (-38344678879*71 + O(71^7) -18512764708*71 + O(71^7) -9172249187*71 + 
        O(71^7) -3964557982621 + O(71^7)),
    (288240271*71^2 + O(71^7) -29558851029*71 + O(71^7) 4266668874363 + O(71^7) 
        3783755017253 + O(71^7)),
    (43816010775*71 + O(71^7) -19461693942*71 + O(71^7) 3302925563910 + O(71^7) 
        386530722611 + O(71^7)),
    (-881484431*71 + O(71^6) 418355028*71 + O(71^6) -36240811096 + O(71^6) 
        -43612958268 + O(71^6)),
    (-46252278544*71 + O(71^7) 2359941202*71 + O(71^7) -165352595807 + O(71^7) 
        3764783822044 + O(71^7)),
    (-864101077*71 + O(71^6) -503997307*71 + O(71^6) -2169279612 + O(71^6) 
        52393648046 + O(71^6)),
    (51723610440*71 + O(71^7) -40334399852*71 + O(71^7) 2817048467440 + O(71^7) 
        1752309076337 + O(71^7)),
    (45527347030*71 + O(71^7) 14870073247*71 + O(71^7) -3298847037051 + O(71^7) 
        3350874783624 + O(71^7)),
    (35843212911*71 + O(71^7) 17302226668*71 + O(71^7) -1531680036152 + O(71^7) 
        2821023821385 + O(71^7)),
    (-40056015134*71 + O(71^7) -52844531897*71 + O(71^7) -3144577249707 + 
        O(71^7) 2166218114757 + O(71^7)),
    (-30371881015*71 + O(71^7) -55276685318*71 + O(71^7) 4183375907785 + O(71^7)
        2696069076996 + O(71^7)),
    (-24692343136*71 + O(71^7) -36054241823*71 + O(71^7) 4016521246591 + O(71^7)
        -2258760482123 + O(71^7)),
    (14724307838*71 + O(71^7) -34186587203*71 + O(71^7) -3411257444999 + O(71^7)
        -1283036200487 + O(71^7)),
    (30163675032*71 + O(71^7) -1920216827*71 + O(71^7) -1364825374958 + O(71^7) 
        -1319266777887 + O(71^7)),
    (-9252975942*71 + O(71^7) -3787871447*71 + O(71^7) -3032166841759 + O(71^7) 
        -2294991059523 + O(71^7)),
    (6654536634*71 + O(71^7) -30930646350*71 + O(71^7) -1219585667770 + O(71^7) 
        -1437716750078 + O(71^7)),
    (-1183204738*71 + O(71^7) -7043812300*71 + O(71^7) 3871281539403 + O(71^7) 
        -2140310509932 + O(71^7))
]

Use the Mordell-Weil sieve to show that the additional [ 18, 80, 86 ] solutions 
aren't rational.
generating cosets ...
number of cosets: 123840
adding information modulo 3
number of cosets: 1114560
sieving with S = [ 19, 23, 43, 71, 73, 101, 163, 179, 191, 193, 211, 233, 241, 
263, 347, 359, 373, 379, 439, 443, 449, 509, 541, 547, 563, 587, 599, 617, 619, 
661, 967, 1033, 1181, 1193, 1283, 1511, 1553, 1579, 1697, 1877, 1997, 2063, 
2081, 2213, 2239, 2251, 2381, 2441, 2473, 2659, 2749, 2753, 2837, 3373, 3539, 
3547, 3623, 3631, 3919, 3943, 4127, 4783, 4931, 5843, 6287, 7489, 7639, 7853, 
9479, 12437, 12611, 13523, 14081, 14657, 14731, 15083, 15161, 15289, 16193, 
16649, 16903, 16921, 16963, 17209, 17807, 17929, 18457, 18539, 19157, 19463 ]
gcd(#J(F_ell), #J(F_q)) (ell in S, q | MM') = 1
with [#J(F_v) : v in S] = [
[ <3, 2, 55>, <5, 1, 99>, <11, 1, 45> ],
[ <3, 6, 1> ],
[ <29, 1, 71>, <71, 1, 29> ],
[ <3, 2, 605>, <5, 1, 1089>, <11, 2, 45> ],
[ <3, 2, 461>, <461, 1, 9> ],
[ <3, 2, 1189>, <29, 1, 369>, <41, 1, 261> ],
[ <3, 2, 3049>, <3049, 1, 9> ],
[ <11, 1, 2911>, <41, 1, 781>, <71, 1, 451> ],
[ <2, 2, 8649>, <3, 2, 3844>, <31, 2, 36> ],
[ <71, 1, 461>, <461, 1, 71> ],
[ <3, 2, 4939>, <11, 1, 4041>, <449, 1, 99> ],
[ <3, 2, 5995>, <5, 1, 10791>, <11, 1, 4905>, <109, 1, 495> ],
[ <3, 2, 7481>, <7481, 1, 9> ],
[ <3, 2, 7051>, <11, 1, 5769>, <641, 1, 99> ],
[ <3, 2, 13279>, <7, 2, 2439>, <271, 1, 441> ],
[ <71, 1, 1609>, <1609, 1, 71> ],
[ <3, 2, 16895>, <5, 1, 30411>, <31, 1, 4905>, <109, 1, 1395> ],
[ <3, 2, 17669>, <17669, 1, 9> ],
[ <5, 1, 42761>, <61, 1, 3505>, <701, 1, 305> ],
[ <3, 2, 24649>, <157, 2, 9> ],
[ <3, 2, 20581>, <11, 1, 16839>, <1871, 1, 99> ],
[ <3, 4, 2969>, <2969, 1, 81> ],
[ <3, 2, 34591>, <34591, 1, 9> ],
[ <2, 4, 17811>, <3, 2, 31664>, <1979, 1, 144> ],
[ <2, 2, 84681>, <3, 2, 37636>, <97, 2, 36> ],
[ <3, 2, 34949>, <34949, 1, 9> ],
[ <3, 2, 42005>, <5, 1, 75609>, <31, 1, 12195>, <271, 1, 1395> ],
[ <2, 2, 104005>, <5, 1, 83204>, <11, 1, 37820>, <31, 1, 13420>, <61, 1, 6820> 
],
[ <3, 2, 44299>, <31, 1, 12861>, <1429, 1, 279> ],
[ <3, 2, 51301>, <29, 2, 549>, <61, 1, 7569> ],
[ <2, 4, 65025>, <3, 2, 115600>, <5, 2, 41616>, <17, 2, 3600> ],
[ <3, 4, 14161>, <7, 2, 23409>, <17, 2, 3969> ],
[ <5, 1, 283219>, <71, 1, 19945>, <3989, 1, 355> ],
[ <5, 1, 283219>, <71, 1, 19945>, <3989, 1, 355> ],
[ <71, 1, 24359>, <24359, 1, 71> ],
[ <5, 1, 481961>, <61, 1, 39505>, <7901, 1, 305> ],
[ <5, 1, 467819>, <11, 1, 212645>, <71, 1, 32945>, <599, 1, 3905> ],
[ <61, 1, 42571>, <42571, 1, 61> ],
[ <41, 1, 65959>, <71, 1, 38089>, <929, 1, 2911> ],
[ <5, 1, 720011>, <71, 1, 50705>, <10141, 1, 355> ],
[ <3, 4, 47519>, <19, 1, 202581>, <41, 1, 93879>, <61, 1, 63099> ],
[ <61, 1, 71639>, <71, 1, 61549>, <1009, 1, 4331> ],
[ <71, 1, 60701>, <101, 1, 42671>, <601, 1, 7171> ],
[ <2, 2, 1147041>, <3, 4, 56644>, <7, 2, 93636>, <17, 2, 15876> ],
[ <2, 2, 1277929>, <41, 1, 124676>, <71, 1, 71996>, <439, 1, 11644> ],
[ <2, 2, 1279841>, <61, 1, 83924>, <20981, 1, 244> ],
[ <2, 2, 1443321>, <3, 2, 641476>, <11, 1, 524844>, <61, 1, 94644>, <239, 1, 
24156> ],
[ <3, 2, 655259>, <11, 1, 536121>, <71, 1, 83061>, <839, 1, 7029> ],
[ <2, 6, 97625>, <5, 3, 49984>, <11, 1, 568000>, <71, 1, 88000> ],
[ <17, 2, 22801>, <151, 2, 289> ],
[ <3, 4, 95171>, <19, 1, 405729>, <5009, 1, 1539> ],
[ <2, 2, 1920951>, <3, 2, 853756>, <61, 1, 125964>, <3499, 1, 2196> ],
[ <2, 6, 127429>, <61, 1, 133696>, <2089, 1, 3904> ],
[ <2, 2, 2854129>, <61, 1, 187156>, <71, 1, 160796>, <659, 1, 17324> ],
[ <3, 2, 1356029>, <71, 2, 2421>, <269, 1, 45369> ],
[ <2, 4, 806359>, <61, 1, 211504>, <13219, 1, 976> ],
[ <5, 1, 2523979>, <19, 1, 664205>, <71, 1, 177745>, <1871, 1, 6745> ],
[ <61, 1, 211951>, <181, 1, 71431>, <1171, 1, 11041> ],
[ <71, 1, 214031>, <214031, 1, 71> ],
[ <2, 4, 970205>, <5, 1, 3104656>, <61, 1, 254480>, <3181, 1, 4880> ],
[ <41, 1, 400831>, <61, 1, 269411>, <6571, 1, 2501> ],
[ <2, 6, 354025>, <5, 2, 906304>, <7, 2, 462400>, <17, 2, 78400> ],
[ <3, 2, 2772145>, <5, 1, 4989861>, <61, 2, 6705>, <149, 1, 167445> ],
[ <3, 2, 3705445>, <5, 1, 6669801>, <61, 1, 546705>, <12149, 1, 2745> ],
[ <2, 4, 2472395>, <5, 1, 7911664>, <17, 2, 136880>, <29, 1, 1364080>, <59, 1, 
670480> ],
[ <3, 2, 6302599>, <29, 1, 1955979>, <71, 1, 798921>, <3061, 1, 18531> ],
[ <2, 12, 14161>, <7, 2, 1183744>, <17, 2, 200704> ],
[ <3, 2, 6913909>, <71, 1, 876411>, <97379, 1, 639> ],
[ <2, 2, 22896045>, <3, 2, 10176020>, <5, 1, 18316836>, <19, 1, 4820220>, <61, 
1, 1501380>, <439, 1, 208620> ],
[ <2, 2, 38358081>, <3, 2, 17048036>, <61, 1, 2515284>, <109, 1, 1407636>, <641,
1, 239364> ],
[ <3, 2, 17742155>, <5, 1, 31935879>, <61, 1, 2617695>, <58171, 1, 2745> ],
[ <3, 2, 20770805>, <5, 1, 37387449>, <11, 1, 16994295>, <41, 1, 4559445>, <61, 
1, 3064545>, <151, 1, 1237995> ],
[ <2, 2, 50168169>, <3, 2, 22296964>, <61, 1, 3289716>, <91381, 1, 2196> ],
[ <3, 2, 23975351>, <71, 1, 3039129>, <337681, 1, 639> ],
[ <5, 2, 8473921>, <41, 2, 126025>, <71, 2, 42025> ],
[ <2, 2, 57494025>, <3, 2, 25552900>, <5, 2, 9199044>, <59, 1, 3897900>, <61, 1,
3770100>, <71, 1, 3239100> ],
[ <3, 2, 25304569>, <59, 1, 3860019>, <61, 1, 3733461>, <79, 1, 2882799>, <89, 
1, 2558889> ],
[ <3, 4, 2894741>, <71, 1, 3302451>, <40771, 1, 5751> ],
[ <2, 2, 65926269>, <3, 2, 29300564>, <71, 1, 3714156>, <103171, 1, 2556> ],
[ <2, 2, 69024141>, <3, 2, 30677396>, <71, 1, 3888684>, <109, 1, 2532996>, <991,
1, 278604> ],
[ <3, 2, 32238239>, <11, 1, 26376741>, <17, 2, 1003959>, <10141, 1, 28611> ],
[ <3, 2, 32335921>, <17, 2, 1007001>, <41, 1, 7098129>, <2729, 1, 106641> ],
[ <2, 2, 72712305>, <3, 2, 32316580>, <5, 1, 58169844>, <61, 1, 4768020>, 
<26489, 1, 10980> ],
[ <29, 1, 10268801>, <61, 1, 4881889>, <71, 1, 4194299>, <2371, 1, 125599> ],
[ <3, 2, 35437889>, <61, 1, 5228541>, <569, 1, 560529>, <1021, 1, 312381> ],
[ <5, 2, 12927259>, <17, 2, 1118275>, <41, 1, 7882475>, <1091, 1, 296225> ],
[ <2, 2, 84683475>, <3, 4, 4181900>, <5, 2, 13549356>, <19, 1, 17828100>, <31, 
1, 10926900>, <71, 1, 4770900> ],
[ <2, 2, 86712939>, <3, 2, 38539084>, <71, 1, 4885236>, <135701, 1, 2556> ],
[ <3, 4, 4585961>, <71, 1, 5231871>, <64591, 1, 5751> ],
[ <3, 2, 42125929>, <61, 1, 6215301>, <690589, 1, 549> ]
]
and gcd_v(#J(F_v)) = []
starting Mordell Weil sieve
        1114560 cosets remaining after v=19
        1114560 cosets remaining after v=23
  388800 cosets eliminated at v = 43
        725760 cosets remaining after v=43
  80640 cosets eliminated at v = 71
        645120 cosets remaining after v=71
        645120 cosets remaining after v=73
        645120 cosets remaining after v=101
        645120 cosets remaining after v=163
  576000 cosets eliminated at v = 179
        69120 cosets remaining after v=179
        69120 cosets remaining after v=191
        69120 cosets remaining after v=193
        69120 cosets remaining after v=211
        69120 cosets remaining after v=233
        69120 cosets remaining after v=241
        69120 cosets remaining after v=263
        69120 cosets remaining after v=347
  23040 cosets eliminated at v = 359
        46080 cosets remaining after v=359
        46080 cosets remaining after v=373
  8064 cosets eliminated at v = 439
        38016 cosets remaining after v=439
        38016 cosets remaining after v=443
        38016 cosets remaining after v=449
        38016 cosets remaining after v=509
        38016 cosets remaining after v=547
        38016 cosets remaining after v=563
        38016 cosets remaining after v=599
  1152 cosets eliminated at v = 617
        36864 cosets remaining after v=617
        36864 cosets remaining after v=619
  8640 cosets eliminated at v = 661
        28224 cosets remaining after v=661
  26704 cosets eliminated at v = 967
        1520 cosets remaining after v=967
  784 cosets eliminated at v = 1033
        736 cosets remaining after v=1033
        736 cosets remaining after v=1181
        736 cosets remaining after v=1193
        736 cosets remaining after v=1511
        736 cosets remaining after v=1553
        736 cosets remaining after v=1697
  32 cosets eliminated at v = 1997
        704 cosets remaining after v=1997
  408 cosets eliminated at v = 2063
        296 cosets remaining after v=2063
        296 cosets remaining after v=2081
  148 cosets eliminated at v = 2213
        148 cosets remaining after v=2213
        148 cosets remaining after v=2239
  58 cosets eliminated at v = 2381
        90 cosets remaining after v=2381
        90 cosets remaining after v=2441
        90 cosets remaining after v=2473
        90 cosets remaining after v=2659
        90 cosets remaining after v=2749
  36 cosets eliminated at v = 2753
        54 cosets remaining after v=2753
        54 cosets remaining after v=2837
  24 cosets eliminated at v = 3373
        30 cosets remaining after v=3373
        30 cosets remaining after v=3539
        30 cosets remaining after v=3623
        30 cosets remaining after v=3631
        30 cosets remaining after v=3943
        30 cosets remaining after v=4127
        30 cosets remaining after v=4783
        30 cosets remaining after v=4931
        30 cosets remaining after v=6287
        30 cosets remaining after v=7489
        30 cosets remaining after v=7639
  6 cosets eliminated at v = 9479
        24 cosets remaining after v=9479
        24 cosets remaining after v=12437
        24 cosets remaining after v=13523
        24 cosets remaining after v=14731
  22 cosets eliminated at v = 15083
        2 cosets remaining after v=15083
        2 cosets remaining after v=15161
        2 cosets remaining after v=16649
        2 cosets remaining after v=16921
        2 cosets remaining after v=17209
        2 cosets remaining after v=17807
        2 cosets remaining after v=17929
  2 cosets eliminated at v = 18457
        0 cosets remaining after v=18457
Time: 251.520
done with the MW sieve: true
No additional solutions are rational.

Total time: 545.709 seconds, Total memory usage: 405.69MB
