Loading "qc_modular.m"
Loading "coleman.m"
Loading "auxpolys.m"
Loading "coho.m"
Loading "froblift.m"
Loading "reductions.m"
Loading "singleintegrals.m"
Loading "misc.m"
Loading "applications.m"
Loading "symplectic_basis.m"
Loading "hecke_correspondence.m"
Loading "hodge.m"
Loading "frobenius.m"
Loading "heights.m"
Loading "second_patch_quartic.m"
Loading "divisor_heights.m"
Loading "qc_init_g2.m"
Loading "mws_qc.m"
Loading "howe_zhu.m"
X_0(221)^*:
Trying transformation with [ 0, 1, 1, 1 ].
Using base point [ 0, -1 ].
 Computing Hodge filtration for correspondence 1.
 eta =  (0).
 beta_fil  =  (0 0).
 gamma_fil =  (8*x   0).

 Computing Frobenius structure for correspondence 1.
 The quadratic Chabauty function for correspondence 1 is correct to precision 
29^9.
 All roots of the quadratic Chabauty function(s) are correct to precision at 
least 29^9.

 The common roots of the quadratic Chabauty function(s) in this affine patch are
 [
[ -175490421013*29 + O(29^9), 47843154462 + O(29^9) ],
[ O(29^9), -1 + O(29^9) ],
[ -175490421013*29 + O(29^9), -47843154462 + O(29^9) ],
[ O(29^9), 1 + O(29^9) ],
[ 151143292409 + O(29^9), 2412550189237 + O(29^9) ],
[ 3267285724892 + O(29^9), 597589921312 + O(29^9) ],
[ 151143292409 + O(29^9), -2412550189237 + O(29^9) ],
[ 3267285724892 + O(29^9), -597589921312 + O(29^9) ],
[ 1792425271307 + O(29^9), 2696025597099 + O(29^9) ],
[ 133691226094 + O(29^9), 4615595147671 + O(29^9) ],
[ 1792425271307 + O(29^9), -2696025597099 + O(29^9) ],
[ 133691226094 + O(29^9), -4615595147671 + O(29^9) ],
[ 5601182661318 + O(29^9), 4979448868303 + O(29^10) ],
[ 3067524310139 + O(29^9), 28546486295999 + O(29^10) ],
[ 5601182661318 + O(29^9), -4979448868303 + O(29^10) ],
[ 3067524310139 + O(29^9), -28546486295999 + O(29^10) ],
[ -3723931642920 + O(29^9), 5381923311861 + O(29^9) ],
[ 5291049014703 + O(29^9), 2647779392458 + O(29^9) ],
[ -3723931642920 + O(29^9), -5381923311861 + O(29^9) ],
[ 5291049014703 + O(29^9), -2647779392458 + O(29^9) ],
[ -6063341170378 + O(29^9), -5476911555325 + O(29^9) ],
[ 1053613764885 + O(29^9), 3527131903388 + O(29^9) ],
[ -6063341170378 + O(29^9), 5476911555325 + O(29^9) ],
[ 1053613764885 + O(29^9), -3527131903388 + O(29^9) ],
[ -2346280167461 + O(29^9), -4169558356415 + O(29^9) ],
[ 4898683518394 + O(29^9), -2956672257711 + O(29^9) ],
[ -2346280167461 + O(29^9), 4169558356415 + O(29^9) ],
[ 4898683518394 + O(29^9), 2956672257711 + O(29^9) ],
[ 1425086473574 + O(29^9), 4526329892701 + O(29^9) ],
[ 4182471940929 + O(29^9), -5076758786588 + O(29^9) ],
[ 1425086473574 + O(29^9), -4526329892701 + O(29^9) ],
[ 4182471940929 + O(29^9), 5076758786588 + O(29^9) ],
[ 7012935013750 + O(29^9), -3907299653734 + O(29^9) ],
[ -5691211896067 + O(29^9), 5547462379672 + O(29^9) ],
[ 7012935013750 + O(29^9), 3907299653734 + O(29^9) ],
[ -5691211896067 + O(29^9), -5547462379672 + O(29^9) ],
[ -6975412873284 + O(29^9), 4561640848280 + O(29^9) ],
[ -3398133325296 + O(29^9), -1570034816965 + O(29^9) ],
[ -6975412873284 + O(29^9), -4561640848280 + O(29^9) ],
[ -3398133325296 + O(29^9), 1570034816965 + O(29^9) ],
[ -4835715325289 + O(29^9), -4835715325290 + O(29^9) ],
[ -5049163393147 + O(29^9), -1678979721321 + O(29^9) ],
[ -4835715325289 + O(29^9), 4835715325290 + O(29^9) ],
[ -5049163393147 + O(29^9), 1678979721321 + O(29^9) ],
[ 4241970907927 + O(29^9), 6434163247103 + O(29^9) ],
[ 1 + O(29^9), -1 + O(29^9) ],
[ 4241970907927 + O(29^9), -6434163247103 + O(29^9) ],
[ 1 + O(29^9), 1 + O(29^9) ]
] 

There are 0 bad Q_29-points.
There are 0 bad Q-points : []
Using transformation with [ 0, 1, 1, 1 ].
Using X: Hyperelliptic Curve defined by y^2 = -3*x^6 + 20*x^5 - 30*x^4 + 18*x^3 
- 3*x^2 - 2*x + 1 over Rational Field
The Jacobian of X is absolutely simple.
There are 6 points of height <= 1000:
{@ (0 : -1 : 1), (0 : 1 : 1), (1 : -1 : 1), (1 : 1 : 1), (2 : -9 : 3), (2 : 9 : 
3) @}
Time: 9.200
Using p in [ 29 ].
Using base point [ 0, -1 ].
Use independent points [* [*
[
[ 1, 1 ]
],
[
[ 1, -1 ]
]
*], [*
[
[ 0, 1 ]
],
[
[ 1, -1 ]
]
*] *]
splitting indices: [
[ -1, -1 ],
[ -1, 0 ]
]
index in J(Q): 1
Computing Coleman data with N1 = 20.

Starting quadratic Chabauty for p = 29.
 Computing Hodge filtration for correspondence 1.
 eta =  (0).
 beta_fil  =  (0 0).
 gamma_fil =  (-8*x    0).

 Computing Frobenius structure for correspondence 1.
 The quadratic Chabauty function for correspondence 1 is correct to precision 
29^14.
 All roots of the quadratic Chabauty function(s) are correct to precision at 
least 29^14.

 The common roots of the quadratic Chabauty function(s) in this affine patch are
 [
[ 2675915435488495382*29 + O(29^14), -106300459268768028933 + O(29^14) ],
[ O(29^14), -1 + O(29^14) ],
[ 2675915435488495382*29 + O(29^14), 106300459268768028933 + O(29^14) ],
[ O(29^14), 1 + O(29^14) ],
[ 49451321039262601373 + O(29^14), 107132011336498183712 + O(29^14) ],
[ -96720633189868412615 + O(29^14), 14281168760592809899 + O(29^14) ],
[ 49451321039262601373 + O(29^14), -107132011336498183712 + O(29^14) ],
[ -96720633189868412615 + O(29^14), -14281168760592809899 + O(29^14) ],
[ -113589616541199218745 + O(29^14), 108467568492804043452 + O(29^14) ],
[ -145712095191293148946 + O(29^14), -148605366888524588991 + O(29^14) ],
[ -113589616541199218745 + O(29^14), -108467568492804043452 + O(29^14) ],
[ -145712095191293148946 + O(29^14), 148605366888524588991 + O(29^14) ],
[ 120388136767770592578 + O(29^14), 3157144848876644747678 + O(29^15) ],
[ -48812249026066017637 + O(29^14), -93946000185615088306 + O(29^15) ],
[ 120388136767770592578 + O(29^14), -3157144848876644747678 + O(29^15) ],
[ -48812249026066017637 + O(29^14), 93946000185615088306 + O(29^15) ],
[ -65322534002592986347 + O(29^14), 145531660825259828279 + O(29^14) ],
[ 123996005633251662787 + O(29^14), -111810285217612813006 + O(29^14) ],
[ -65322534002592986347 + O(29^14), -145531660825259828279 + O(29^14) ],
[ 123996005633251662787 + O(29^14), 111810285217612813006 + O(29^14) ],
[ 88272060270408209992 + O(29^14), 38490267183388220261 + O(29^14) ],
[ -14123140768273982685 + O(29^14), -79119344831835990323 + O(29^14) ],
[ 88272060270408209992 + O(29^14), -38490267183388220261 + O(29^14) ],
[ -14123140768273982685 + O(29^14), 79119344831835990323 + O(29^14) ],
[ 122463535630761558808 + O(29^14), -132840648734598937074 + O(29^14) ],
[ 90157216823413171838 + O(29^14), 52703529916317363673 + O(29^14) ],
[ 122463535630761558808 + O(29^14), 132840648734598937074 + O(29^14) ],
[ 90157216823413171838 + O(29^14), -52703529916317363673 + O(29^14) ],
[ -98033705828635518861 + O(29^14), -136046762820815664565 + O(29^14) ],
[ -29005148267301261601 + O(29^14), 116532416832362681852 + O(29^14) ],
[ -98033705828635518861 + O(29^14), 136046762820815664565 + O(29^14) ],
[ -29005148267301261601 + O(29^14), -116532416832362681852 + O(29^14) ],
[ 72280730280316188468 + O(29^14), 142104729992179159897 + O(29^14) ],
[ -16892082944075832060 + O(29^14), -108769149307008407322 + O(29^14) ],
[ 72280730280316188468 + O(29^14), -142104729992179159897 + O(29^14) ],
[ -16892082944075832060 + O(29^14), 108769149307008407322 + O(29^14) ],
[ -100690320828819900475 + O(29^14), -73271774383081817173 + O(29^14) ],
[ -90315111099664336936 + O(29^14), -62990247004447653000 + O(29^14) ],
[ -100690320828819900475 + O(29^14), 73271774383081817173 + O(29^14) ],
[ -90315111099664336936 + O(29^14), 62990247004447653000 + O(29^14) ],
[ 99186077558599821161 + O(29^14), 99186077558599821160 + O(29^14) ],
[ -46159451415314363845 + O(29^14), -109629604375571250443 + O(29^14) ],
[ 99186077558599821161 + O(29^14), -99186077558599821160 + O(29^14) ],
[ -46159451415314363845 + O(29^14), 109629604375571250443 + O(29^14) ],
[ -46320311865906474112 + O(29^14), -113864710908601646796 + O(29^14) ],
[ 1 + O(29^14), -1 + O(29^14) ],
[ -46320311865906474112 + O(29^14), 113864710908601646796 + O(29^14) ],
[ 1 + O(29^14), 1 + O(29^14) ]
] 

There are 42 fake rational points: [*
[ 2675915435488495382*29 + O(29^14), -106300459268768028933 + O(29^14) ],
[ 2675915435488495382*29 + O(29^14), 106300459268768028933 + O(29^14) ],
[ 49451321039262601373 + O(29^14), 107132011336498183712 + O(29^14) ],
[ -96720633189868412615 + O(29^14), 14281168760592809899 + O(29^14) ],
[ 49451321039262601373 + O(29^14), -107132011336498183712 + O(29^14) ],
[ -96720633189868412615 + O(29^14), -14281168760592809899 + O(29^14) ],
[ -113589616541199218745 + O(29^14), 108467568492804043452 + O(29^14) ],
[ -145712095191293148946 + O(29^14), -148605366888524588991 + O(29^14) ],
[ -113589616541199218745 + O(29^14), -108467568492804043452 + O(29^14) ],
[ -145712095191293148946 + O(29^14), 148605366888524588991 + O(29^14) ],
[ 120388136767770592578 + O(29^14), 3157144848876644747678 + O(29^15) ],
[ -48812249026066017637 + O(29^14), -93946000185615088306 + O(29^15) ],
[ 120388136767770592578 + O(29^14), -3157144848876644747678 + O(29^15) ],
[ -48812249026066017637 + O(29^14), 93946000185615088306 + O(29^15) ],
[ -65322534002592986347 + O(29^14), 145531660825259828279 + O(29^14) ],
[ 123996005633251662787 + O(29^14), -111810285217612813006 + O(29^14) ],
[ -65322534002592986347 + O(29^14), -145531660825259828279 + O(29^14) ],
[ 123996005633251662787 + O(29^14), 111810285217612813006 + O(29^14) ],
[ 88272060270408209992 + O(29^14), 38490267183388220261 + O(29^14) ],
[ -14123140768273982685 + O(29^14), -79119344831835990323 + O(29^14) ],
[ 88272060270408209992 + O(29^14), -38490267183388220261 + O(29^14) ],
[ -14123140768273982685 + O(29^14), 79119344831835990323 + O(29^14) ],
[ 122463535630761558808 + O(29^14), -132840648734598937074 + O(29^14) ],
[ 90157216823413171838 + O(29^14), 52703529916317363673 + O(29^14) ],
[ 122463535630761558808 + O(29^14), 132840648734598937074 + O(29^14) ],
[ 90157216823413171838 + O(29^14), -52703529916317363673 + O(29^14) ],
[ -98033705828635518861 + O(29^14), -136046762820815664565 + O(29^14) ],
[ -29005148267301261601 + O(29^14), 116532416832362681852 + O(29^14) ],
[ -98033705828635518861 + O(29^14), 136046762820815664565 + O(29^14) ],
[ -29005148267301261601 + O(29^14), -116532416832362681852 + O(29^14) ],
[ 72280730280316188468 + O(29^14), 142104729992179159897 + O(29^14) ],
[ -16892082944075832060 + O(29^14), -108769149307008407322 + O(29^14) ],
[ 72280730280316188468 + O(29^14), -142104729992179159897 + O(29^14) ],
[ -16892082944075832060 + O(29^14), 108769149307008407322 + O(29^14) ],
[ -100690320828819900475 + O(29^14), -73271774383081817173 + O(29^14) ],
[ -90315111099664336936 + O(29^14), -62990247004447653000 + O(29^14) ],
[ -100690320828819900475 + O(29^14), 73271774383081817173 + O(29^14) ],
[ -90315111099664336936 + O(29^14), 62990247004447653000 + O(29^14) ],
[ -46159451415314363845 + O(29^14), -109629604375571250443 + O(29^14) ],
[ -46159451415314363845 + O(29^14), 109629604375571250443 + O(29^14) ],
[ -46320311865906474112 + O(29^14), -113864710908601646796 + O(29^14) ],
[ -46320311865906474112 + O(29^14), 113864710908601646796 + O(29^14) ]
*]
There are 0 bad Q_29-points.
Re-computing Coleman data with N2 = 8.
compute basis integrals
compute integrals for rational points
rational integrals [
    (6790333362*29 + O(29^8) -580914570*29 + O(29^8) 175706896128 + O(29^8) 
        -152864389999 + O(29^8)),
    (-7371247932*29 + O(29^8) -7952162502*29 + O(29^8) -183281251415 + O(29^8) 
        -156721649918 + O(29^8)),
    (100269659*29 + O(29^7) -27817502*29 + O(29^7) -2473437207 + O(29^7) 
        2623810567 + O(29^7)),
    (-86360908*29 + O(29^7) -177733076*29 + O(29^7) -5100918080 + O(29^7) 
        -1712076922 + O(29^7)),
    (-580914570*29 + O(29^8) -8533077072*29 + O(29^8) -7574355287 + O(29^8) 
        190660373044 + O(29^8)),
    (O(29^8) O(29^8) O(29^8) O(29^8))
]
compute integrals for fake rational points
fake integrals [
    (-220164987*29 + O(29^7) 820426*29^2 + O(29^7) 334050*29^3 + O(29^7) 
        -11998*29^4 + O(29^7)),
    (234073738*29 + O(29^7) -229342932*29 + O(29^7) 1528375572 + O(29^7) 
        -7852185226 + O(29^7)),
    (-88721756*29 + O(29^7) 110574504*29 + O(29^7) -1783991119 + O(29^7) 
        8610665581 + O(29^7)),
    (291856454*29 + O(29^7) -149876050*29 + O(29^7) -3264603258 + O(29^7) 
        -4058950322 + O(29^7)),
    (3538983*29^2 + O(29^7) 278698239*29 + O(29^7) -5790364168 + O(29^7) 
        -7698931936 + O(29^7)),
    (-277947703*29 + O(29^7) -55674528*29 + O(29^7) -4309752029 + O(29^7) 
        4970683967 + O(29^7)),
    (-170364336*29 + O(29^7) -184409424*29 + O(29^7) 2662496564 + O(29^7) 
        -1308806353 + O(29^7)),
    (-45436500*29 + O(29^7) 109391526*29 + O(29^7) -1643363754 + O(29^7) 
        3355522037 + O(29^7)),
    (184273087*29 + O(29^7) -21141154*29 + O(29^7) 7013024458 + O(29^7) 
        2220539998 + O(29^7)),
    (59345251*29 + O(29^7) 279881217*29 + O(29^7) -5930991533 + O(29^7) 
        -2443788392 + O(29^7)),
    (153248038*29 + O(29^7) -23047064*29 + O(29^7) 3227949626 + O(29^7) 
        6112236344 + O(29^7)),
    (-106597653*29 + O(29^7) 158476019*29 + O(29^7) -7025460720 + O(29^7) 
        -511285385 + O(29^7)),
    (-4804803*29^2 + O(29^7) -182503514*29 + O(29^7) 6447571396 + O(29^7) 
        -5200502699 + O(29^7)),
    (120506404*29 + O(29^7) 230796724*29 + O(29^7) -548894567 + O(29^7) 
        1423019030 + O(29^7)),
    (156904309*29 + O(29^7) -120116812*29 + O(29^7) 3904109438 + O(29^7) 
        1301297872 + O(29^7)),
    (-5834683*29 + O(29^6) -5198299*29 + O(29^6) 151773715 + O(29^6) 275974307 +
        O(29^6)),
    (-142995558*29 + O(29^7) -85433766*29 + O(29^7) 5771411584 + O(29^7) 
        -389564227 + O(29^7)),
    (-767715*29 + O(29^6) 4759211*29 + O(29^6) 6574171 + O(29^6) 40936017 + 
        O(29^6)),
    (-74603598*29 + O(29^7) 100989248*29 + O(29^7) -1137437216 + O(29^7) 
        -1150885199 + O(29^7)),
    (73021353*29 + O(29^7) -198506731*29 + O(29^7) -4424699098 + O(29^7) 
        -1014830017 + O(29^7)),
    (88512349*29 + O(29^7) 288283495*29 + O(29^7) -6436918071 + O(29^7) 
        2062618844 + O(29^7)),
    (-59112602*29 + O(29^7) -7043847*29 + O(29^7) -3149656189 + O(29^7) 
        1926563662 + O(29^7)),
    (121592000*29 + O(29^7) 260174645*29 + O(29^7) -5451933414 + O(29^7) 
        7933304827 + O(29^7)),
    (279337962*29 + O(29^7) -82391882*29 + O(29^7) 7263272809 + O(29^7) 
        -341075745 + O(29^7)),
    (-107683249*29 + O(29^7) 129098098*29 + O(29^7) -2122421873 + O(29^7) 
        -7021571182 + O(29^7)),
    (-265429211*29 + O(29^7) -123158696*29 + O(29^7) 2412248213 + O(29^7) 
        1252809390 + O(29^7)),
    (-28529608*29 + O(29^7) 247544352*29 + O(29^7) 6321600876 + O(29^7) 
        -2465417375 + O(29^7)),
    (-7042886*29 + O(29^7) -242952507*29 + O(29^7) 38784052 + O(29^7) 4341340071
        + O(29^7)),
    (42438359*29 + O(29^7) 141728391*29 + O(29^7) 3353920146 + O(29^7) 
        3377151020 + O(29^7)),
    (20951637*29 + O(29^7) 37401929*29 + O(29^7) -7613139339 + O(29^7) 
        -3429606426 + O(29^7)),
    (277764566*29 + O(29^7) 4511665*29^2 + O(29^7) 627312797 + O(29^7) 
        5536554991 + O(29^7)),
    (261595059*29 + O(29^7) -165242329*29 + O(29^7) -2271862733 + O(29^7) 
        -1090786270 + O(29^7)),
    (-263855815*29 + O(29^7) 258434458*29 + O(29^7) -8201668084 + O(29^7) 
        -4624821346 + O(29^7)),
    (-247686308*29 + O(29^7) -40308249*29 + O(29^7) -5302492554 + O(29^7) 
        2002519915 + O(29^7)),
    (247139644*29 + O(29^7) 101508723*29 + O(29^7) 99420386 + O(29^7) 
        -6958696259 + O(29^7)),
    (-278646383*29 + O(29^7) -284052658*29 + O(29^7) 6010031577 + O(29^7) 
        3835215072 + O(29^7)),
    (-233230893*29 + O(29^7) 287764020*29 + O(29^7) -7673775673 + O(29^7) 
        7870429904 + O(29^7)),
    (292555134*29 + O(29^7) 78502080*29 + O(29^7) 3665489445 + O(29^7) 
        -2923481427 + O(29^7)),
    (105750387*29 + O(29^7) 87771125*29 + O(29^7) 8117609649 + O(29^7) 
        4289482851 + O(29^7)),
    (-91841636*29 + O(29^7) -293321703*29 + O(29^7) 1557911373 + O(29^7) 
        -3377749206 + O(29^7)),
    (-95933236*29 + O(29^7) 3637368*29 + O(29^7) 1275105517 + O(29^7) 
        -2985527054 + O(29^7)),
    (109841987*29 + O(29^7) -209187946*29 + O(29^7) 8400415505 + O(29^7) 
        3897260699 + O(29^7))
]

Use the Mordell-Weil sieve to show that the additional [ 42 ] solutions aren't 
rational.
generating cosets ...
number of cosets: 42
adding information modulo 1
number of cosets: 42
sieving with S = [ 3, 47, 137, 199, 337, 467, 659, 677, 719, 787, 829, 937, 
1013, 1061, 1223, 1429, 1439, 1483, 1637, 1667, 1693, 1741, 6011 ]
gcd(#J(F_ell), #J(F_q)) (ell in S, q | MM') = 1
with [#J(F_v) : v in S] = [
[ <29, 1, 1> ],
[ <2, 2, 551>, <19, 1, 116>, <29, 1, 76> ],
[ <3, 2, 2059>, <29, 1, 639>, <71, 1, 261> ],
[ <11, 3, 29>, <29, 1, 1331> ],
[ <11, 1, 10469>, <19, 2, 319>, <29, 1, 3971> ],
[ <11, 1, 20039>, <29, 1, 7601>, <691, 1, 319> ],
[ <29, 1, 15551>, <15551, 1, 29> ],
[ <29, 1, 14719>, <41, 1, 10411>, <359, 1, 1189> ],
[ <2, 2, 116261>, <19, 1, 24476>, <29, 1, 16036>, <211, 1, 2204> ],
[ <29, 1, 21569>, <21569, 1, 29> ],
[ <2, 2, 172579>, <11, 1, 62756>, <29, 1, 23804>, <541, 1, 1276> ],
[ <19, 1, 49909>, <29, 1, 32699>, <1721, 1, 551> ],
[ <5, 2, 40571>, <29, 1, 34975>, <1399, 1, 725> ],
[ <29, 1, 40459>, <40459, 1, 29> ],
[ <3, 2, 168055>, <5, 1, 302499>, <19, 1, 79605>, <29, 1, 52155>, <61, 1, 24795>
],
[ <3, 2, 216659>, <29, 1, 67239>, <31, 1, 62901>, <241, 1, 8091> ],
[ <2, 6, 32219>, <11, 1, 187456>, <29, 1, 71104>, <101, 1, 20416> ],
[ <29, 1, 74561>, <74561, 1, 29> ],
[ <29, 1, 90821>, <90821, 1, 29> ],
[ <2, 10, 2755>, <5, 1, 564224>, <19, 1, 148480>, <29, 1, 97280> ],
[ <11, 1, 243281>, <29, 1, 92279>, <8389, 1, 319> ],
[ <5, 1, 596849>, <11, 1, 271295>, <29, 1, 102905>, <1871, 1, 1595> ],
[ <2, 2, 9272025>, <3, 2, 4120900>, <5, 2, 1483524>, <7, 2, 756900>, <29, 2, 
44100> ]
]
and gcd_v(#J(F_v)) = [ <29, 1> ]
starting Mordell Weil sieve
  36 cosets eliminated at v = 3
        6 cosets remaining after v=3
  6 cosets eliminated at v = 47
        0 cosets remaining after v=47
Time: 0.020
done with the MW sieve: true
No additional solutions are rational.

Total time: 79.609 seconds, Total memory usage: 129.53MB
