67 & $\infty'$ & $\text{yes}$ & $-11$ & $-2^{15}$\\
$67$ & $(-1, -7)$ & $\text{yes}$ & $-67$ & $-2^{15}~3^{3}~5^{3}~11^{3}$\\
 & $(-1, 7)$ & $\text{yes}$ & $-28$ & $3^{3}~5^{3}~17^{3}$\\
 & $(0, -3)$ & $\text{yes}$ & $-3$ & $0$\\
 & $(0, 3)$ & $\text{yes}$ & $-27$ & $-2^{15}~3^{1}~5^{3}$\\
 & $(1, -1)$ & $\text{yes}$ & $-7$ & $-3^{3}~5^{3}$\\
 & $(1, 1)$ & $\text{yes}$ & $-8$ & $2^{6}~5^{3}$\\
 & $(2, -1)$ & $\text{yes}$ & $-12$ & $2^{4}~3^{3}~5^{3}$\\
 & $(2, 1)$ & $\text{yes}$ & $-43$ & $-2^{18}~3^{3}~5^{3}$\\
\midrule

73 & $\infty'$ & $\text{yes}$ & $-12$ & $2^{4}~3^{3}~5^{3}$\\
$73$ & $(0, -1)$ & $\text{yes}$ & $-4$ & $2^{6}~3^{3}$\\
 & $(0, 1)$ & $\text{yes}$ & $-27$ & $-2^{15}~3^{1}~5^{3}$\\
 & $(1, -1)$ & $\text{yes}$ & $-8$ & $2^{6}~5^{3}$\\
 & $(1, 1)$ & $\text{yes}$ & $-19$ & $-2^{15}~3^{3}$\\
 & $(2, -3)$ & $\text{yes}$ & $-16$ & $2^{3}~3^{3}~11^{3}$\\
 & $(2, 3)$ & $\text{yes}$ & $-67$ & $-2^{15}~3^{3}~5^{3}~11^{3}$\\
 & $(\frac{3}{2}, \frac{-5}{8})$ & $\text{no}$ & $$ & $$\\
 & $(\frac{3}{2}, \frac{5}{8})$ & $\text{yes}$ & $-3$ & $0$\\
\midrule

85 & $\infty'$ & $\text{yes}$ & $-19$ & $-2^{15}~3^{3}$\\
$5{\cdot}17$ & $(0, -5)$ & $\text{yes}$ & $-60$ & $1(3(470 + 213\sqrt{5}))^3(1 +
1\sqrt{5})/2$\\
 & $(0, 5)$ & $\text{yes}$ & $-35$ & $(16(-15 + 7\sqrt{5}))^3$\\
 & $(1, -2)$ & $\text{yes}$ & $-4$ & $2^{6}~3^{3}$\\
 & $(1, 2)$ & $\text{yes}$ & $-16$ & $2^{3}~3^{3}~11^{3}$\\
 & $(2, -5)$ & $\text{yes}$ & $-15$ & $1(3(-5 + 4\sqrt{5}))^3(3 - 
1\sqrt{5})/2$\\
 & $(2, 5)$ & $\text{yes}$ & $-115$ & $(48(-785 + 351\sqrt{5}))^3$\\
 & $(\frac{3}{2}, \frac{-17}{8})$ & $\text{no}$ & $$ & $\Q(\sqrt{17}, 
\sqrt{-95})$\\
 & $(\frac{3}{2}, \frac{17}{8})$ & $\text{yes}$ & $-51$ & $(48(5 - 
1\sqrt{17}))^3(-33 + 8\sqrt{17})$\\
 & $(\frac{-4}{3}, \frac{-425}{27})$ & $\text{yes}$ & $-595$ & $\Q(\sqrt{5}, 
\sqrt{17})$\\
 & $(\frac{-4}{3}, \frac{425}{27})$ & $\text{no}$ & $$ & $\Q(\sqrt{-4295}, 
\sqrt{-14603})$\\
\midrule

93 & $\infty'$ & $\text{yes}$ & $-12$ & $2^{4}~3^{3}~5^{3}$\\
$3{\cdot}31$ & $(-1, -3)$ & $\text{yes}$ & $-75$ & $(48(69 - 31\sqrt{5}))^3(0 + 
1\sqrt{5})$\\
 & $(-1, 3)$ & $\text{yes}$ & $-123$ & $(480(-8 + 1\sqrt{41}))^3(2049 - 
320\sqrt{41})$\\
 & $(0, -3)$ & $\text{yes}$ & $-24$ & $(12(5 + 2\sqrt{2}))^3(3 + 2\sqrt{2})$\\
 & $(0, 3)$ & $\text{yes}$ & $-60$ & $1(3(470 + 213\sqrt{5}))^3(1 + 
1\sqrt{5})/2$\\
 & $(1, -1)$ & $\text{yes, yes}$ & $-3, -27$ & $0, -2^{15}~3^{1}~5^{3}$\\
 & $(1, 1)$ & $\text{yes}$ & $-11$ & $-2^{15}$\\
 & $(2, -3)$ & $\text{yes}$ & $-15$ & $1(3(5 - 4\sqrt{5}))^3(-3 + 
1\sqrt{5})/2$\\
 & $(2, 3)$ & $\text{yes}$ & $-147$ & $(240(-225 + 49\sqrt{21}))^3(14 - 
3\sqrt{21})$\\
 & $(\frac{3}{2}, \frac{-9}{8})$ & $\text{no}$ & $$ & $\Q(\sqrt{-15}, 
\sqrt{-327})$\\
 & $(\frac{3}{2}, \frac{9}{8})$ & $\text{yes}$ & $-48$ & $(15(21 + 
13\sqrt{3}))^3(5 + 3\sqrt{3})$\\
 & $(\frac{1}{4}, \frac{-143}{64})$ & $\text{no}$ & $$ & $\Q(\sqrt{-23}, 
\sqrt{-143})$\\
 & $(\frac{1}{4}, \frac{143}{64})$ & $\text{yes}$ & $-3$ & $0$\\
\midrule

103 & $\infty'$ & $\text{yes}$ & $-67$ & $-2^{15}~3^{3}~5^{3}~11^{3}$\\
$103$ & $(0, -1)$ & $\text{yes}$ & $-27$ & $-2^{15}~3^{1}~5^{3}$\\
 & $(0, 1)$ & $\text{yes}$ & $-43$ & $-2^{18}~3^{3}~5^{3}$\\
 & $(1, -1)$ & $\text{yes}$ & $-11$ & $-2^{15}$\\
 & $(1, 1)$ & $\text{yes}$ & $-12$ & $2^{4}~3^{3}~5^{3}$\\
 & $(3, -19)$ & $\text{yes}$ & $-3$ & $0$\\
 & $(3, 19)$ & $\text{no}$ & $$ & $19(48(1623826405 + 30228849\sqrt{2885}))^3$\\
\midrule

106 & $\infty'$ & $\text{yes}$ & $-7$ & $-3^{3}~5^{3}$\\
$2{\cdot}53$ & $(-1, -4)$ & $\text{yes}$ & $-148$ & $(60(2837 + 
468\sqrt{37}))^3$\\
 & $(-1, 4)$ & $\text{yes}$ & $-36$ & $(4(21 + 20\sqrt{3}))^3(7 + 4\sqrt{3})$\\
 & $(0, -1)$ & $\text{yes, yes}$ & $-16, -4$ & $2^{3}~3^{3}~11^{3}, 
2^{6}~3^{3}$\\
 & $(0, 1)$ & $\text{yes}$ & $-40$ & $(6(65 + 27\sqrt{5}))^3$\\
 & $(1, -2)$ & $\text{yes}$ & $-52$ & $(30(31 + 9\sqrt{13}))^3$\\
 & $(1, 2)$ & $\text{yes}$ & $-24$ & $(12(5 + 2\sqrt{2}))^3(3 + 2\sqrt{2})$\\
 & $(2, -5)$ & $\text{yes}$ & $-4$ & $2^{6}~3^{3}$\\
 & $(2, 5)$ & $\text{yes}$ & $-100$ & $(6(2927 + 1323\sqrt{5}))^3$\\
 & $(\frac{1}{2}, \frac{-5}{8})$ & $\text{yes, yes}$ & $-28, -7$ & 
$3^{3}~5^{3}~17^{3}, -3^{3}~5^{3}$\\
 & $(\frac{1}{2}, \frac{5}{8})$ & $\text{no}$ & $$ & $\Q(\sqrt{33}, 
\sqrt{-2167})$\\
\midrule

107 & $\infty'$ & $\text{yes}$ & $-8$ & $2^{6}~5^{3}$\\
$107$ & $(0, -1)$ & $\text{yes}$ & $-43$ & $-2^{18}~3^{3}~5^{3}$\\
 & $(0, 1)$ & $\text{yes}$ & $-7$ & $-3^{3}~5^{3}$\\
 & $(2, -1)$ & $\text{yes}$ & $-28$ & $3^{3}~5^{3}~17^{3}$\\
 & $(2, 1)$ & $\text{yes}$ & $-67$ & $-2^{15}~3^{3}~5^{3}~11^{3}$\\
\midrule

115 & $\infty'$ & $\text{yes}$ & $-115$ & $(48(-785 + 351\sqrt{5}))^3$\\
$5{\cdot}23$ & $(1, -1)$ & $\text{yes}$ & $-11$ & $-2^{15}$\\
 & $(1, 1)$ & $\text{yes}$ & $-19$ & $-2^{15}~3^{3}$\\
 & $(2, -5)$ & $\text{yes}$ & $-15$ & $1(3(-5 + 4\sqrt{5}))^3(3 - 
1\sqrt{5})/2$\\
 & $(2, 5)$ & $\text{yes}$ & $-235$ & $(528(-8875 + 3969\sqrt{5}))^3$\\
 & $(\frac{1}{2}, \frac{-5}{8})$ & $\text{yes}$ & $-40$ & $(6(65 + 
27\sqrt{5}))^3$\\
 & $(\frac{1}{2}, \frac{5}{8})$ & $\text{no}$ & $$ & $\Q(\sqrt{65}, 
\sqrt{-9087})$\\
 & $(\frac{4}{3}, \frac{-35}{27})$ & $\text{no}$ & $$ & $\Q(\sqrt{10}, 
\sqrt{-9278})$\\
 & $(\frac{4}{3}, \frac{35}{27})$ & $\text{yes}$ & $-60$ & $1(3(470 + 
213\sqrt{5}))^3(1 + 1\sqrt{5})/2$\\
\midrule

122 & $\infty'$ & $\text{yes}$ & $-36$ & $(4(21 + 20\sqrt{3}))^3(7 + 
4\sqrt{3})$\\
$2{\cdot}61$ & $(-1, -4)$ & $\text{yes}$ & $-100$ & $(6(2927 + 
1323\sqrt{5}))^3$\\
 & $(-1, 4)$ & $\text{yes}$ & $-52$ & $(30(31 + 9\sqrt{13}))^3$\\
 & $(0, -1)$ & $\text{yes, yes}$ & $-16, -4$ & $2^{3}~3^{3}~11^{3}, 
2^{6}~3^{3}$\\
 & $(0, 1)$ & $\text{yes, yes}$ & $-12, -3$ & $2^{4}~3^{3}~5^{3}, 0$\\
 & $(1, -2)$ & $\text{yes}$ & $-20$ & $(2(25 + 13\sqrt{5}))^3$\\
 & $(1, 2)$ & $\text{yes}$ & $-88$ & $(60(155 + 108\sqrt{2}))^3$\\
 & $(\frac{3}{2}, \frac{-37}{8})$ & $\text{no}$ & $$ & $\Q(\sqrt{-15}, 
\sqrt{-951})$\\
 & $(\frac{3}{2}, \frac{37}{8})$ & $\text{yes}$ & $-232$ & $(30(140989 + 
26163\sqrt{29}))^3$\\
 & $(\frac{2}{3}, \frac{-37}{27})$ & $\text{no}$ & $$ & $\Q(\sqrt{-1598}, 
\sqrt{-1739})$\\
 & $(\frac{2}{3}, \frac{37}{27})$ & $\text{yes}$ & $-4$ & $2^{6}~3^{3}$\\
\midrule

129 & $\infty'$ & $\text{yes}$ & $-75$ & $(48(69 - 31\sqrt{5}))^3(0 + 
1\sqrt{5})$\\
$3{\cdot}43$ & $(-1, -3)$ & $\text{yes}$ & $-48$ & $(15(21 + 13\sqrt{3}))^3(5 + 
3\sqrt{3})$\\
 & $(-1, 3)$ & $\text{yes}$ & $-123$ & $(480(8 - 1\sqrt{41}))^3(-2049 + 
320\sqrt{41})$\\
 & $(0, -2)$ & $\text{yes}$ & $-8$ & $2^{6}~5^{3}$\\
 & $(0, 2)$ & $\text{yes}$ & $-147$ & $(240(225 - 49\sqrt{21}))^3(-14 + 
3\sqrt{21})$\\
 & $(1, -1)$ & $\text{yes}$ & $-12$ & $2^{4}~3^{3}~5^{3}$\\
 & $(1, 1)$ & $\text{yes, yes}$ & $-3, -27$ & $0, -2^{15}~3^{1}~5^{3}$\\
 & $(\frac{1}{2}, \frac{-3}{8})$ & $\text{no}$ & $$ & $\Q(\sqrt{57}, 
\sqrt{-687})$\\
 & $(\frac{1}{2}, \frac{3}{8})$ & $\text{yes}$ & $-51$ & $(48(5 - 
1\sqrt{17}))^3(-33 + 8\sqrt{17})$\\
 & $(\frac{-7}{5}, \frac{-383}{125})$ & $\text{no}$ & $$ & $\Q(\sqrt{-1059}, 
\sqrt{-135199})$\\
 & $(\frac{-7}{5}, \frac{383}{125})$ & $\text{yes}$ & $-3$ & $0$\\
 & $(\frac{7}{12}, \frac{-383}{1728})$ & $\text{no}$ & $$ & $\Q(\sqrt{85}, 
\sqrt{-347})$\\
 & $(\frac{7}{12}, \frac{383}{1728})$ & $\text{no}$ & $$ & $\Q(\sqrt{-7}, 
\sqrt{-444783})$\\
\midrule

133 & $\infty'$ & $\text{no}$ & $$ & $\Q(\sqrt{2}, \sqrt{69})$\\
$7{\cdot}19$ & $(0, -1)$ & $\text{yes}$ & $-19$ & $-2^{15}~3^{3}$\\
new & $(0, 1)$ & $\text{yes}$ & $-27$ & $-2^{15}~3^{1}~5^{3}$\\
 & $(1, -1)$ & $\text{yes}$ & $-12$ & $2^{4}~3^{3}~5^{3}$\\
 & $(1, 1)$ & $\text{yes}$ & $-91$ & $(48(-227 + 63\sqrt{13}))^3$\\
 & $(\frac{3}{5}, \frac{-83}{125})$ & $\text{no}$ & $$ & $\Q(\sqrt{-31}, 
\sqrt{-3651})$\\
 & $(\frac{3}{5}, \frac{83}{125})$ & $\text{yes}$ & $-3$ & $0$\\
\midrule

134 & $\infty'$ & $\text{yes}$ & $-52$ & $(30(31 + 9\sqrt{13}))^3$\\
$2{\cdot}67$ & $(-1, -3)$ & $\text{yes}$ & $-232$ & $(30(140989 + 
26163\sqrt{29}))^3$\\
new & $(-1, 3)$ & $\text{yes}$ & $-7$ & $-3^{3}~5^{3}$\\
 & $(0, -1)$ & $\text{yes, yes}$ & $-12, -3$ & $2^{4}~3^{3}~5^{3}, 0$\\
 & $(0, 1)$ & $\text{yes}$ & $-20$ & $(2(25 + 13\sqrt{5}))^3$\\
 & $(1, -1)$ & $\text{yes, yes}$ & $-28, -7$ & $3^{3}~5^{3}~17^{3}, 
-3^{3}~5^{3}$\\
 & $(1, 1)$ & $\text{yes}$ & $-8$ & $2^{6}~5^{3}$\\
 & $(\frac{-1}{2}, \frac{-7}{8})$ & $\text{yes}$ & $-72$ & $(20(49 + 
12\sqrt{6}))^3(49 + 20\sqrt{6})$\\
 & $(\frac{-1}{2}, \frac{7}{8})$ & $\text{no}$ & $$ & $\Q(\sqrt{113}, 
\sqrt{-1271})$\\
\midrule

146 & $\infty'$ & $\text{yes, yes}$ & $-12, -3$ & $2^{4}~3^{3}~5^{3}, 0$\\
$2{\cdot}73$ & $(-1, -1)$ & $\text{yes}$ & $-148$ & $(60(2837 + 
468\sqrt{37}))^3$\\
new & $(-1, 1)$ & $\text{yes}$ & $-36$ & $(4(21 + 20\sqrt{3}))^3(7 + 
4\sqrt{3})$\\
 & $(0, -1)$ & $\text{yes}$ & $-24$ & $(12(5 + 2\sqrt{2}))^3(3 + 2\sqrt{2})$\\
 & $(0, 1)$ & $\text{yes, yes}$ & $-16, -4$ & $2^{3}~3^{3}~11^{3}, 
2^{6}~3^{3}$\\
 & $(1, -3)$ & $\text{yes}$ & $-72$ & $(20(49 + 12\sqrt{6}))^3(49 + 
20\sqrt{6})$\\
 & $(1, 3)$ & $\text{yes}$ & $-8$ & $2^{6}~5^{3}$\\
 & $(2, -5)$ & $\text{yes}$ & $-4$ & $2^{6}~3^{3}$\\
 & $(2, 5)$ & $\text{yes}$ & $-100$ & $(6(2927 + 1323\sqrt{5}))^3$\\
\midrule

154 & $\infty'$ & $\text{yes}$ & $-40$ & $(6(65 + 27\sqrt{5}))^3$\\
$2{\cdot}7{\cdot}11$ & $(0, -2)$ & $\text{yes}$ & $-52$ & $(30(31 + 
9\sqrt{13}))^3$\\
 & $(0, 2)$ & $\text{yes}$ & $-24$ & $(12(5 + 2\sqrt{2}))^3(3 + 2\sqrt{2})$\\
 & $(1, -4)$ & $\text{yes, yes}$ & $-28, -7$ & $3^{3}~5^{3}~17^{3}, 
-3^{3}~5^{3}$\\
 & $(1, 4)$ & $\text{yes}$ & $-7$ & $-3^{3}~5^{3}$\\
 & $(2, 0)$ & $\text{yes}$ & $-84$ & $\Q(\sqrt{3}, \sqrt{7})$\\
 & $(\frac{-3}{2}, \frac{-77}{8})$ & $\text{yes}$ & $-1540$ & $\Q(\sqrt{5}, 
\sqrt{7}, \sqrt{11})$\\
 & $(\frac{-3}{2}, \frac{77}{8})$ & $\text{no}$ & $$ & $\Q(\sqrt{185}, 
\sqrt{2849}, \sqrt{-3367})$\\
 & $(\frac{-1}{3}, \frac{-56}{27})$ & $\text{yes, yes}$ & $-28, -112$ & 
$3^{3}~5^{3}~17^{3}, (15(2168 + 819\sqrt{7}))^3$\\
 & $(\frac{-1}{3}, \frac{56}{27})$ & $\text{no}$ & $$ & $\Q(\sqrt{7}, \sqrt{55},
\sqrt{-479})$\\
 & $(4, -22)$ & $\text{yes}$ & $-132$ & $\Q(\sqrt{3}, \sqrt{11})$\\
 & $(4, 22)$ & $\text{yes}$ & $-1848$ & $\Q(\sqrt{2}, \sqrt{33}, \sqrt{77})$\\
\midrule

158 & $\infty'$ & $\text{yes}$ & $-7$ & $-3^{3}~5^{3}$\\
$2{\cdot}79$ & $(0, -1)$ & $\text{yes}$ & $-24$ & $(12(5 + 2\sqrt{2}))^3(3 + 
2\sqrt{2})$\\
 & $(0, 1)$ & $\text{yes, yes}$ & $-12, -3$ & $2^{4}~3^{3}~5^{3}, 0$\\
 & $(2, -1)$ & $\text{yes}$ & $-148$ & $(60(2837 + 468\sqrt{37}))^3$\\
 & $(2, 1)$ & $\text{yes}$ & $-232$ & $(30(140989 + 26163\sqrt{29}))^3$\\
 & $(\frac{1}{2}, \frac{-1}{8})$ & $\text{yes, yes}$ & $-28, -7$ & 
$3^{3}~5^{3}~17^{3}, -3^{3}~5^{3}$\\
 & $(\frac{1}{2}, \frac{1}{8})$ & $\text{no}$ & $$ & $\Q(\sqrt{1169}, 
\sqrt{-1247})$\\
\midrule

161 & $\infty'$ & $\text{yes}$ & $-7$ & $-3^{3}~5^{3}$\\
$7{\cdot}23$ & $(-1, -7)$ & $\text{yes}$ & $-483$ & $\Q(\sqrt{69}, 
\sqrt{161})$\\
 & $(-1, 7)$ & $\text{yes}$ & $-91$ & $(48(-227 + 63\sqrt{13}))^3$\\
 & $(1, -1)$ & $\text{yes}$ & $-19$ & $-2^{15}~3^{3}$\\
 & $(1, 1)$ & $\text{yes}$ & $-115$ & $(48(-785 + 351\sqrt{5}))^3$\\
 & $(\frac{-1}{2}, \frac{-35}{8})$ & $\text{yes}$ & $-112$ & $(15(2168 + 
819\sqrt{7}))^3$\\
 & $(\frac{-1}{2}, \frac{35}{8})$ & $\text{no}$ & $$ & $\Q(\sqrt{-7}, 
\sqrt{32009})$\\
 & $(\frac{-1}{4}, \frac{-209}{64})$ & $\text{no}$ & $$ & $\Q(\sqrt{209}, 
\sqrt{-1140391})$\\
 & $(\frac{-1}{4}, \frac{209}{64})$ & $\text{yes}$ & $-28$ & 
$3^{3}~5^{3}~17^{3}$\\
\midrule

165 & $\infty'$ & $\text{yes}$ & $-11$ & $-2^{15}$\\
$3{\cdot}5{\cdot}11$ & $(0, -3)$ & $\text{yes}$ & $-51$ & $(48(5 - 
1\sqrt{17}))^3(-33 + 8\sqrt{17})$\\
 & $(0, 3)$ & $\text{yes}$ & $-195$ & $\Q(\sqrt{5}, \sqrt{13})$\\
 & $(1, 0)$ & $\text{yes}$ & $-24$ & $(12(5 + 2\sqrt{2}))^3(3 + 2\sqrt{2})$\\
 & $(2, -5)$ & $\text{yes}$ & $-35$ & $(16(-15 + 7\sqrt{5}))^3$\\
 & $(2, 5)$ & $\text{yes}$ & $-435$ & $\Q(\sqrt{5}, \sqrt{29})$\\
 & $(\frac{-1}{2}, \frac{-15}{8})$ & $\text{yes}$ & $-120$ & $\Q(\sqrt{2}, 
\sqrt{5})$\\
 & $(\frac{-1}{2}, \frac{15}{8})$ & $\text{no}$ & $$ & $\Q(\sqrt{-159}, 
\sqrt{265}, \sqrt{18497})$\\
 & $(-3, 0)$ & $\text{yes}$ & $-1155$ & $\Q(\sqrt{5}, \sqrt{33}, \sqrt{77})$\\
 & $(\frac{2}{3}, \frac{-55}{27})$ & $\text{no}$ & $$ & $\Q(\sqrt{-11}, 
\sqrt{-47}, \sqrt{661})$\\
 & $(\frac{2}{3}, \frac{55}{27})$ & $\text{yes, yes}$ & $-11, -99$ & $-2^{15}, 
(16(77 - 15\sqrt{33}))^3(-1057 + 184\sqrt{33})$\\
 & $(\frac{5}{2}, \frac{-99}{8})$ & $\text{no}$ & $$ & $\Q(\sqrt{-7}, \sqrt{33},
\sqrt{1441})$\\
 & $(\frac{5}{2}, \frac{99}{8})$ & $\text{yes}$ & $-1320$ & $\Q(\sqrt{5}, 
\sqrt{22}, \sqrt{33})$\\
\midrule

166 & $\infty'$ & $\text{yes}$ & $-8$ & $2^{6}~5^{3}$\\
$2{\cdot}83$ & $(0, -1)$ & $\text{yes}$ & $-20$ & $(2(25 + 13\sqrt{5}))^3$\\
new & $(0, 1)$ & $\text{yes}$ & $-52$ & $(30(31 + 9\sqrt{13}))^3$\\
 & $(1, -2)$ & $\text{yes}$ & $-24$ & $(12(5 + 2\sqrt{2}))^3(3 + 2\sqrt{2})$\\
 & $(1, 2)$ & $\text{yes}$ & $-88$ & $(60(155 + 108\sqrt{2}))^3$\\
 & $(-3, -10)$ & $\text{no}$ & $$ & $\Q(\sqrt{101}, \sqrt{2462})$\\
 & $(-3, 10)$ & $\text{yes}$ & $-232$ & $(30(140989 + 26163\sqrt{29}))^3$\\
 & $(\frac{-1}{3}, \frac{-10}{27})$ & $\text{no}$ & $$ & $\Q(\sqrt{-7523}, 
\sqrt{545254})$\\
 & $(\frac{-1}{3}, \frac{10}{27})$ & $\text{yes}$ & $-72$ & $(20(49 + 
12\sqrt{6}))^3(49 + 20\sqrt{6})$\\
\midrule

167 & $\infty'$ & $\text{yes}$ & $-43$ & $-2^{18}~3^{3}~5^{3}$\\
$167$ & $(-1, -1)$ & $\text{yes}$ & $-163$ & 
$-2^{18}~3^{3}~5^{3}~23^{3}~29^{3}$\\
 & $(-1, 1)$ & $\text{yes}$ & $-67$ & $-2^{15}~3^{3}~5^{3}~11^{3}$\\
\midrule

170 & $\infty'$ & $\text{yes}$ & $-36$ & $(4(21 + 20\sqrt{3}))^3(7 + 
4\sqrt{3})$\\
$2{\cdot}5{\cdot}17$ & $(-1, -2)$ & $\text{yes}$ & $-340$ & $\Q(\sqrt{5}, 
\sqrt{17})$\\
 & $(-1, 2)$ & $\text{yes, yes}$ & $-16, -4$ & $2^{3}~3^{3}~11^{3}, 
2^{6}~3^{3}$\\
 & $(0, -1)$ & $\text{yes}$ & $-15$ & $1(3(-5 + 4\sqrt{5}))^3(3 - 
1\sqrt{5})/2$\\
 & $(0, 1)$ & $\text{yes, yes}$ & $-4, -100$ & $2^{6}~3^{3}, (6(2927 + 
1323\sqrt{5}))^3$\\
 & $(2, -5)$ & $\text{yes, yes}$ & $-60, -15$ & $1(3(470 + 213\sqrt{5}))^3(1 + 
1\sqrt{5})/2, 1(3(-5 + 4\sqrt{5}))^3(3 - 1\sqrt{5})/2$\\
 & $(2, 5)$ & $\text{yes}$ & $-280$ & $\Q(\sqrt{2}, \sqrt{5})$\\
 & $(\frac{-1}{2}, \frac{-5}{8})$ & $\text{no}$ & $$ & $\Q(\sqrt{17}, \sqrt{65},
\sqrt{-247})$\\
 & $(\frac{-1}{2}, \frac{5}{8})$ & $\text{yes}$ & $-120$ & $\Q(\sqrt{2}, 
\sqrt{5})$\\
 & $(\frac{5}{3}, \frac{-38}{27})$ & $\text{yes}$ & $-4$ & $2^{6}~3^{3}$\\
 & $(\frac{5}{3}, \frac{38}{27})$ & $\text{no}$ & $$ & $\Q(\sqrt{-5}, \sqrt{19},
\sqrt{73})$\\
\midrule

177 & $\infty'$ & $\text{yes}$ & $-11$ & $-2^{15}$\\
$3{\cdot}59$ & $(0, -1)$ & $\text{yes}$ & $-8$ & $2^{6}~5^{3}$\\
new & $(0, 1)$ & $\text{yes}$ & $-24$ & $(12(5 + 2\sqrt{2}))^3(3 + 2\sqrt{2})$\\
 & $(\frac{3}{2}, \frac{-17}{8})$ & $\text{no}$ & $$ & $\Q(\sqrt{-23}, 
\sqrt{2881})$\\
 & $(\frac{3}{2}, \frac{17}{8})$ & $\text{yes}$ & $-267$ & $(240(-625 + 
53\sqrt{89}))^3(500001 - 53000\sqrt{89})$\\
\midrule

186 & $\infty'$ & $\text{yes, yes}$ & $-12, -3$ & $2^{4}~3^{3}~5^{3}, 0$\\
$2{\cdot}3{\cdot}31$ & $(-1, -3)$ & $\text{yes}$ & $-228$ & $\Q(\sqrt{3}, 
\sqrt{19})$\\
 & $(-1, 3)$ & $\text{yes}$ & $-84$ & $\Q(\sqrt{3}, \sqrt{7})$\\
 & $(0, -1)$ & $\text{yes}$ & $-24$ & $(12(5 + 2\sqrt{2}))^3(3 + 2\sqrt{2})$\\
 & $(0, 1)$ & $\text{yes}$ & $-15$ & $1(3(-5 + 4\sqrt{5}))^3(3 - 1\sqrt{5})/2$\\
 & $(1, -3)$ & $\text{yes}$ & $-120$ & $\Q(\sqrt{2}, \sqrt{5})$\\
 & $(1, 3)$ & $\text{yes}$ & $-168$ & $\Q(\sqrt{6}, \sqrt{14})$\\
 & $(2, -9)$ & $\text{yes, yes}$ & $-60, -15$ & $1(3(470 + 213\sqrt{5}))^3(1 + 
1\sqrt{5})/2, 1(3(-5 + 4\sqrt{5}))^3(3 - 1\sqrt{5})/2$\\
 & $(2, 9)$ & $\text{yes}$ & $-708$ & $\Q(\sqrt{3}, \sqrt{59})$\\
 & $(\frac{-1}{2}, \frac{-3}{8})$ & $\text{yes, yes}$ & $-12, -48$ & 
$2^{4}~3^{3}~5^{3}, (15(21 + 13\sqrt{3}))^3(5 + 3\sqrt{3})$\\
 & $(\frac{-1}{2}, \frac{3}{8})$ & $\text{no}$ & $$ & $\Q(\sqrt{1257}, 
\sqrt{-2095}, \sqrt{24721})$\\
 & $(\frac{-4}{3}, \frac{-143}{27})$ & $\text{yes}$ & $-372$ & $\Q(\sqrt{3}, 
\sqrt{31})$\\
 & $(\frac{-4}{3}, \frac{143}{27})$ & $\text{no}$ & $$ & $\Q(\sqrt{37}, 
\sqrt{-143}, \sqrt{2077})$\\
\midrule

191 & $\infty'$ & $\text{yes}$ & $-19$ & $-2^{15}~3^{3}$\\
$191$ & $(0, -1)$ & $\text{yes}$ & $-7$ & $-3^{3}~5^{3}$\\
 & $(0, 1)$ & $\text{yes}$ & $-11$ & $-2^{15}$\\
 & $(2, -11)$ & $\text{yes}$ & $-28$ & $3^{3}~5^{3}~17^{3}$\\
 & $(2, 11)$ & $\text{no}$ & $$ & $(240(-10282337939008883426897548583657981040\
5303043722013093637793 + 227873857436040948648916164908308416342222673320635936\
3\sqrt{2036079533}))^3(20100631176650373766856698085635719259227379666007453697\
0841878110484270833219686343477681781214805366067827527823773609300235628779377\
20038080526026384169518 + 44546370585092574374562439793855131170890923102043100\
2660049485844541848877809595968420515124956599051711255721881833153547433925714\
974816629679798059445\sqrt{2036079533})$\\
\midrule

205 & $\infty'$ & $\text{yes}$ & $-115$ & $(48(-785 + 351\sqrt{5}))^3$\\
$5{\cdot}41$ & $(0, -1)$ & $\text{yes}$ & $-40$ & $(6(65 + 27\sqrt{5}))^3$\\
new & $(0, 1)$ & $\text{yes}$ & $-16$ & $2^{3}~3^{3}~11^{3}$\\
 & $(-2, -7)$ & $\text{yes}$ & $-1435$ & $\Q(\sqrt{5}, \sqrt{41})$\\
 & $(-2, 7)$ & $\text{yes}$ & $-4$ & $2^{6}~3^{3}$\\
\midrule

206 & $\infty'$ & $\text{yes}$ & $-24$ & $(12(5 + 2\sqrt{2}))^3(3 + 
2\sqrt{2})$\\
$2{\cdot}103$ & $(-1, -1)$ & $\text{yes}$ & $-88$ & $(60(155 + 
108\sqrt{2}))^3$\\
new & $(-1, 1)$ & $\text{yes, yes}$ & $-12, -3$ & $2^{4}~3^{3}~5^{3}, 0$\\
 & $(0, -1)$ & $\text{yes}$ & $-20$ & $(2(25 + 13\sqrt{5}))^3$\\
 & $(0, 1)$ & $\text{yes}$ & $-40$ & $(6(65 + 27\sqrt{5}))^3$\\
 & $(\frac{1}{2}, \frac{-19}{8})$ & $\text{no}$ & $$ & $\Q(\sqrt{193}, 
\sqrt{-27119})$\\
 & $(\frac{1}{2}, \frac{19}{8})$ & $\text{yes}$ & $-148$ & $(60(2837 + 
468\sqrt{37}))^3$\\
\midrule

209 & $\infty'$ & $\text{yes}$ & $-8$ & $2^{6}~5^{3}$\\
$11{\cdot}19$ & $(0, -2)$ & $\text{yes}$ & $-88$ & $(60(155 + 108\sqrt{2}))^3$\\
 & $(0, 2)$ & $\text{yes}$ & $-19$ & $-2^{15}~3^{3}$\\
 & $(\frac{-1}{2}, \frac{-19}{8})$ & $\text{yes}$ & $-627$ & $\Q(\sqrt{33}, 
\sqrt{209})$\\
 & $(\frac{-1}{2}, \frac{19}{8})$ & $\text{no}$ & $$ & $\Q(\sqrt{-323551}, 
\sqrt{902537})$\\
\midrule

213 & $\infty'$ & $\text{yes}$ & $-51$ & $(48(5 - 1\sqrt{17}))^3(-33 + 
8\sqrt{17})$\\
$3{\cdot}71$ & $(1, -1)$ & $\text{yes}$ & $-11$ & $-2^{15}$\\
new & $(1, 1)$ & $\text{yes}$ & $-123$ & $(480(-8 + 1\sqrt{41}))^3(2049 - 
320\sqrt{41})$\\
\midrule

215 & $\infty'$ & $\text{no}$ & $$ & $\Q(\sqrt{2}, \sqrt{47645})$\\
$5{\cdot}43$ & $(1, -1)$ & $\text{yes}$ & $-19$ & $-2^{15}~3^{3}$\\
 & $(1, 1)$ & $\text{yes}$ & $-235$ & $(528(-8875 + 3969\sqrt{5}))^3$\\
 & $(2, -10)$ & $\text{yes}$ & $-115$ & $(48(-785 + 351\sqrt{5}))^3$\\
 & $(2, 10)$ & $\text{no}$ & $$ & $\Q(\sqrt{85}, \sqrt{11623937})$\\
\midrule

221 & $\infty'$ & $\text{yes}$ & $-16$ & $2^{3}~3^{3}~11^{3}$\\
$13{\cdot}17$ & $(0, -1)$ & $\text{yes}$ & $-51$ & $(48(5 - 1\sqrt{17}))^3(-33 +
8\sqrt{17})$\\
new & $(0, 1)$ & $\text{yes}$ & $-43$ & $-2^{18}~3^{3}~5^{3}$\\
 & $(\frac{1}{2}, \frac{-9}{8})$ & $\text{yes}$ & $-4$ & $2^{6}~3^{3}$\\
 & $(\frac{1}{2}, \frac{9}{8})$ & $\text{no}$ & $$ & $\Q(\sqrt{1081}, 
\sqrt{-779263})$\\
\midrule

230 & $\infty'$ & $\text{yes}$ & $-40$ & $(6(65 + 27\sqrt{5}))^3$\\
$2{\cdot}5{\cdot}23$ & $(0, -1)$ & $\text{yes}$ & $-15$ & $1(3(-5 + 
4\sqrt{5}))^3(3 - 1\sqrt{5})/2$\\
 & $(0, 1)$ & $\text{yes}$ & $-20$ & $(2(25 + 13\sqrt{5}))^3$\\
 & $(1, -5)$ & $\text{yes}$ & $-120$ & $\Q(\sqrt{2}, \sqrt{5})$\\
 & $(1, 5)$ & $\text{yes}$ & $-520$ & $\Q(\sqrt{5}, \sqrt{13})$\\
 & $(-2, -5)$ & $\text{yes}$ & $-1380$ & $\Q(\sqrt{3}, \sqrt{5}, \sqrt{23})$\\
 & $(-2, 5)$ & $\text{yes, yes}$ & $-60, -15$ & $1(3(470 + 213\sqrt{5}))^3(1 + 
1\sqrt{5})/2, 1(3(-5 + 4\sqrt{5}))^3(3 - 1\sqrt{5})/2$\\
 & $(3, -35)$ & $\text{yes}$ & $-180$ & $\Q(\sqrt{3}, \sqrt{5})$\\
 & $(3, 35)$ & $\text{no}$ & $$ & $\Q(\sqrt{685}, \sqrt{19043}, \sqrt{19317})$\\
\midrule

255 & $\infty'$ & $\text{yes}$ & $-795$ & $\Q(\sqrt{5}, \sqrt{53})$\\
$3{\cdot}5{\cdot}17$ & $(-1, -2)$ & $\text{yes}$ & $-15$ & $1(3(-5 + 
4\sqrt{5}))^3(3 - 1\sqrt{5})/2$\\
new & $(-1, 2)$ & $\text{yes}$ & $-240$ & $\Q(\sqrt{3}, \sqrt{5})$\\
 & $(0, -1)$ & $\text{yes}$ & $-35$ & $(16(-15 + 7\sqrt{5}))^3$\\
 & $(0, 1)$ & $\text{yes}$ & $-51$ & $(48(5 - 1\sqrt{17}))^3(-33 + 
8\sqrt{17})$\\
 & $(-2, -5)$ & $\text{yes}$ & $-3315$ & $\Q(\sqrt{5}, \sqrt{13}, \sqrt{17})$\\
 & $(-2, 5)$ & $\text{yes}$ & $-120$ & $\Q(\sqrt{2}, \sqrt{5})$\\
 & $(\frac{1}{2}, \frac{-5}{8})$ & $\text{yes}$ & $-195$ & $\Q(\sqrt{5}, 
\sqrt{13})$\\
 & $(\frac{1}{2}, \frac{5}{8})$ & $\text{no}$ & $$ & $\Q(\sqrt{-15}, \sqrt{-87},
\sqrt{-3783})$\\
 & $(\frac{3}{5}, \frac{-38}{125})$ & $\text{no}$ & $$ & $\Q(\sqrt{19}, 
\sqrt{-6931}, \sqrt{1330349})$\\
 & $(\frac{3}{5}, \frac{38}{125})$ & $\text{yes}$ & $-60$ & $1(3(470 + 
213\sqrt{5}))^3(1 + 1\sqrt{5})/2$\\
\midrule

266 & $\infty'$ & $\text{yes}$ & $-52$ & $(30(31 + 9\sqrt{13}))^3$\\
$2{\cdot}7{\cdot}19$ & $(-1, -1)$ & $\text{yes, yes}$ & $-12, -3$ & 
$2^{4}~3^{3}~5^{3}, 0$\\
new & $(-1, 1)$ & $\text{yes}$ & $-84$ & $\Q(\sqrt{3}, \sqrt{7})$\\
 & $(0, -1)$ & $\text{yes}$ & $-40$ & $(6(65 + 27\sqrt{5}))^3$\\
 & $(0, 1)$ & $\text{yes}$ & $-280$ & $\Q(\sqrt{2}, \sqrt{5})$\\
 & $(\frac{-5}{2}, \frac{-83}{8})$ & $\text{yes}$ & $-532$ & $\Q(\sqrt{7}, 
\sqrt{19})$\\
 & $(\frac{-5}{2}, \frac{83}{8})$ & $\text{no}$ & $$ & $\Q(\sqrt{105}, 
\sqrt{-415}, \sqrt{1041})$\\
\midrule

285 & $\infty'$ & $\text{yes}$ & $-51$ & $(48(-5 + 1\sqrt{17}))^3(33 - 
8\sqrt{17})$\\
$3{\cdot}5{\cdot}19$ & $(-1, -4)$ & $\text{yes}$ & $-60$ & $1(3(470 + 
213\sqrt{5}))^3(1 + 1\sqrt{5})/2$\\
 & $(-1, 4)$ & $\text{yes}$ & $-15$ & $1(3(-5 + 4\sqrt{5}))^3(3 - 
1\sqrt{5})/2$\\
 & $(0, 0)$ & $\text{yes, yes}$ & $-3, -75$ & $0, (48(69 - 31\sqrt{5}))^3(0 + 
1\sqrt{5})$\\
 & $(3, -24)$ & $\text{yes}$ & $-240$ & $\Q(\sqrt{3}, \sqrt{5})$\\
 & $(3, 24)$ & $\text{no}$ & $$ & $\Q(\sqrt{3}, \sqrt{95}, \sqrt{60197})$\\
 & $(\frac{-3}{2}, \frac{-57}{8})$ & $\text{yes}$ & $-1995$ & $\Q(\sqrt{5}, 
\sqrt{21}, \sqrt{57})$\\
 & $(\frac{-3}{2}, \frac{57}{8})$ & $\text{no}$ & $$ & $\Q(\sqrt{57}, 
\sqrt{-79}, \sqrt{11985})$\\
\midrule

286 & $\infty'$ & $\text{yes}$ & $-40$ & $(6(65 + 27\sqrt{5}))^3$\\
$2{\cdot}11{\cdot}13$ & $(-1, -4)$ & $\text{yes}$ & $-88$ & $(60(155 + 
108\sqrt{2}))^3$\\
 & $(-1, 4)$ & $\text{yes}$ & $-52$ & $(30(31 + 9\sqrt{13}))^3$\\
 & $(\frac{5}{2}, \frac{-143}{8})$ & $\text{no}$ & $$ & $\Q(\sqrt{-407}, 
\sqrt{1841}, \sqrt{-3367})$\\
 & $(\frac{5}{2}, \frac{143}{8})$ & $\text{no}$ & $$ & $\Q(\sqrt{39}, 
\sqrt{231}, \sqrt{168917})$\\
\midrule

287 & $\infty'$ & $\text{yes}$ & $-91$ & $(48(-227 + 63\sqrt{13}))^3$\\
$7{\cdot}41$ & $(-2, -9)$ & $\text{no}$ & $$ & $\Q(\sqrt{8321}, 
\sqrt{349013})$\\
new & $(-2, 9)$ & $\text{yes}$ & $-1435$ & $\Q(\sqrt{5}, \sqrt{41})$\\
\midrule

299 & $\infty'$ & $\text{yes}$ & $-91$ & $(48(-227 + 63\sqrt{13}))^3$\\
$13{\cdot}23$ & $(\frac{-1}{2}, \frac{-1}{8})$ & $\text{no}$ & $$ & 
$\Q(\sqrt{1513}, \sqrt{-3325543})$\\
new & $(\frac{-1}{2}, \frac{1}{8})$ & $\text{yes}$ & $-43$ & 
$-2^{18}~3^{3}~5^{3}$\\
\midrule

    330 & $\infty'$ & yes & $-120$ & $\Q(\sqrt{2},\sqrt{5})$\\
    $2{\cdot}3{\cdot}5{\cdot}11$ & $(-1,-4)$ & yes & $-660$ & $\Q(\sqrt{3},\sqrt{5},\sqrt{11})$\\
    new & $(-1,4)$ & yes & $-24$ & $(12(5 + 2\sqrt{2}))^3(3 + 2\sqrt{2})$\\
     & $(0,-3)$ & yes & $-84$ & $\Q(\sqrt{3},\sqrt{7})$\\
     & $(0,3)$ & yes & $-420$ & $\Q(\sqrt{3},\sqrt{5},\sqrt{7})$\\
     & $(\frac{7}{8},\frac{-3497}{512})$ & no &  & $\Q(\sqrt{-95},\sqrt{3497},\sqrt{-20895},\sqrt{-33807})$\\
     & $(\frac{7}{8},\frac{3497}{512})$ & yes & $-1320$ & $\Q(\sqrt{5},\sqrt{6},\sqrt{22})$\\
\midrule


357 & $\infty'$ & $\text{yes}$ & $-168$ & $\Q(\sqrt{6}, \sqrt{14})$\\
$3{\cdot}7{\cdot}17$ & $(2, -14)$ & $\text{yes}$ & $-35$ & $(16(-15 + 
7\sqrt{5}))^3$\\
 & $(2, 14)$ & $\text{no}$ & $$ & $\Q(\sqrt{21}, \sqrt{293}, \sqrt{89997})$\\
\midrule

390 & $\infty'$ & $\text{yes}$ & $-5460$ & $\Q(\sqrt{3}, \sqrt{5}, \sqrt{7}, 
\sqrt{13})$\\
$2{\cdot}3{\cdot}5{\cdot}13$ & $(0, -1)$ & $\text{yes}$ & $-420$ & $\Q(\sqrt{3},
\sqrt{5}, \sqrt{7})$\\
 & $(0, 1)$ & $\text{yes}$ & $-120$ & $\Q(\sqrt{2}, \sqrt{5})$\\
 & $(1, -2)$ & $\text{yes, yes}$ & $-4, -36$ & $2^{6}~3^{3}, (4(21 + 
20\sqrt{3}))^3(7 + 4\sqrt{3})$\\
 & $(1, 2)$ & $\text{yes}$ & $-660$ & $\Q(\sqrt{3}, \sqrt{5}, \sqrt{11})$\\
\midrule
